#
# There is insufficient memory for the Java Runtime Environment to continue.
# Native memory allocation (malloc) failed to allocate 494096 bytes for Chunk::new
# Possible reasons:
#   The system is out of physical RAM or swap space
#   The process is running with CompressedOops enabled, and the Java Heap may be blocking the growth of the native heap
# Possible solutions:
#   Reduce memory load on the system
#   Increase physical memory or swap space
#   Check if swap backing store is full
#   Decrease Java heap size (-Xmx/-Xms)
#   Decrease number of Java threads
#   Decrease Java thread stack sizes (-Xss)
#   Set larger code cache with -XX:ReservedCodeCacheSize=
#   JVM is running with Unscaled Compressed Oops mode in which the Java heap is
#     placed in the first 4GB address space. The Java Heap base address is the
#     maximum limit for the native heap growth. Please use -XX:HeapBaseMinAddress
#     to set the Java Heap base and to place the Java Heap above 4GB virtual address.
# This output file may be truncated or incomplete.
#
#  Out of Memory Error (src/hotspot/share/memory/arena.cpp:197), pid=12320, tid=19312
#
# JRE version: OpenJDK Runtime Environment (11.0.15) (build 11.0.15+0-b2043.56-9505619)
# Java VM: OpenJDK 64-Bit Server VM (11.0.15+0-b2043.56-9505619, mixed mode, tiered, compressed oops, g1 gc, windows-amd64)
# No core dump will be written. Minidumps are not enabled by default on client versions of Windows
#

---------------  S U M M A R Y ------------

Command Line: --add-opens=java.base/java.util=ALL-UNNAMED --add-opens=java.base/java.lang=ALL-UNNAMED --add-opens=java.base/java.lang.invoke=ALL-UNNAMED --add-opens=java.base/java.util=ALL-UNNAMED --add-opens=java.prefs/java.util.prefs=ALL-UNNAMED --add-opens=java.prefs/java.util.prefs=ALL-UNNAMED --add-opens=java.base/java.nio.charset=ALL-UNNAMED --add-opens=java.base/java.net=ALL-UNNAMED --add-opens=java.base/java.util.concurrent.atomic=ALL-UNNAMED -Xmx2048m -Dfile.encoding=UTF-8 -Duser.country=CN -Duser.language=zh -Duser.variant org.gradle.launcher.daemon.bootstrap.GradleDaemon 7.5

Host: AMD Ryzen 7 5800H with Radeon Graphics         , 16 cores, 15G,  Windows 11 , 64 bit Build 22621 (10.0.22621.1344)
Time: Sat Mar 25 16:30:58 2023  Windows 11 , 64 bit Build 22621 (10.0.22621.1344) elapsed time: 387.691572 seconds (0d 0h 6m 27s)

---------------  T H R E A D  ---------------

Current thread (0x000001be5bce5800):  JavaThread "C2 CompilerThread1" daemon [_thread_in_native, id=19312, stack(0x0000006e01400000,0x0000006e01500000)]


Current CompileTask:
C2: 387691 26885   !   4       org.gradle.cache.internal.DefaultCacheAccess::takeOwnership (50 bytes)

Stack: [0x0000006e01400000,0x0000006e01500000]
Native frames: (J=compiled Java code, j=interpreted, Vv=VM code, C=native code)
V  [jvm.dll+0x64135a]
V  [jvm.dll+0x7d39f9]
V  [jvm.dll+0x7d51b9]
V  [jvm.dll+0x7d58a3]
V  [jvm.dll+0x2691c5]
V  [jvm.dll+0xc1a5c]
V  [jvm.dll+0xc200c]
V  [jvm.dll+0x3774a7]
V  [jvm.dll+0x342495]
V  [jvm.dll+0x34186a]
V  [jvm.dll+0x2214bd]
V  [jvm.dll+0x220498]
V  [jvm.dll+0x19e851]
V  [jvm.dll+0x230479]
V  [jvm.dll+0x22e5ef]
V  [jvm.dll+0x794de1]
V  [jvm.dll+0x78dc24]
V  [jvm.dll+0x6400f6]
C  [ucrtbase.dll+0x29363]
C  [KERNEL32.DLL+0x126bd]
C  [ntdll.dll+0x5a9f8]


---------------  P R O C E S S  ---------------

Threads class SMR info:
_java_thread_list=0x000001be5d99b800, length=94, elements={
0x000001be35eb3000, 0x000001be5368f800, 0x000001be53699000, 0x000001be53703000,
0x000001be53704000, 0x000001be53706000, 0x000001be53707800, 0x000001be53714000,
0x000001be53717000, 0x000001be5387c800, 0x000001be55e55800, 0x000001be53b53800,
0x000001be56b27800, 0x000001be56e62000, 0x000001be56e62800, 0x000001be56e63800,
0x000001be56e5f800, 0x000001be56e61000, 0x000001be56e64800, 0x000001be58f04800,
0x000001be58f05800, 0x000001be58f06800, 0x000001be58f0c000, 0x000001be58f0d000,
0x000001be58f0f800, 0x000001be59efc000, 0x000001be59eff800, 0x000001be59efe000,
0x000001be59f00800, 0x000001be59f02800, 0x000001be59f04800, 0x000001be59f01000,
0x000001be59f03800, 0x000001be59efe800, 0x000001be59f09000, 0x000001be59f0a000,
0x000001be59f0b000, 0x000001be5c1d0000, 0x000001be5c1ce000, 0x000001be5c1d0800,
0x000001be5c1cb800, 0x000001be5c1cd800, 0x000001be5c1c9800, 0x000001be5c1c5000,
0x000001be567b8000, 0x000001be5e7ea800, 0x000001be5efc9000, 0x000001be59d61800,
0x000001be59d66800, 0x000001be59d63800, 0x000001be59d6a000, 0x000001be59d69000,
0x000001be59d6a800, 0x000001be59d6b800, 0x000001be59d6c800, 0x000001be59d6d000,
0x000001be59d6e000, 0x000001be59d68800, 0x000001be59d71800, 0x000001be59d6f800,
0x000001be59d72000, 0x000001be567bf800, 0x000001be567b0800, 0x000001be5e7ef800,
0x000001be5e7eb000, 0x000001be5e7e9800, 0x000001be5e7ed000, 0x000001be5e7ee800,
0x000001be5bce5800, 0x000001be5bcdf800, 0x000001be5bce0800, 0x000001be5e7f7800,
0x000001be5e7f6000, 0x000001be5e7f5000, 0x000001be5e7f6800, 0x000001be5e7f8800,
0x000001be5e7f4000, 0x000001be5e7f2800, 0x000001be5e7fe000, 0x000001be5e7fa000,
0x000001be5e7ff000, 0x000001be5e7fb800, 0x000001be5e7f9000, 0x000001be5e7ff800,
0x000001be5e800800, 0x000001be5e7fc800, 0x000001be5e7fd000, 0x000001be5e7fa800,
0x000001be5e806000, 0x000001be5e807000, 0x000001be5e801800, 0x000001be5e803000,
0x000001be5e808000, 0x000001be5e804800
}

Java Threads: ( => current thread )
  0x000001be35eb3000 JavaThread "main" [_thread_blocked, id=19436, stack(0x0000006e6fa00000,0x0000006e6fb00000)]
  0x000001be5368f800 JavaThread "Reference Handler" daemon [_thread_blocked, id=1908, stack(0x0000006e70100000,0x0000006e70200000)]
  0x000001be53699000 JavaThread "Finalizer" daemon [_thread_blocked, id=9192, stack(0x0000006e70200000,0x0000006e70300000)]
  0x000001be53703000 JavaThread "Signal Dispatcher" daemon [_thread_blocked, id=16076, stack(0x0000006e70300000,0x0000006e70400000)]
  0x000001be53704000 JavaThread "Attach Listener" daemon [_thread_blocked, id=13380, stack(0x0000006e70400000,0x0000006e70500000)]
  0x000001be53706000 JavaThread "Service Thread" daemon [_thread_blocked, id=1976, stack(0x0000006e70500000,0x0000006e70600000)]
  0x000001be53707800 JavaThread "C2 CompilerThread0" daemon [_thread_in_native, id=20436, stack(0x0000006e70600000,0x0000006e70700000)]
  0x000001be53714000 JavaThread "C1 CompilerThread0" daemon [_thread_blocked, id=17640, stack(0x0000006e70700000,0x0000006e70800000)]
  0x000001be53717000 JavaThread "Sweeper thread" daemon [_thread_blocked, id=19200, stack(0x0000006e70800000,0x0000006e70900000)]
  0x000001be5387c800 JavaThread "Common-Cleaner" daemon [_thread_blocked, id=10972, stack(0x0000006e70a00000,0x0000006e70b00000)]
  0x000001be55e55800 JavaThread "Daemon health stats" [_thread_blocked, id=14388, stack(0x0000006e71400000,0x0000006e71500000)]
  0x000001be53b53800 JavaThread "Incoming local TCP Connector on port 14870" [_thread_in_native, id=11168, stack(0x0000006e70d00000,0x0000006e70e00000)]
  0x000001be56b27800 JavaThread "Daemon periodic checks" [_thread_blocked, id=18332, stack(0x0000006e70e00000,0x0000006e70f00000)]
  0x000001be56e62000 JavaThread "Cache worker for journal cache (D:\AndroidAVD\.gradle\caches\journal-1)" [_thread_blocked, id=1560, stack(0x0000006e71c00000,0x0000006e71d00000)]
  0x000001be56e62800 JavaThread "File lock request listener" [_thread_in_native, id=20020, stack(0x0000006e71d00000,0x0000006e71e00000)]
  0x000001be56e63800 JavaThread "Cache worker for file hash cache (D:\AndroidAVD\.gradle\caches\7.5\fileHashes)" [_thread_blocked, id=8648, stack(0x0000006e72800000,0x0000006e72900000)]
  0x000001be56e5f800 JavaThread "File watcher server" daemon [_thread_in_native, id=9596, stack(0x0000006e72b00000,0x0000006e72c00000)]
  0x000001be56e61000 JavaThread "File watcher consumer" daemon [_thread_blocked, id=11588, stack(0x0000006e72c00000,0x0000006e72d00000)]
  0x000001be56e64800 JavaThread "Cache worker for file content cache (D:\AndroidAVD\.gradle\caches\7.5\fileContent)" [_thread_blocked, id=19244, stack(0x0000006e73000000,0x0000006e73100000)]
  0x000001be58f04800 JavaThread "Cache worker for execution history cache (D:\AndroidAVD\.gradle\caches\7.5\executionHistory)" [_thread_blocked, id=19660, stack(0x0000006e73300000,0x0000006e73400000)]
  0x000001be58f05800 JavaThread "jar transforms" [_thread_blocked, id=15832, stack(0x0000006e73400000,0x0000006e73500000)]
  0x000001be58f06800 JavaThread "jar transforms Thread 2" [_thread_blocked, id=15804, stack(0x0000006e73500000,0x0000006e73600000)]
  0x000001be58f0c000 JavaThread "jar transforms Thread 3" [_thread_blocked, id=2412, stack(0x0000006e73700000,0x0000006e73800000)]
  0x000001be58f0d000 JavaThread "jar transforms Thread 4" [_thread_blocked, id=608, stack(0x0000006e73800000,0x0000006e73900000)]
  0x000001be58f0f800 JavaThread "jar transforms Thread 5" [_thread_blocked, id=17556, stack(0x0000006e73a00000,0x0000006e73b00000)]
  0x000001be59efc000 JavaThread "jar transforms Thread 6" [_thread_blocked, id=7952, stack(0x0000006e7ce00000,0x0000006e7cf00000)]
  0x000001be59eff800 JavaThread "jar transforms Thread 7" [_thread_blocked, id=2312, stack(0x0000006e7cf00000,0x0000006e7d000000)]
  0x000001be59efe000 JavaThread "jar transforms Thread 8" [_thread_blocked, id=2696, stack(0x0000006e7d000000,0x0000006e7d100000)]
  0x000001be59f00800 JavaThread "jar transforms Thread 9" [_thread_blocked, id=18560, stack(0x0000006e7d100000,0x0000006e7d200000)]
  0x000001be59f02800 JavaThread "jar transforms Thread 10" [_thread_blocked, id=19460, stack(0x0000006e7d200000,0x0000006e7d300000)]
  0x000001be59f04800 JavaThread "jar transforms Thread 11" [_thread_blocked, id=4076, stack(0x0000006e7d300000,0x0000006e7d400000)]
  0x000001be59f01000 JavaThread "jar transforms Thread 12" [_thread_blocked, id=13456, stack(0x0000006e7d400000,0x0000006e7d500000)]
  0x000001be59f03800 JavaThread "jar transforms Thread 13" [_thread_blocked, id=2612, stack(0x0000006e7d500000,0x0000006e7d600000)]
  0x000001be59efe800 JavaThread "jar transforms Thread 14" [_thread_blocked, id=7748, stack(0x0000006e7d600000,0x0000006e7d700000)]
  0x000001be59f09000 JavaThread "jar transforms Thread 15" [_thread_blocked, id=18528, stack(0x0000006e7d700000,0x0000006e7d800000)]
  0x000001be59f0a000 JavaThread "jar transforms Thread 16" [_thread_blocked, id=6952, stack(0x0000006e7d800000,0x0000006e7d900000)]
  0x000001be59f0b000 JavaThread "Memory manager" [_thread_blocked, id=11848, stack(0x0000006e7da00000,0x0000006e7db00000)]
  0x000001be5c1d0000 JavaThread "RMI Scheduler(0)" daemon [_thread_blocked, id=18196, stack(0x0000006e7ff00000,0x0000006e80000000)]
  0x000001be5c1ce000 JavaThread "RMI GC Daemon" daemon [_thread_blocked, id=3324, stack(0x0000006e00100000,0x0000006e00200000)]
  0x000001be5c1d0800 JavaThread "RMI TCP Accept-0" daemon [_thread_in_native, id=19000, stack(0x0000006e00300000,0x0000006e00400000)]
  0x000001be5c1cb800 JavaThread "RMI Reaper" [_thread_blocked, id=15576, stack(0x0000006e00400000,0x0000006e00500000)]
  0x000001be5c1cd800 JavaThread "Cache worker for Java compile cache (D:\AndroidAVD\.gradle\caches\7.5\javaCompile)" [_thread_blocked, id=19776, stack(0x0000006e00000000,0x0000006e00100000)]
  0x000001be5c1c9800 JavaThread "Daemon Thread 2" [_thread_blocked, id=8424, stack(0x0000006e00500000,0x0000006e00600000)]
  0x000001be5c1c5000 JavaThread "Daemon worker Thread 2" [_thread_blocked, id=2012, stack(0x0000006e00900000,0x0000006e00a00000)]
  0x000001be567b8000 JavaThread "RMI TCP Connection(idle)" daemon [_thread_blocked, id=14012, stack(0x0000006e0cf00000,0x0000006e0d000000)]
  0x000001be5e7ea800 JavaThread "RMI TCP Connection(idle)" daemon [_thread_blocked, id=5732, stack(0x0000006e00600000,0x0000006e00700000)]
  0x000001be5efc9000 JavaThread "RMI TCP Connection(idle)" daemon [_thread_blocked, id=9544, stack(0x0000006e0d200000,0x0000006e0d300000)]
  0x000001be59d61800 JavaThread "ForkJoinPool.commonPool-worker-5" daemon [_thread_blocked, id=17376, stack(0x0000006e0f100000,0x0000006e0f200000)]
  0x000001be59d66800 JavaThread "ForkJoinPool.commonPool-worker-23" daemon [_thread_blocked, id=17308, stack(0x0000006e0f200000,0x0000006e0f300000)]
  0x000001be59d63800 JavaThread "ForkJoinPool.commonPool-worker-9" daemon [_thread_blocked, id=7536, stack(0x0000006e0f300000,0x0000006e0f400000)]
  0x000001be59d6a000 JavaThread "ForkJoinPool.commonPool-worker-27" daemon [_thread_blocked, id=12944, stack(0x0000006e0f400000,0x0000006e0f500000)]
  0x000001be59d69000 JavaThread "ForkJoinPool.commonPool-worker-13" daemon [_thread_blocked, id=15512, stack(0x0000006e0f500000,0x0000006e0f600000)]
  0x000001be59d6a800 JavaThread "ForkJoinPool.commonPool-worker-31" daemon [_thread_blocked, id=15716, stack(0x0000006e0f600000,0x0000006e0f700000)]
  0x000001be59d6b800 JavaThread "ForkJoinPool.commonPool-worker-17" daemon [_thread_blocked, id=2328, stack(0x0000006e0f700000,0x0000006e0f800000)]
  0x000001be59d6c800 JavaThread "ForkJoinPool.commonPool-worker-3" daemon [_thread_blocked, id=11576, stack(0x0000006e0f800000,0x0000006e0f900000)]
  0x000001be59d6d000 JavaThread "ForkJoinPool.commonPool-worker-21" daemon [_thread_blocked, id=1220, stack(0x0000006e0f900000,0x0000006e0fa00000)]
  0x000001be59d6e000 JavaThread "ForkJoinPool.commonPool-worker-7" daemon [_thread_blocked, id=3656, stack(0x0000006e0fa00000,0x0000006e0fb00000)]
  0x000001be59d68800 JavaThread "ForkJoinPool.commonPool-worker-25" daemon [_thread_blocked, id=13936, stack(0x0000006e0fb00000,0x0000006e0fc00000)]
  0x000001be59d71800 JavaThread "ForkJoinPool.commonPool-worker-11" daemon [_thread_blocked, id=18956, stack(0x0000006e0fc00000,0x0000006e0fd00000)]
  0x000001be59d6f800 JavaThread "ForkJoinPool.commonPool-worker-29" daemon [_thread_blocked, id=15820, stack(0x0000006e0fd00000,0x0000006e0fe00000)]
  0x000001be59d72000 JavaThread "ForkJoinPool.commonPool-worker-15" daemon [_thread_blocked, id=15300, stack(0x0000006e0fe00000,0x0000006e0ff00000)]
  0x000001be567bf800 JavaThread "included builds" [_thread_blocked, id=2672, stack(0x0000006e0b200000,0x0000006e0b300000)]
  0x000001be567b0800 JavaThread "included builds" [_thread_blocked, id=16476, stack(0x0000006e0ac00000,0x0000006e0ad00000)]
  0x000001be5e7ef800 JavaThread "Handler for socket connection from /127.0.0.1:14870 to /127.0.0.1:2519" [_thread_in_native, id=19956, stack(0x0000006e00800000,0x0000006e00900000)]
  0x000001be5e7eb000 JavaThread "Cancel handler" [_thread_blocked, id=18128, stack(0x0000006e00a00000,0x0000006e00b00000)]
  0x000001be5e7e9800 JavaThread "Asynchronous log dispatcher for DefaultDaemonConnection: socket connection from /127.0.0.1:14870 to /127.0.0.1:2519" [_thread_blocked, id=16468, stack(0x0000006e00b00000,0x0000006e00c00000)]
  0x000001be5e7ed000 JavaThread "Stdin handler" [_thread_blocked, id=18624, stack(0x0000006e00c00000,0x0000006e00d00000)]
  0x000001be5e7ee800 JavaThread "Daemon client event forwarder" [_thread_blocked, id=4800, stack(0x0000006e00d00000,0x0000006e00e00000)]
=>0x000001be5bce5800 JavaThread "C2 CompilerThread1" daemon [_thread_in_native, id=19312, stack(0x0000006e01400000,0x0000006e01500000)]
  0x000001be5bcdf800 JavaThread "C2 CompilerThread2" daemon [_thread_in_native, id=18864, stack(0x0000006e01500000,0x0000006e01600000)]
  0x000001be5bce0800 JavaThread "C2 CompilerThread3" daemon [_thread_in_native, id=19004, stack(0x0000006e01600000,0x0000006e01700000)]
  0x000001be5e7f7800 JavaThread "Unconstrained build operations" [_thread_blocked, id=14512, stack(0x0000006e01700000,0x0000006e01800000)]
  0x000001be5e7f6000 JavaThread "Unconstrained build operations Thread 2" [_thread_blocked, id=15216, stack(0x0000006e01800000,0x0000006e01900000)]
  0x000001be5e7f5000 JavaThread "Unconstrained build operations Thread 3" [_thread_blocked, id=8632, stack(0x0000006e01900000,0x0000006e01a00000)]
  0x000001be5e7f6800 JavaThread "Unconstrained build operations Thread 4" [_thread_blocked, id=3120, stack(0x0000006e01a00000,0x0000006e01b00000)]
  0x000001be5e7f8800 JavaThread "Unconstrained build operations Thread 5" [_thread_blocked, id=20288, stack(0x0000006e01b00000,0x0000006e01c00000)]
  0x000001be5e7f4000 JavaThread "Unconstrained build operations Thread 6" [_thread_blocked, id=14972, stack(0x0000006e01c00000,0x0000006e01d00000)]
  0x000001be5e7f2800 JavaThread "Unconstrained build operations Thread 7" [_thread_blocked, id=10216, stack(0x0000006e01d00000,0x0000006e01e00000)]
  0x000001be5e7fe000 JavaThread "Unconstrained build operations Thread 8" [_thread_blocked, id=13964, stack(0x0000006e01e00000,0x0000006e01f00000)]
  0x000001be5e7fa000 JavaThread "Unconstrained build operations Thread 9" [_thread_blocked, id=16396, stack(0x0000006e01f00000,0x0000006e02000000)]
  0x000001be5e7ff000 JavaThread "Unconstrained build operations Thread 10" [_thread_blocked, id=16340, stack(0x0000006e02000000,0x0000006e02100000)]
  0x000001be5e7fb800 JavaThread "Unconstrained build operations Thread 11" [_thread_blocked, id=18932, stack(0x0000006e02100000,0x0000006e02200000)]
  0x000001be5e7f9000 JavaThread "Unconstrained build operations Thread 12" [_thread_blocked, id=19728, stack(0x0000006e02200000,0x0000006e02300000)]
  0x000001be5e7ff800 JavaThread "Unconstrained build operations Thread 13" [_thread_blocked, id=20160, stack(0x0000006e02300000,0x0000006e02400000)]
  0x000001be5e800800 JavaThread "Unconstrained build operations Thread 14" [_thread_blocked, id=19068, stack(0x0000006e02400000,0x0000006e02500000)]
  0x000001be5e7fc800 JavaThread "Unconstrained build operations Thread 15" [_thread_blocked, id=19168, stack(0x0000006e02500000,0x0000006e02600000)]
  0x000001be5e7fd000 JavaThread "Unconstrained build operations Thread 16" [_thread_in_vm, id=17652, stack(0x0000006e02600000,0x0000006e02700000)]
  0x000001be5e7fa800 JavaThread "Unconstrained build operations Thread 17" [_thread_blocked, id=19568, stack(0x0000006e02700000,0x0000006e02800000)]
  0x000001be5e806000 JavaThread "Unconstrained build operations Thread 18" [_thread_blocked, id=8840, stack(0x0000006e02800000,0x0000006e02900000)]
  0x000001be5e807000 JavaThread "Unconstrained build operations Thread 19" [_thread_blocked, id=14824, stack(0x0000006e02900000,0x0000006e02a00000)]
  0x000001be5e801800 JavaThread "Unconstrained build operations Thread 20" [_thread_blocked, id=16348, stack(0x0000006e02a00000,0x0000006e02b00000)]
  0x000001be5e803000 JavaThread "Unconstrained build operations Thread 21" [_thread_blocked, id=18836, stack(0x0000006e02b00000,0x0000006e02c00000)]
  0x000001be5e808000 JavaThread "Unconstrained build operations Thread 22" [_thread_blocked, id=18084, stack(0x0000006e02c00000,0x0000006e02d00000)]
  0x000001be5e804800 JavaThread "Unconstrained build operations Thread 23" [_thread_blocked, id=16128, stack(0x0000006e02d00000,0x0000006e02e00000)]

Other Threads:
  0x000001be5368d000 VMThread "VM Thread" [stack: 0x0000006e70000000,0x0000006e70100000] [id=11708]
  0x000001be538b3800 WatcherThread [stack: 0x0000006e70c00000,0x0000006e70d00000] [id=2416]
  0x000001be35ecc800 GCTaskThread "GC Thread#0" [stack: 0x0000006e6fb00000,0x0000006e6fc00000] [id=12712]
  0x000001be54733000 GCTaskThread "GC Thread#1" [stack: 0x0000006e70f00000,0x0000006e71000000] [id=2956]
  0x000001be54642000 GCTaskThread "GC Thread#2" [stack: 0x0000006e71000000,0x0000006e71100000] [id=7760]
  0x000001be53ab3000 GCTaskThread "GC Thread#3" [stack: 0x0000006e71100000,0x0000006e71200000] [id=20356]
  0x000001be548a0000 GCTaskThread "GC Thread#4" [stack: 0x0000006e71200000,0x0000006e71300000] [id=20036]
  0x000001be56e66000 GCTaskThread "GC Thread#5" [stack: 0x0000006e71e00000,0x0000006e71f00000] [id=20348]
  0x000001be55b91800 GCTaskThread "GC Thread#6" [stack: 0x0000006e71f00000,0x0000006e72000000] [id=18516]
  0x000001be56b5a800 GCTaskThread "GC Thread#7" [stack: 0x0000006e72000000,0x0000006e72100000] [id=19860]
  0x000001be55785000 GCTaskThread "GC Thread#8" [stack: 0x0000006e72100000,0x0000006e72200000] [id=18496]
  0x000001be55b76000 GCTaskThread "GC Thread#9" [stack: 0x0000006e72200000,0x0000006e72300000] [id=14616]
  0x000001be55b89000 GCTaskThread "GC Thread#10" [stack: 0x0000006e72300000,0x0000006e72400000] [id=20040]
  0x000001be55b68800 GCTaskThread "GC Thread#11" [stack: 0x0000006e72400000,0x0000006e72500000] [id=17796]
  0x000001be54d92000 GCTaskThread "GC Thread#12" [stack: 0x0000006e72500000,0x0000006e72600000] [id=19084]
  0x000001be35efe000 ConcurrentGCThread "G1 Main Marker" [stack: 0x0000006e6fc00000,0x0000006e6fd00000] [id=15120]
  0x000001be35f00000 ConcurrentGCThread "G1 Conc#0" [stack: 0x0000006e6fd00000,0x0000006e6fe00000] [id=18884]
  0x000001be53e2a000 ConcurrentGCThread "G1 Conc#1" [stack: 0x0000006e72600000,0x0000006e72700000] [id=15732]
  0x000001be551ff800 ConcurrentGCThread "G1 Conc#2" [stack: 0x0000006e72700000,0x0000006e72800000] [id=7568]
  0x000001be35f7e000 ConcurrentGCThread "G1 Refine#0" [stack: 0x0000006e6fe00000,0x0000006e6ff00000] [id=12552]
  0x000001be5e219000 ConcurrentGCThread "G1 Refine#1" [stack: 0x0000006e7db00000,0x0000006e7dc00000] [id=14396]
  0x000001be61342000 ConcurrentGCThread "G1 Refine#2" [stack: 0x0000006e7dc00000,0x0000006e7dd00000] [id=14932]
  0x000001be56c85000 ConcurrentGCThread "G1 Refine#3" [stack: 0x0000006e7dd00000,0x0000006e7de00000] [id=17036]
  0x000001be5e1ba800 ConcurrentGCThread "G1 Refine#4" [stack: 0x0000006e00700000,0x0000006e00800000] [id=10960]
  0x000001be52cda800 ConcurrentGCThread "G1 Young RemSet Sampling" [stack: 0x0000006e6ff00000,0x0000006e70000000] [id=15932]

Threads with active compile tasks:
C2 CompilerThread0   387711 26889       4       org.gradle.api.internal.artifacts.ivyservice.resolveengine.graph.builder.SelectorState::update (95 bytes)
C2 CompilerThread1   387711 26885   !   4       org.gradle.cache.internal.DefaultCacheAccess::takeOwnership (50 bytes)
C2 CompilerThread2   387711 26894       4       org.gradle.api.internal.artifacts.ivyservice.modulecache.ModuleMetadataSerializer$Reader::readMavenDependency (142 bytes)
C2 CompilerThread3   387711 26892       4       org.gradle.api.internal.artifacts.ivyservice.resolveengine.result.ComponentIdentifierSerializer::write (459 bytes)

VM state:not at safepoint (normal execution)

VM Mutex/Monitor currently owned by a thread: None

OutOfMemory and StackOverflow Exception counts:
OutOfMemoryError java_heap_errors=1
LinkageErrors=344

Heap address: 0x0000000080000000, size: 2048 MB, Compressed Oops mode: 32-bit
Narrow klass base: 0x0000000000000000, Narrow klass shift: 3
Compressed class space size: 1073741824 Address: 0x0000000100000000

Heap:
 garbage-first heap   total 253952K, used 191488K [0x0000000080000000, 0x0000000100000000)
  region size 1024K, 49 young (50176K), 7 survivors (7168K)
 Metaspace       used 134730K, capacity 139308K, committed 147632K, reserved 1175552K
  class space    used 16970K, capacity 18687K, committed 22016K, reserved 1048576K
Heap Regions: E=young(eden), S=young(survivor), O=old, HS=humongous(starts), HC=humongous(continues), CS=collection set, F=free, A=archive, TAMS=top-at-mark-start (previous, next)
|   0|0x0000000080000000, 0x0000000080100000, 0x0000000080100000|100%| O|  |TAMS 0x0000000080100000, 0x0000000080000000| Untracked 
|   1|0x0000000080100000, 0x0000000080200000, 0x0000000080200000|100%| O|  |TAMS 0x0000000080200000, 0x0000000080100000| Untracked 
|   2|0x0000000080200000, 0x0000000080300000, 0x0000000080300000|100%| O|  |TAMS 0x0000000080300000, 0x0000000080200000| Untracked 
|   3|0x0000000080300000, 0x0000000080400000, 0x0000000080400000|100%|HS|  |TAMS 0x0000000080400000, 0x0000000080300000| Complete 
|   4|0x0000000080400000, 0x0000000080500000, 0x0000000080500000|100%|HC|  |TAMS 0x0000000080500000, 0x0000000080400000| Complete 
|   5|0x0000000080500000, 0x0000000080600000, 0x0000000080600000|100%|HC|  |TAMS 0x0000000080600000, 0x0000000080500000| Complete 
|   6|0x0000000080600000, 0x0000000080700000, 0x0000000080700000|100%| O|  |TAMS 0x0000000080700000, 0x0000000080600000| Untracked 
|   7|0x0000000080700000, 0x0000000080800000, 0x0000000080800000|100%| O|  |TAMS 0x0000000080800000, 0x0000000080700000| Untracked 
|   8|0x0000000080800000, 0x0000000080900000, 0x0000000080900000|100%| O|  |TAMS 0x0000000080900000, 0x0000000080800000| Untracked 
|   9|0x0000000080900000, 0x0000000080a00000, 0x0000000080a00000|100%| O|  |TAMS 0x0000000080a00000, 0x0000000080900000| Untracked 
|  10|0x0000000080a00000, 0x0000000080b00000, 0x0000000080b00000|100%| O|  |TAMS 0x0000000080b00000, 0x0000000080a00000| Complete 
|  11|0x0000000080b00000, 0x0000000080c00000, 0x0000000080c00000|100%| O|  |TAMS 0x0000000080c00000, 0x0000000080b00000| Untracked 
|  12|0x0000000080c00000, 0x0000000080d00000, 0x0000000080d00000|100%| O|  |TAMS 0x0000000080d00000, 0x0000000080c00000| Untracked 
|  13|0x0000000080d00000, 0x0000000080e00000, 0x0000000080e00000|100%| O|  |TAMS 0x0000000080e00000, 0x0000000080d00000| Untracked 
|  14|0x0000000080e00000, 0x0000000080f00000, 0x0000000080f00000|100%| O|  |TAMS 0x0000000080f00000, 0x0000000080e00000| Untracked 
|  15|0x0000000080f00000, 0x0000000081000000, 0x0000000081000000|100%| O|  |TAMS 0x0000000081000000, 0x0000000080f00000| Untracked 
|  16|0x0000000081000000, 0x0000000081100000, 0x0000000081100000|100%| O|  |TAMS 0x0000000081100000, 0x0000000081000000| Untracked 
|  17|0x0000000081100000, 0x0000000081200000, 0x0000000081200000|100%|HS|  |TAMS 0x0000000081200000, 0x0000000081100000| Complete 
|  18|0x0000000081200000, 0x0000000081300000, 0x0000000081300000|100%|HS|  |TAMS 0x0000000081300000, 0x0000000081200000| Complete 
|  19|0x0000000081300000, 0x0000000081400000, 0x0000000081400000|100%|HC|  |TAMS 0x0000000081400000, 0x0000000081300000| Complete 
|  20|0x0000000081400000, 0x0000000081500000, 0x0000000081500000|100%|HS|  |TAMS 0x0000000081500000, 0x0000000081400000| Complete 
|  21|0x0000000081500000, 0x0000000081600000, 0x0000000081600000|100%|HS|  |TAMS 0x0000000081600000, 0x0000000081500000| Complete 
|  22|0x0000000081600000, 0x0000000081700000, 0x0000000081700000|100%|HC|  |TAMS 0x0000000081700000, 0x0000000081600000| Complete 
|  23|0x0000000081700000, 0x0000000081800000, 0x0000000081800000|100%|HC|  |TAMS 0x0000000081800000, 0x0000000081700000| Complete 
|  24|0x0000000081800000, 0x0000000081900000, 0x0000000081900000|100%|HC|  |TAMS 0x0000000081900000, 0x0000000081800000| Complete 
|  25|0x0000000081900000, 0x0000000081a00000, 0x0000000081a00000|100%| O|  |TAMS 0x0000000081a00000, 0x0000000081900000| Untracked 
|  26|0x0000000081a00000, 0x0000000081b00000, 0x0000000081b00000|100%| O|  |TAMS 0x0000000081b00000, 0x0000000081a00000| Untracked 
|  27|0x0000000081b00000, 0x0000000081c00000, 0x0000000081c00000|100%| O|  |TAMS 0x0000000081c00000, 0x0000000081b00000| Untracked 
|  28|0x0000000081c00000, 0x0000000081d00000, 0x0000000081d00000|100%| O|  |TAMS 0x0000000081d00000, 0x0000000081c00000| Untracked 
|  29|0x0000000081d00000, 0x0000000081e00000, 0x0000000081e00000|100%| O|  |TAMS 0x0000000081e00000, 0x0000000081d00000| Untracked 
|  30|0x0000000081e00000, 0x0000000081f00000, 0x0000000081f00000|100%| O|  |TAMS 0x0000000081f00000, 0x0000000081e00000| Complete 
|  31|0x0000000081f00000, 0x0000000082000000, 0x0000000082000000|100%| O|  |TAMS 0x0000000082000000, 0x0000000081f00000| Untracked 
|  32|0x0000000082000000, 0x0000000082100000, 0x0000000082100000|100%| O|  |TAMS 0x0000000082100000, 0x0000000082000000| Complete 
|  33|0x0000000082100000, 0x0000000082200000, 0x0000000082200000|100%| O|  |TAMS 0x0000000082200000, 0x0000000082100000| Complete 
|  34|0x0000000082200000, 0x0000000082300000, 0x0000000082300000|100%| O|  |TAMS 0x0000000082300000, 0x0000000082200000| Untracked 
|  35|0x0000000082300000, 0x0000000082400000, 0x0000000082400000|100%| O|  |TAMS 0x0000000082400000, 0x0000000082300000| Untracked 
|  36|0x0000000082400000, 0x0000000082500000, 0x0000000082500000|100%| O|  |TAMS 0x0000000082500000, 0x0000000082400000| Untracked 
|  37|0x0000000082500000, 0x0000000082600000, 0x0000000082600000|100%| O|  |TAMS 0x0000000082600000, 0x0000000082500000| Untracked 
|  38|0x0000000082600000, 0x0000000082700000, 0x0000000082700000|100%| O|  |TAMS 0x0000000082700000, 0x0000000082600000| Untracked 
|  39|0x0000000082700000, 0x0000000082800000, 0x0000000082800000|100%| O|  |TAMS 0x0000000082800000, 0x0000000082700000| Complete 
|  40|0x0000000082800000, 0x0000000082900000, 0x0000000082900000|100%| O|  |TAMS 0x0000000082900000, 0x0000000082800000| Complete 
|  41|0x0000000082900000, 0x0000000082a00000, 0x0000000082a00000|100%| O|  |TAMS 0x0000000082a00000, 0x0000000082900000| Untracked 
|  42|0x0000000082a00000, 0x0000000082b00000, 0x0000000082b00000|100%| O|  |TAMS 0x0000000082b00000, 0x0000000082a00000| Untracked 
|  43|0x0000000082b00000, 0x0000000082c00000, 0x0000000082c00000|100%| O|  |TAMS 0x0000000082c00000, 0x0000000082b00000| Untracked 
|  44|0x0000000082c00000, 0x0000000082d00000, 0x0000000082d00000|100%| O|  |TAMS 0x0000000082d00000, 0x0000000082c00000| Untracked 
|  45|0x0000000082d00000, 0x0000000082e00000, 0x0000000082e00000|100%| O|  |TAMS 0x0000000082e00000, 0x0000000082d00000| Untracked 
|  46|0x0000000082e00000, 0x0000000082f00000, 0x0000000082f00000|100%| O|  |TAMS 0x0000000082f00000, 0x0000000082e00000| Complete 
|  47|0x0000000082f00000, 0x0000000083000000, 0x0000000083000000|100%| O|  |TAMS 0x0000000083000000, 0x0000000082f00000| Complete 
|  48|0x0000000083000000, 0x0000000083100000, 0x0000000083100000|100%| O|  |TAMS 0x0000000083100000, 0x0000000083000000| Complete 
|  49|0x0000000083100000, 0x0000000083200000, 0x0000000083200000|100%| O|  |TAMS 0x0000000083200000, 0x0000000083100000| Complete 
|  50|0x0000000083200000, 0x0000000083300000, 0x0000000083300000|100%| O|  |TAMS 0x0000000083300000, 0x0000000083200000| Untracked 
|  51|0x0000000083300000, 0x0000000083400000, 0x0000000083400000|100%| O|  |TAMS 0x0000000083400000, 0x0000000083300000| Untracked 
|  52|0x0000000083400000, 0x0000000083500000, 0x0000000083500000|100%| O|  |TAMS 0x0000000083500000, 0x0000000083400000| Untracked 
|  53|0x0000000083500000, 0x0000000083600000, 0x0000000083600000|100%| O|  |TAMS 0x0000000083600000, 0x0000000083500000| Untracked 
|  54|0x0000000083600000, 0x0000000083700000, 0x0000000083700000|100%| O|  |TAMS 0x0000000083700000, 0x0000000083600000| Untracked 
|  55|0x0000000083700000, 0x0000000083800000, 0x0000000083800000|100%| O|  |TAMS 0x0000000083800000, 0x0000000083700000| Untracked 
|  56|0x0000000083800000, 0x0000000083900000, 0x0000000083900000|100%| O|  |TAMS 0x0000000083900000, 0x0000000083800000| Untracked 
|  57|0x0000000083900000, 0x0000000083a00000, 0x0000000083a00000|100%| O|  |TAMS 0x0000000083a00000, 0x0000000083900000| Complete 
|  58|0x0000000083a00000, 0x0000000083b00000, 0x0000000083b00000|100%| O|  |TAMS 0x0000000083b00000, 0x0000000083a00000| Complete 
|  59|0x0000000083b00000, 0x0000000083c00000, 0x0000000083c00000|100%| O|  |TAMS 0x0000000083c00000, 0x0000000083b00000| Untracked 
|  60|0x0000000083c00000, 0x0000000083d00000, 0x0000000083d00000|100%| O|  |TAMS 0x0000000083d00000, 0x0000000083c00000| Complete 
|  61|0x0000000083d00000, 0x0000000083e00000, 0x0000000083e00000|100%| O|  |TAMS 0x0000000083e00000, 0x0000000083d00000| Untracked 
|  62|0x0000000083e00000, 0x0000000083f00000, 0x0000000083f00000|100%| O|  |TAMS 0x0000000083f00000, 0x0000000083e00000| Complete 
|  63|0x0000000083f00000, 0x0000000084000000, 0x0000000084000000|100%| O|  |TAMS 0x0000000084000000, 0x0000000083f00000| Untracked 
|  64|0x0000000084000000, 0x0000000084100000, 0x0000000084100000|100%| O|  |TAMS 0x0000000084100000, 0x0000000084000000| Untracked 
|  65|0x0000000084100000, 0x0000000084200000, 0x0000000084200000|100%| O|  |TAMS 0x0000000084200000, 0x0000000084100000| Untracked 
|  66|0x0000000084200000, 0x0000000084300000, 0x0000000084300000|100%| O|  |TAMS 0x0000000084300000, 0x0000000084200000| Complete 
|  67|0x0000000084300000, 0x0000000084400000, 0x0000000084400000|100%| O|  |TAMS 0x0000000084400000, 0x0000000084300000| Complete 
|  68|0x0000000084400000, 0x0000000084500000, 0x0000000084500000|100%| O|  |TAMS 0x0000000084500000, 0x0000000084400000| Untracked 
|  69|0x0000000084500000, 0x0000000084600000, 0x0000000084600000|100%| O|  |TAMS 0x0000000084600000, 0x0000000084500000| Untracked 
|  70|0x0000000084600000, 0x0000000084700000, 0x0000000084700000|100%| O|  |TAMS 0x0000000084700000, 0x0000000084600000| Untracked 
|  71|0x0000000084700000, 0x0000000084800000, 0x0000000084800000|100%| O|  |TAMS 0x0000000084800000, 0x0000000084700000| Untracked 
|  72|0x0000000084800000, 0x0000000084900000, 0x0000000084900000|100%| O|  |TAMS 0x0000000084900000, 0x0000000084800000| Complete 
|  73|0x0000000084900000, 0x0000000084a00000, 0x0000000084a00000|100%| O|  |TAMS 0x0000000084a00000, 0x0000000084900000| Complete 
|  74|0x0000000084a00000, 0x0000000084b00000, 0x0000000084b00000|100%| O|  |TAMS 0x0000000084b00000, 0x0000000084a00000| Untracked 
|  75|0x0000000084b00000, 0x0000000084c00000, 0x0000000084c00000|100%| O|  |TAMS 0x0000000084c00000, 0x0000000084b00000| Complete 
|  76|0x0000000084c00000, 0x0000000084d00000, 0x0000000084d00000|100%| O|  |TAMS 0x0000000084d00000, 0x0000000084c00000| Complete 
|  77|0x0000000084d00000, 0x0000000084e00000, 0x0000000084e00000|100%| O|  |TAMS 0x0000000084e00000, 0x0000000084d00000| Complete 
|  78|0x0000000084e00000, 0x0000000084e00000, 0x0000000084f00000|  0%| F|  |TAMS 0x0000000084e00000, 0x0000000084e00000| Untracked 
|  79|0x0000000084f00000, 0x0000000085000000, 0x0000000085000000|100%| O|  |TAMS 0x0000000085000000, 0x0000000084f00000| Complete 
|  80|0x0000000085000000, 0x0000000085100000, 0x0000000085100000|100%| O|  |TAMS 0x0000000085100000, 0x0000000085000000| Complete 
|  81|0x0000000085100000, 0x0000000085200000, 0x0000000085200000|100%| O|  |TAMS 0x0000000085200000, 0x0000000085100000| Complete 
|  82|0x0000000085200000, 0x0000000085300000, 0x0000000085300000|100%| O|  |TAMS 0x0000000085300000, 0x0000000085200000| Complete 
|  83|0x0000000085300000, 0x0000000085400000, 0x0000000085400000|100%| O|  |TAMS 0x0000000085400000, 0x0000000085300000| Complete 
|  84|0x0000000085400000, 0x0000000085500000, 0x0000000085500000|100%| O|  |TAMS 0x0000000085500000, 0x0000000085400000| Complete 
|  85|0x0000000085500000, 0x0000000085600000, 0x0000000085600000|100%| O|  |TAMS 0x0000000085600000, 0x0000000085500000| Untracked 
|  86|0x0000000085600000, 0x0000000085700000, 0x0000000085700000|100%| O|  |TAMS 0x0000000085700000, 0x0000000085600000| Complete 
|  87|0x0000000085700000, 0x0000000085800000, 0x0000000085800000|100%| O|  |TAMS 0x0000000085800000, 0x0000000085700000| Complete 
|  88|0x0000000085800000, 0x0000000085900000, 0x0000000085900000|100%| O|  |TAMS 0x0000000085900000, 0x0000000085800000| Untracked 
|  89|0x0000000085900000, 0x0000000085a00000, 0x0000000085a00000|100%| O|  |TAMS 0x0000000085a00000, 0x0000000085900000| Untracked 
|  90|0x0000000085a00000, 0x0000000085b00000, 0x0000000085b00000|100%| O|  |TAMS 0x0000000085b00000, 0x0000000085a00000| Untracked 
|  91|0x0000000085b00000, 0x0000000085c00000, 0x0000000085c00000|100%| O|  |TAMS 0x0000000085c00000, 0x0000000085b00000| Complete 
|  92|0x0000000085c00000, 0x0000000085d00000, 0x0000000085d00000|100%| O|  |TAMS 0x0000000085d00000, 0x0000000085c00000| Complete 
|  93|0x0000000085d00000, 0x0000000085e00000, 0x0000000085e00000|100%| O|  |TAMS 0x0000000085e00000, 0x0000000085d00000| Complete 
|  94|0x0000000085e00000, 0x0000000085f00000, 0x0000000085f00000|100%| O|  |TAMS 0x0000000085f00000, 0x0000000085e00000| Complete 
|  95|0x0000000085f00000, 0x0000000086000000, 0x0000000086000000|100%| O|  |TAMS 0x0000000086000000, 0x0000000085f00000| Complete 
|  96|0x0000000086000000, 0x0000000086100000, 0x0000000086100000|100%| O|  |TAMS 0x0000000086100000, 0x0000000086000000| Untracked 
|  97|0x0000000086100000, 0x0000000086200000, 0x0000000086200000|100%| O|  |TAMS 0x0000000086200000, 0x0000000086100000| Untracked 
|  98|0x0000000086200000, 0x0000000086300000, 0x0000000086300000|100%| O|  |TAMS 0x0000000086300000, 0x0000000086200000| Untracked 
|  99|0x0000000086300000, 0x0000000086400000, 0x0000000086400000|100%| O|  |TAMS 0x0000000086400000, 0x0000000086300000| Complete 
| 100|0x0000000086400000, 0x0000000086500000, 0x0000000086500000|100%| O|  |TAMS 0x0000000086500000, 0x0000000086400000| Complete 
| 101|0x0000000086500000, 0x0000000086600000, 0x0000000086600000|100%| O|  |TAMS 0x0000000086600000, 0x0000000086500000| Complete 
| 102|0x0000000086600000, 0x0000000086700000, 0x0000000086700000|100%| O|  |TAMS 0x0000000086700000, 0x0000000086600000| Complete 
| 103|0x0000000086700000, 0x0000000086800000, 0x0000000086800000|100%| O|  |TAMS 0x0000000086800000, 0x0000000086700000| Untracked 
| 104|0x0000000086800000, 0x0000000086900000, 0x0000000086900000|100%| O|  |TAMS 0x0000000086900000, 0x0000000086800000| Untracked 
| 105|0x0000000086900000, 0x0000000086a00000, 0x0000000086a00000|100%| O|  |TAMS 0x0000000086a00000, 0x0000000086900000| Untracked 
| 106|0x0000000086a00000, 0x0000000086b00000, 0x0000000086b00000|100%| O|  |TAMS 0x0000000086b00000, 0x0000000086a00000| Untracked 
| 107|0x0000000086b00000, 0x0000000086c00000, 0x0000000086c00000|100%| O|  |TAMS 0x0000000086c00000, 0x0000000086b00000| Complete 
| 108|0x0000000086c00000, 0x0000000086d00000, 0x0000000086d00000|100%| O|  |TAMS 0x0000000086d00000, 0x0000000086c00000| Complete 
| 109|0x0000000086d00000, 0x0000000086e00000, 0x0000000086e00000|100%| O|  |TAMS 0x0000000086e00000, 0x0000000086d00000| Complete 
| 110|0x0000000086e00000, 0x0000000086f00000, 0x0000000086f00000|100%| O|  |TAMS 0x0000000086f00000, 0x0000000086e00000| Complete 
| 111|0x0000000086f00000, 0x0000000087000000, 0x0000000087000000|100%| O|  |TAMS 0x0000000087000000, 0x0000000086f00000| Complete 
| 112|0x0000000087000000, 0x0000000087100000, 0x0000000087100000|100%| O|  |TAMS 0x0000000087100000, 0x0000000087000000| Complete 
| 113|0x0000000087100000, 0x0000000087200000, 0x0000000087200000|100%| O|  |TAMS 0x0000000087200000, 0x0000000087100000| Complete 
| 114|0x0000000087200000, 0x0000000087300000, 0x0000000087300000|100%| O|  |TAMS 0x0000000087300000, 0x0000000087200000| Untracked 
| 115|0x0000000087300000, 0x0000000087400000, 0x0000000087400000|100%| O|  |TAMS 0x0000000087400000, 0x0000000087300000| Untracked 
| 116|0x0000000087400000, 0x0000000087500000, 0x0000000087500000|100%| O|  |TAMS 0x0000000087500000, 0x0000000087400000| Complete 
| 117|0x0000000087500000, 0x0000000087600000, 0x0000000087600000|100%| O|  |TAMS 0x0000000087600000, 0x0000000087500000| Complete 
| 118|0x0000000087600000, 0x0000000087700000, 0x0000000087700000|100%| O|  |TAMS 0x0000000087700000, 0x0000000087600000| Untracked 
| 119|0x0000000087700000, 0x0000000087700000, 0x0000000087800000|  0%| F|  |TAMS 0x0000000087700000, 0x0000000087700000| Untracked 
| 120|0x0000000087800000, 0x0000000087900000, 0x0000000087900000|100%| O|  |TAMS 0x0000000087900000, 0x0000000087800000| Complete 
| 121|0x0000000087900000, 0x0000000087a00000, 0x0000000087a00000|100%| O|  |TAMS 0x0000000087a00000, 0x0000000087900000| Complete 
| 122|0x0000000087a00000, 0x0000000087b00000, 0x0000000087b00000|100%| O|  |TAMS 0x0000000087b00000, 0x0000000087a00000| Untracked 
| 123|0x0000000087b00000, 0x0000000087c00000, 0x0000000087c00000|100%| O|  |TAMS 0x0000000087c00000, 0x0000000087b00000| Complete 
| 124|0x0000000087c00000, 0x0000000087d00000, 0x0000000087d00000|100%| O|  |TAMS 0x0000000087d00000, 0x0000000087c00000| Complete 
| 125|0x0000000087d00000, 0x0000000087e00000, 0x0000000087e00000|100%| O|  |TAMS 0x0000000087e00000, 0x0000000087d00000| Complete 
| 126|0x0000000087e00000, 0x0000000087e00000, 0x0000000087f00000|  0%| F|  |TAMS 0x0000000087e00000, 0x0000000087e00000| Untracked 
| 127|0x0000000087f00000, 0x0000000087f00000, 0x0000000088000000|  0%| F|  |TAMS 0x0000000087f00000, 0x0000000087f00000| Untracked 
| 128|0x0000000088000000, 0x0000000088000000, 0x0000000088100000|  0%| F|  |TAMS 0x0000000088000000, 0x0000000088000000| Untracked 
| 129|0x0000000088100000, 0x0000000088100000, 0x0000000088200000|  0%| F|  |TAMS 0x0000000088100000, 0x0000000088100000| Untracked 
| 130|0x0000000088200000, 0x0000000088200000, 0x0000000088300000|  0%| F|  |TAMS 0x0000000088200000, 0x0000000088200000| Untracked 
| 131|0x0000000088300000, 0x0000000088400000, 0x0000000088400000|100%| O|  |TAMS 0x0000000088400000, 0x0000000088300000| Complete 
| 132|0x0000000088400000, 0x0000000088500000, 0x0000000088500000|100%| O|  |TAMS 0x0000000088500000, 0x0000000088400000| Complete 
| 133|0x0000000088500000, 0x0000000088500000, 0x0000000088600000|  0%| F|  |TAMS 0x0000000088500000, 0x0000000088500000| Untracked 
| 134|0x0000000088600000, 0x0000000088700000, 0x0000000088700000|100%| O|  |TAMS 0x0000000088700000, 0x0000000088600000| Complete 
| 135|0x0000000088700000, 0x0000000088800000, 0x0000000088800000|100%| O|  |TAMS 0x0000000088800000, 0x0000000088700000| Complete 
| 136|0x0000000088800000, 0x0000000088800000, 0x0000000088900000|  0%| F|  |TAMS 0x0000000088800000, 0x0000000088800000| Untracked 
| 137|0x0000000088900000, 0x0000000088900000, 0x0000000088a00000|  0%| F|  |TAMS 0x0000000088900000, 0x0000000088900000| Untracked 
| 138|0x0000000088a00000, 0x0000000088a00000, 0x0000000088b00000|  0%| F|  |TAMS 0x0000000088a00000, 0x0000000088a00000| Untracked 
| 139|0x0000000088b00000, 0x0000000088b00000, 0x0000000088c00000|  0%| F|  |TAMS 0x0000000088b00000, 0x0000000088b00000| Untracked 
| 140|0x0000000088c00000, 0x0000000088c00000, 0x0000000088d00000|  0%| F|  |TAMS 0x0000000088c00000, 0x0000000088c00000| Untracked 
| 141|0x0000000088d00000, 0x0000000088d00000, 0x0000000088e00000|  0%| F|  |TAMS 0x0000000088d00000, 0x0000000088d00000| Untracked 
| 142|0x0000000088e00000, 0x0000000088f00000, 0x0000000088f00000|100%| O|  |TAMS 0x0000000088f00000, 0x0000000088e00000| Complete 
| 143|0x0000000088f00000, 0x0000000088f00000, 0x0000000089000000|  0%| F|  |TAMS 0x0000000088f00000, 0x0000000088f00000| Untracked 
| 144|0x0000000089000000, 0x0000000089100000, 0x0000000089100000|100%| O|  |TAMS 0x0000000089100000, 0x0000000089000000| Complete 
| 145|0x0000000089100000, 0x0000000089200000, 0x0000000089200000|100%| O|  |TAMS 0x0000000089200000, 0x0000000089100000| Complete 
| 146|0x0000000089200000, 0x0000000089300000, 0x0000000089300000|100%| O|  |TAMS 0x0000000089300000, 0x0000000089200000| Complete 
| 147|0x0000000089300000, 0x0000000089400000, 0x0000000089400000|100%| O|  |TAMS 0x0000000089400000, 0x0000000089300000| Complete 
| 148|0x0000000089400000, 0x0000000089500000, 0x0000000089500000|100%| O|  |TAMS 0x0000000089500000, 0x0000000089400000| Complete 
| 149|0x0000000089500000, 0x0000000089500000, 0x0000000089600000|  0%| F|  |TAMS 0x0000000089500000, 0x0000000089500000| Untracked 
| 150|0x0000000089600000, 0x0000000089600000, 0x0000000089700000|  0%| F|  |TAMS 0x0000000089600000, 0x0000000089600000| Untracked 
| 151|0x0000000089700000, 0x0000000089700000, 0x0000000089800000|  0%| F|  |TAMS 0x0000000089700000, 0x0000000089700000| Untracked 
| 152|0x0000000089800000, 0x0000000089900000, 0x0000000089900000|100%| O|  |TAMS 0x0000000089900000, 0x0000000089800000| Complete 
| 153|0x0000000089900000, 0x0000000089900000, 0x0000000089a00000|  0%| F|  |TAMS 0x0000000089900000, 0x0000000089900000| Untracked 
| 154|0x0000000089a00000, 0x0000000089a00000, 0x0000000089b00000|  0%| F|  |TAMS 0x0000000089a00000, 0x0000000089a00000| Untracked 
| 155|0x0000000089b00000, 0x0000000089b00000, 0x0000000089c00000|  0%| F|  |TAMS 0x0000000089b00000, 0x0000000089b00000| Untracked 
| 156|0x0000000089c00000, 0x0000000089c00000, 0x0000000089d00000|  0%| F|  |TAMS 0x0000000089c00000, 0x0000000089c00000| Untracked 
| 157|0x0000000089d00000, 0x0000000089e00000, 0x0000000089e00000|100%| O|  |TAMS 0x0000000089e00000, 0x0000000089d00000| Untracked 
| 158|0x0000000089e00000, 0x0000000089f00000, 0x0000000089f00000|100%| O|  |TAMS 0x0000000089f00000, 0x0000000089e00000| Complete 
| 159|0x0000000089f00000, 0x000000008a000000, 0x000000008a000000|100%| O|  |TAMS 0x000000008a000000, 0x0000000089f00000| Complete 
| 160|0x000000008a000000, 0x000000008a100000, 0x000000008a100000|100%| O|  |TAMS 0x000000008a100000, 0x000000008a000000| Complete 
| 161|0x000000008a100000, 0x000000008a200000, 0x000000008a200000|100%| O|  |TAMS 0x000000008a200000, 0x000000008a100000| Complete 
| 162|0x000000008a200000, 0x000000008a200000, 0x000000008a300000|  0%| F|  |TAMS 0x000000008a200000, 0x000000008a200000| Untracked 
| 163|0x000000008a300000, 0x000000008a300000, 0x000000008a400000|  0%| F|  |TAMS 0x000000008a300000, 0x000000008a300000| Untracked 
| 164|0x000000008a400000, 0x000000008a400000, 0x000000008a500000|  0%| F|  |TAMS 0x000000008a400000, 0x000000008a400000| Untracked 
| 165|0x000000008a500000, 0x000000008a500000, 0x000000008a600000|  0%| F|  |TAMS 0x000000008a500000, 0x000000008a500000| Untracked 
| 166|0x000000008a600000, 0x000000008a600000, 0x000000008a700000|  0%| F|  |TAMS 0x000000008a600000, 0x000000008a600000| Untracked 
| 167|0x000000008a700000, 0x000000008a700000, 0x000000008a800000|  0%| F|  |TAMS 0x000000008a700000, 0x000000008a700000| Untracked 
| 168|0x000000008a800000, 0x000000008a800000, 0x000000008a900000|  0%| F|  |TAMS 0x000000008a800000, 0x000000008a800000| Untracked 
| 169|0x000000008a900000, 0x000000008a900000, 0x000000008aa00000|  0%| F|  |TAMS 0x000000008a900000, 0x000000008a900000| Untracked 
| 170|0x000000008aa00000, 0x000000008aa00000, 0x000000008ab00000|  0%| F|  |TAMS 0x000000008aa00000, 0x000000008aa00000| Untracked 
| 171|0x000000008ab00000, 0x000000008ab00000, 0x000000008ac00000|  0%| F|  |TAMS 0x000000008ab00000, 0x000000008ab00000| Untracked 
| 172|0x000000008ac00000, 0x000000008ac00000, 0x000000008ad00000|  0%| F|  |TAMS 0x000000008ac00000, 0x000000008ac00000| Untracked 
| 173|0x000000008ad00000, 0x000000008ad00000, 0x000000008ae00000|  0%| F|  |TAMS 0x000000008ad00000, 0x000000008ad00000| Untracked 
| 174|0x000000008ae00000, 0x000000008ae00000, 0x000000008af00000|  0%| F|  |TAMS 0x000000008ae00000, 0x000000008ae00000| Untracked 
| 175|0x000000008af00000, 0x000000008af00000, 0x000000008b000000|  0%| F|  |TAMS 0x000000008af00000, 0x000000008af00000| Untracked 
| 176|0x000000008b000000, 0x000000008b000000, 0x000000008b100000|  0%| F|  |TAMS 0x000000008b000000, 0x000000008b000000| Untracked 
| 177|0x000000008b100000, 0x000000008b100000, 0x000000008b200000|  0%| F|  |TAMS 0x000000008b100000, 0x000000008b100000| Untracked 
| 178|0x000000008b200000, 0x000000008b200000, 0x000000008b300000|  0%| F|  |TAMS 0x000000008b200000, 0x000000008b200000| Untracked 
| 179|0x000000008b300000, 0x000000008b300000, 0x000000008b400000|  0%| F|  |TAMS 0x000000008b300000, 0x000000008b300000| Untracked 
| 180|0x000000008b400000, 0x000000008b400000, 0x000000008b500000|  0%| F|  |TAMS 0x000000008b400000, 0x000000008b400000| Untracked 
| 181|0x000000008b500000, 0x000000008b500000, 0x000000008b600000|  0%| F|  |TAMS 0x000000008b500000, 0x000000008b500000| Untracked 
| 182|0x000000008b600000, 0x000000008b600000, 0x000000008b700000|  0%| F|  |TAMS 0x000000008b600000, 0x000000008b600000| Untracked 
| 183|0x000000008b700000, 0x000000008b700000, 0x000000008b800000|  0%| F|  |TAMS 0x000000008b700000, 0x000000008b700000| Untracked 
| 184|0x000000008b800000, 0x000000008b800000, 0x000000008b900000|  0%| F|  |TAMS 0x000000008b800000, 0x000000008b800000| Untracked 
| 185|0x000000008b900000, 0x000000008b900000, 0x000000008ba00000|  0%| F|  |TAMS 0x000000008b900000, 0x000000008b900000| Untracked 
| 186|0x000000008ba00000, 0x000000008ba00000, 0x000000008bb00000|  0%| F|  |TAMS 0x000000008ba00000, 0x000000008ba00000| Untracked 
| 187|0x000000008bb00000, 0x000000008bb00000, 0x000000008bc00000|  0%| F|  |TAMS 0x000000008bb00000, 0x000000008bb00000| Untracked 
| 188|0x000000008bc00000, 0x000000008bc00000, 0x000000008bd00000|  0%| F|  |TAMS 0x000000008bc00000, 0x000000008bc00000| Untracked 
| 189|0x000000008bd00000, 0x000000008bd00000, 0x000000008be00000|  0%| F|  |TAMS 0x000000008bd00000, 0x000000008bd00000| Untracked 
| 190|0x000000008be00000, 0x000000008be00000, 0x000000008bf00000|  0%| F|  |TAMS 0x000000008be00000, 0x000000008be00000| Untracked 
| 191|0x000000008bf00000, 0x000000008c000000, 0x000000008c000000|100%| S|CS|TAMS 0x000000008bf00000, 0x000000008bf00000| Complete 
| 192|0x000000008c000000, 0x000000008c100000, 0x000000008c100000|100%| S|CS|TAMS 0x000000008c000000, 0x000000008c000000| Complete 
| 193|0x000000008c100000, 0x000000008c200000, 0x000000008c200000|100%| S|CS|TAMS 0x000000008c100000, 0x000000008c100000| Complete 
| 194|0x000000008c200000, 0x000000008c300000, 0x000000008c300000|100%| S|CS|TAMS 0x000000008c200000, 0x000000008c200000| Complete 
| 195|0x000000008c300000, 0x000000008c400000, 0x000000008c400000|100%| S|CS|TAMS 0x000000008c300000, 0x000000008c300000| Complete 
| 196|0x000000008c400000, 0x000000008c500000, 0x000000008c500000|100%| S|CS|TAMS 0x000000008c400000, 0x000000008c400000| Complete 
| 197|0x000000008c500000, 0x000000008c600000, 0x000000008c600000|100%| S|CS|TAMS 0x000000008c500000, 0x000000008c500000| Complete 
| 198|0x000000008c600000, 0x000000008c600000, 0x000000008c700000|  0%| F|  |TAMS 0x000000008c600000, 0x000000008c600000| Untracked 
| 199|0x000000008c700000, 0x000000008c700000, 0x000000008c800000|  0%| F|  |TAMS 0x000000008c700000, 0x000000008c700000| Untracked 
| 200|0x000000008c800000, 0x000000008c800000, 0x000000008c900000|  0%| F|  |TAMS 0x000000008c800000, 0x000000008c800000| Untracked 
| 201|0x000000008c900000, 0x000000008c900000, 0x000000008ca00000|  0%| F|  |TAMS 0x000000008c900000, 0x000000008c900000| Untracked 
| 202|0x000000008ca00000, 0x000000008ca00000, 0x000000008cb00000|  0%| F|  |TAMS 0x000000008ca00000, 0x000000008ca00000| Untracked 
| 203|0x000000008cb00000, 0x000000008cb00000, 0x000000008cc00000|  0%| F|  |TAMS 0x000000008cb00000, 0x000000008cb00000| Untracked 
| 204|0x000000008cc00000, 0x000000008cc00000, 0x000000008cd00000|  0%| F|  |TAMS 0x000000008cc00000, 0x000000008cc00000| Untracked 
| 205|0x000000008cd00000, 0x000000008cd00000, 0x000000008ce00000|  0%| F|  |TAMS 0x000000008cd00000, 0x000000008cd00000| Untracked 
| 206|0x000000008ce00000, 0x000000008ce0b290, 0x000000008cf00000|  4%| E|  |TAMS 0x000000008ce00000, 0x000000008ce00000| Complete 
| 207|0x000000008cf00000, 0x000000008d000000, 0x000000008d000000|100%| E|CS|TAMS 0x000000008cf00000, 0x000000008cf00000| Complete 
| 208|0x000000008d000000, 0x000000008d100000, 0x000000008d100000|100%| E|CS|TAMS 0x000000008d000000, 0x000000008d000000| Complete 
| 209|0x000000008d100000, 0x000000008d200000, 0x000000008d200000|100%| E|CS|TAMS 0x000000008d100000, 0x000000008d100000| Complete 
| 210|0x000000008d200000, 0x000000008d300000, 0x000000008d300000|100%| E|CS|TAMS 0x000000008d200000, 0x000000008d200000| Complete 
| 211|0x000000008d300000, 0x000000008d400000, 0x000000008d400000|100%| E|CS|TAMS 0x000000008d300000, 0x000000008d300000| Complete 
| 212|0x000000008d400000, 0x000000008d500000, 0x000000008d500000|100%| E|CS|TAMS 0x000000008d400000, 0x000000008d400000| Complete 
| 213|0x000000008d500000, 0x000000008d600000, 0x000000008d600000|100%| E|CS|TAMS 0x000000008d500000, 0x000000008d500000| Complete 
| 214|0x000000008d600000, 0x000000008d700000, 0x000000008d700000|100%| E|CS|TAMS 0x000000008d600000, 0x000000008d600000| Complete 
| 215|0x000000008d700000, 0x000000008d800000, 0x000000008d800000|100%| E|CS|TAMS 0x000000008d700000, 0x000000008d700000| Complete 
| 216|0x000000008d800000, 0x000000008d900000, 0x000000008d900000|100%| E|CS|TAMS 0x000000008d800000, 0x000000008d800000| Complete 
| 217|0x000000008d900000, 0x000000008da00000, 0x000000008da00000|100%| E|CS|TAMS 0x000000008d900000, 0x000000008d900000| Complete 
| 218|0x000000008da00000, 0x000000008db00000, 0x000000008db00000|100%| E|CS|TAMS 0x000000008da00000, 0x000000008da00000| Complete 
| 219|0x000000008db00000, 0x000000008dc00000, 0x000000008dc00000|100%| E|CS|TAMS 0x000000008db00000, 0x000000008db00000| Complete 
| 220|0x000000008dc00000, 0x000000008dd00000, 0x000000008dd00000|100%| E|CS|TAMS 0x000000008dc00000, 0x000000008dc00000| Complete 
| 221|0x000000008dd00000, 0x000000008de00000, 0x000000008de00000|100%| E|CS|TAMS 0x000000008dd00000, 0x000000008dd00000| Complete 
| 222|0x000000008de00000, 0x000000008df00000, 0x000000008df00000|100%| E|CS|TAMS 0x000000008de00000, 0x000000008de00000| Complete 
| 223|0x000000008df00000, 0x000000008e000000, 0x000000008e000000|100%| E|CS|TAMS 0x000000008df00000, 0x000000008df00000| Complete 
| 224|0x000000008e000000, 0x000000008e100000, 0x000000008e100000|100%| E|CS|TAMS 0x000000008e000000, 0x000000008e000000| Complete 
| 225|0x000000008e100000, 0x000000008e200000, 0x000000008e200000|100%| E|CS|TAMS 0x000000008e100000, 0x000000008e100000| Complete 
| 226|0x000000008e200000, 0x000000008e300000, 0x000000008e300000|100%| E|CS|TAMS 0x000000008e200000, 0x000000008e200000| Complete 
| 227|0x000000008e300000, 0x000000008e400000, 0x000000008e400000|100%| E|CS|TAMS 0x000000008e300000, 0x000000008e300000| Complete 
| 228|0x000000008e400000, 0x000000008e500000, 0x000000008e500000|100%| E|CS|TAMS 0x000000008e400000, 0x000000008e400000| Complete 
| 229|0x000000008e500000, 0x000000008e600000, 0x000000008e600000|100%| E|CS|TAMS 0x000000008e500000, 0x000000008e500000| Complete 
| 230|0x000000008e600000, 0x000000008e700000, 0x000000008e700000|100%| E|CS|TAMS 0x000000008e600000, 0x000000008e600000| Complete 
| 231|0x000000008e700000, 0x000000008e800000, 0x000000008e800000|100%| E|CS|TAMS 0x000000008e700000, 0x000000008e700000| Complete 
| 232|0x000000008e800000, 0x000000008e900000, 0x000000008e900000|100%| E|CS|TAMS 0x000000008e800000, 0x000000008e800000| Complete 
| 233|0x000000008e900000, 0x000000008ea00000, 0x000000008ea00000|100%| E|CS|TAMS 0x000000008e900000, 0x000000008e900000| Complete 
| 234|0x000000008ea00000, 0x000000008eb00000, 0x000000008eb00000|100%| E|CS|TAMS 0x000000008ea00000, 0x000000008ea00000| Complete 
| 235|0x000000008eb00000, 0x000000008ec00000, 0x000000008ec00000|100%| E|CS|TAMS 0x000000008eb00000, 0x000000008eb00000| Complete 
| 236|0x000000008ec00000, 0x000000008ed00000, 0x000000008ed00000|100%| E|  |TAMS 0x000000008ec00000, 0x000000008ec00000| Complete 
| 237|0x000000008ed00000, 0x000000008ee00000, 0x000000008ee00000|100%| E|CS|TAMS 0x000000008ed00000, 0x000000008ed00000| Complete 
| 238|0x000000008ee00000, 0x000000008ef00000, 0x000000008ef00000|100%| E|CS|TAMS 0x000000008ee00000, 0x000000008ee00000| Complete 
| 239|0x000000008ef00000, 0x000000008f000000, 0x000000008f000000|100%| E|CS|TAMS 0x000000008ef00000, 0x000000008ef00000| Complete 
| 240|0x000000008f000000, 0x000000008f100000, 0x000000008f100000|100%| E|CS|TAMS 0x000000008f000000, 0x000000008f000000| Complete 
| 241|0x000000008f100000, 0x000000008f200000, 0x000000008f200000|100%| E|CS|TAMS 0x000000008f100000, 0x000000008f100000| Complete 
| 242|0x000000008f200000, 0x000000008f300000, 0x000000008f300000|100%| E|CS|TAMS 0x000000008f200000, 0x000000008f200000| Complete 
| 243|0x000000008f300000, 0x000000008f400000, 0x000000008f400000|100%| E|CS|TAMS 0x000000008f300000, 0x000000008f300000| Complete 
| 244|0x000000008f400000, 0x000000008f500000, 0x000000008f500000|100%| E|CS|TAMS 0x000000008f400000, 0x000000008f400000| Complete 
| 245|0x000000008f500000, 0x000000008f600000, 0x000000008f600000|100%| E|CS|TAMS 0x000000008f500000, 0x000000008f500000| Complete 
| 246|0x000000008f600000, 0x000000008f700000, 0x000000008f700000|100%| E|CS|TAMS 0x000000008f600000, 0x000000008f600000| Complete 
| 247|0x000000008f700000, 0x000000008f800000, 0x000000008f800000|100%| E|CS|TAMS 0x000000008f700000, 0x000000008f700000| Complete 

Card table byte_map: [0x000001be4b580000,0x000001be4b980000] _byte_map_base: 0x000001be4b180000

Marking Bits (Prev, Next): (CMBitMap*) 0x000001be35ef53e0, (CMBitMap*) 0x000001be35ef53a8
 Prev Bits: [0x000001be4dd80000, 0x000001be4fd80000)
 Next Bits: [0x000001be4bd80000, 0x000001be4dd80000)

Polling page: 0x000001be35f80000

Metaspace:

Usage:
  Non-class:    117.79 MB capacity,   115.00 MB ( 98%) used,     2.26 MB (  2%) free+waste,   548.81 KB ( <1%) overhead. 
      Class:     18.25 MB capacity,    16.57 MB ( 91%) used,     1.44 MB (  8%) free+waste,   241.12 KB (  1%) overhead. 
       Both:    136.04 MB capacity,   131.57 MB ( 97%) used,     3.70 MB (  3%) free+waste,   789.94 KB ( <1%) overhead. 

Virtual space:
  Non-class space:      124.00 MB reserved,     122.67 MB ( 99%) committed 
      Class space:        1.00 GB reserved,      21.50 MB (  2%) committed 
             Both:        1.12 GB reserved,     144.17 MB ( 13%) committed 

Chunk freelists:
   Non-Class:  4.82 MB
       Class:  3.19 MB
        Both:  8.00 MB

MaxMetaspaceSize: 17179869184.00 GB
CompressedClassSpaceSize: 1.00 GB
Initial GC threshold: 20.80 MB
Current GC threshold: 240.29 MB
CDS: off

CodeHeap 'non-profiled nmethods': size=119168Kb used=17169Kb max_used=17261Kb free=101998Kb
 bounds [0x000001be42d70000, 0x000001be43ea0000, 0x000001be4a1d0000]
CodeHeap 'profiled nmethods': size=119168Kb used=54021Kb max_used=56172Kb free=65146Kb
 bounds [0x000001be3b910000, 0x000001be3eff0000, 0x000001be42d70000]
CodeHeap 'non-nmethods': size=7424Kb used=2485Kb max_used=4277Kb free=4939Kb
 bounds [0x000001be3b1d0000, 0x000001be3b610000, 0x000001be3b910000]
 total_blobs=25138 nmethods=24114 adapters=934
 compilation: enabled
              stopped_count=0, restarted_count=0
 full_count=0

Compilation events (20 events):
Event: 387.655 Thread 0x000001be53707800 26880       4       org.gradle.api.internal.artifacts.ivyservice.resolveengine.graph.builder.NodeState::isExcluded (95 bytes)
Event: 387.655 Thread 0x000001be53714000 nmethod 26877 0x000001be4328f090 code [0x000001be4328f240, 0x000001be4328f2f8]
Event: 387.655 Thread 0x000001be53714000 26879       3       org.gradle.internal.component.model.DefaultMultipleCandidateResult::hasResult (20 bytes)
Event: 387.655 Thread 0x000001be53714000 nmethod 26879 0x000001be3b988a10 code [0x000001be3b988bc0, 0x000001be3b988d58]
Event: 387.655 Thread 0x000001be53714000 26878       1       org.gradle.internal.component.model.DefaultMultipleCandidateResult::getCandidateValues (5 bytes)
Event: 387.655 Thread 0x000001be53714000 nmethod 26878 0x000001be435e1810 code [0x000001be435e19c0, 0x000001be435e1a78]
Event: 387.660 Thread 0x000001be53707800 nmethod 26880 0x000001be432d7d90 code [0x000001be432d7fc0, 0x000001be432d85e8]
Event: 387.660 Thread 0x000001be53707800 26881       4       org.gradle.cache.internal.cacheops.CacheAccessOperationsStack::getOrCreateStack (33 bytes)
Event: 387.670 Thread 0x000001be53714000 26884       3       org.gradle.api.internal.artifacts.ivyservice.resolveengine.graph.selectors.SelectorStateResolver::resolveConflicts (76 bytes)
Event: 387.670 Thread 0x000001be53714000 nmethod 26884 0x000001be3b9b0990 code [0x000001be3b9b0c20, 0x000001be3b9b17b8]
Event: 387.675 Thread 0x000001be53707800 nmethod 26881 0x000001be43280990 code [0x000001be43280bc0, 0x000001be43282068]
Event: 387.675 Thread 0x000001be53707800 26883       4       com.google.common.collect.ImmutableMap::copyOf (58 bytes)
Event: 387.675 Thread 0x000001be5bce5800 26885   !   4       org.gradle.cache.internal.DefaultCacheAccess::takeOwnership (50 bytes)
Event: 387.681 Thread 0x000001be53707800 nmethod 26883 0x000001be4311a890 code [0x000001be4311aaa0, 0x000001be4311b228]
Event: 387.681 Thread 0x000001be53707800 26890       4       org.gradle.internal.component.external.model.DefaultModuleComponentArtifactIdentifier::<init> (34 bytes)
Event: 387.681 Thread 0x000001be5bcdf800 26882       4       org.gradle.cache.internal.cacheops.CacheAccessOperationsStack::popCacheAction (44 bytes)
Event: 387.683 Thread 0x000001be53707800 nmethod 26890 0x000001be433aca90 code [0x000001be433acc40, 0x000001be433aced8]
Event: 387.683 Thread 0x000001be53707800 26889       4       org.gradle.api.internal.artifacts.ivyservice.resolveengine.graph.builder.SelectorState::update (95 bytes)
Event: 387.683 Thread 0x000001be53714000 26891       1       org.gradle.api.internal.artifacts.ivyservice.resolveengine.excludes.factories.CachingExcludeFactory$ExcludesKey::hashCode (5 bytes)
Event: 387.683 Thread 0x000001be53714000 nmethod 26891 0x000001be435e1490 code [0x000001be435e1640, 0x000001be435e16f8]

GC Heap History (20 events):
Event: 322.976 GC heap before
{Heap before GC invocations=36 (full 0):
 garbage-first heap   total 253952K, used 198629K [0x0000000080000000, 0x0000000100000000)
  region size 1024K, 55 young (56320K), 1 survivors (1024K)
 Metaspace       used 133586K, capacity 140721K, committed 140848K, reserved 1169408K
  class space    used 18055K, capacity 20995K, committed 21120K, reserved 1048576K
}
Event: 322.980 GC heap after
{Heap after GC invocations=37 (full 0):
 garbage-first heap   total 253952K, used 145288K [0x0000000080000000, 0x0000000100000000)
  region size 1024K, 2 young (2048K), 2 survivors (2048K)
 Metaspace       used 133586K, capacity 140721K, committed 140848K, reserved 1169408K
  class space    used 18055K, capacity 20995K, committed 21120K, reserved 1048576K
}
Event: 323.153 GC heap before
{Heap before GC invocations=38 (full 0):
 garbage-first heap   total 253952K, used 202632K [0x0000000080000000, 0x0000000100000000)
  region size 1024K, 58 young (59392K), 2 survivors (2048K)
 Metaspace       used 131622K, capacity 137038K, committed 143408K, reserved 1171456K
  class space    used 17066K, capacity 19126K, committed 21632K, reserved 1048576K
}
Event: 323.155 GC heap after
{Heap after GC invocations=39 (full 0):
 garbage-first heap   total 253952K, used 150444K [0x0000000080000000, 0x0000000100000000)
  region size 1024K, 5 young (5120K), 5 survivors (5120K)
 Metaspace       used 131622K, capacity 137038K, committed 143408K, reserved 1171456K
  class space    used 17066K, capacity 19126K, committed 21632K, reserved 1048576K
}
Event: 323.186 GC heap before
{Heap before GC invocations=39 (full 0):
 garbage-first heap   total 253952K, used 156588K [0x0000000080000000, 0x0000000100000000)
  region size 1024K, 12 young (12288K), 5 survivors (5120K)
 Metaspace       used 131729K, capacity 137115K, committed 143408K, reserved 1171456K
  class space    used 17069K, capacity 19126K, committed 21632K, reserved 1048576K
}
Event: 323.190 GC heap after
{Heap after GC invocations=40 (full 0):
 garbage-first heap   total 253952K, used 142124K [0x0000000080000000, 0x0000000100000000)
  region size 1024K, 1 young (1024K), 1 survivors (1024K)
 Metaspace       used 131729K, capacity 137115K, committed 143408K, reserved 1171456K
  class space    used 17069K, capacity 19126K, committed 21632K, reserved 1048576K
}
Event: 323.637 GC heap before
{Heap before GC invocations=40 (full 0):
 garbage-first heap   total 253952K, used 204588K [0x0000000080000000, 0x0000000100000000)
  region size 1024K, 60 young (61440K), 1 survivors (1024K)
 Metaspace       used 134603K, capacity 140254K, committed 145712K, reserved 1173504K
  class space    used 17423K, capacity 19574K, committed 21888K, reserved 1048576K
}
Event: 323.640 GC heap after
{Heap after GC invocations=41 (full 0):
 garbage-first heap   total 253952K, used 144874K [0x0000000080000000, 0x0000000100000000)
  region size 1024K, 3 young (3072K), 3 survivors (3072K)
 Metaspace       used 134603K, capacity 140254K, committed 145712K, reserved 1173504K
  class space    used 17423K, capacity 19574K, committed 21888K, reserved 1048576K
}
Event: 323.691 GC heap before
{Heap before GC invocations=41 (full 0):
 garbage-first heap   total 253952K, used 151018K [0x0000000080000000, 0x0000000100000000)
  region size 1024K, 10 young (10240K), 3 survivors (3072K)
 Metaspace       used 135180K, capacity 140864K, committed 146224K, reserved 1173504K
  class space    used 17515K, capacity 19674K, committed 21888K, reserved 1048576K
}
Event: 323.694 GC heap after
{Heap after GC invocations=42 (full 0):
 garbage-first heap   total 253952K, used 146926K [0x0000000080000000, 0x0000000100000000)
  region size 1024K, 4 young (4096K), 4 survivors (4096K)
 Metaspace       used 135180K, capacity 140864K, committed 146224K, reserved 1173504K
  class space    used 17515K, capacity 19674K, committed 21888K, reserved 1048576K
}
Event: 336.177 GC heap before
{Heap before GC invocations=43 (full 0):
 garbage-first heap   total 253952K, used 219630K [0x0000000080000000, 0x0000000100000000)
  region size 1024K, 44 young (45056K), 4 survivors (4096K)
 Metaspace       used 133819K, capacity 138242K, committed 147120K, reserved 1175552K
  class space    used 16926K, capacity 18606K, committed 22016K, reserved 1048576K
}
Event: 336.180 GC heap after
{Heap after GC invocations=44 (full 0):
 garbage-first heap   total 253952K, used 145325K [0x0000000080000000, 0x0000000100000000)
  region size 1024K, 4 young (4096K), 4 survivors (4096K)
 Metaspace       used 133819K, capacity 138242K, committed 147120K, reserved 1175552K
  class space    used 16926K, capacity 18606K, committed 22016K, reserved 1048576K
}
Event: 336.235 GC heap before
{Heap before GC invocations=44 (full 0):
 garbage-first heap   total 253952K, used 153517K [0x0000000080000000, 0x0000000100000000)
  region size 1024K, 12 young (12288K), 4 survivors (4096K)
 Metaspace       used 133914K, capacity 138464K, committed 147120K, reserved 1175552K
  class space    used 16929K, capacity 18612K, committed 22016K, reserved 1048576K
}
Event: 336.239 GC heap after
{Heap after GC invocations=45 (full 0):
 garbage-first heap   total 253952K, used 137195K [0x0000000080000000, 0x0000000100000000)
  region size 1024K, 2 young (2048K), 2 survivors (2048K)
 Metaspace       used 133914K, capacity 138464K, committed 147120K, reserved 1175552K
  class space    used 16929K, capacity 18612K, committed 22016K, reserved 1048576K
}
Event: 336.603 GC heap before
{Heap before GC invocations=45 (full 0):
 garbage-first heap   total 253952K, used 185323K [0x0000000080000000, 0x0000000100000000)
  region size 1024K, 50 young (51200K), 2 survivors (2048K)
 Metaspace       used 134334K, capacity 138946K, committed 147376K, reserved 1175552K
  class space    used 16968K, capacity 18682K, committed 22016K, reserved 1048576K
}
Event: 336.607 GC heap after
{Heap after GC invocations=46 (full 0):
 garbage-first heap   total 253952K, used 143360K [0x0000000080000000, 0x0000000100000000)
  region size 1024K, 7 young (7168K), 7 survivors (7168K)
 Metaspace       used 134334K, capacity 138946K, committed 147376K, reserved 1175552K
  class space    used 16968K, capacity 18682K, committed 22016K, reserved 1048576K
}
Event: 360.777 GC heap before
{Heap before GC invocations=46 (full 0):
 garbage-first heap   total 253952K, used 190464K [0x0000000080000000, 0x0000000100000000)
  region size 1024K, 54 young (55296K), 7 survivors (7168K)
 Metaspace       used 134526K, capacity 139127K, committed 147376K, reserved 1175552K
  class space    used 16988K, capacity 18719K, committed 22016K, reserved 1048576K
}
Event: 360.782 GC heap after
{Heap after GC invocations=47 (full 0):
 garbage-first heap   total 253952K, used 147437K [0x0000000080000000, 0x0000000100000000)
  region size 1024K, 5 young (5120K), 5 survivors (5120K)
 Metaspace       used 134526K, capacity 139127K, committed 147376K, reserved 1175552K
  class space    used 16988K, capacity 18719K, committed 22016K, reserved 1048576K
}
Event: 361.033 GC heap before
{Heap before GC invocations=47 (full 0):
 garbage-first heap   total 253952K, used 194541K [0x0000000080000000, 0x0000000100000000)
  region size 1024K, 52 young (53248K), 5 survivors (5120K)
 Metaspace       used 134677K, capacity 139227K, committed 147632K, reserved 1175552K
  class space    used 16994K, capacity 18730K, committed 22016K, reserved 1048576K
}
Event: 361.043 GC heap after
{Heap after GC invocations=48 (full 0):
 garbage-first heap   total 253952K, used 154624K [0x0000000080000000, 0x0000000100000000)
  region size 1024K, 7 young (7168K), 7 survivors (7168K)
 Metaspace       used 134677K, capacity 139227K, committed 147632K, reserved 1175552K
  class space    used 16994K, capacity 18730K, committed 22016K, reserved 1048576K
}

Deoptimization events (20 events):
Event: 360.839 Thread 0x000001be5c1c5000 DEOPT PACKING pc=0x000001be3df35330 sp=0x0000006e009f9590
Event: 360.839 Thread 0x000001be5c1c5000 DEOPT UNPACKING pc=0x000001be3b21a95e sp=0x0000006e009f8ad0 mode 0
Event: 360.839 Thread 0x000001be5c1c5000 DEOPT PACKING pc=0x000001be3cd16724 sp=0x0000006e009f95e0
Event: 360.839 Thread 0x000001be5c1c5000 DEOPT UNPACKING pc=0x000001be3b21a95e sp=0x0000006e009f8aa0 mode 0
Event: 360.839 Thread 0x000001be5c1c5000 DEOPT PACKING pc=0x000001be3df35330 sp=0x0000006e009f94c0
Event: 360.839 Thread 0x000001be5c1c5000 DEOPT UNPACKING pc=0x000001be3b21a95e sp=0x0000006e009f8a00 mode 0
Event: 360.839 Thread 0x000001be5c1c5000 DEOPT PACKING pc=0x000001be3cd16724 sp=0x0000006e009f96b0
Event: 360.839 Thread 0x000001be5c1c5000 DEOPT UNPACKING pc=0x000001be3b21a95e sp=0x0000006e009f8b70 mode 0
Event: 360.842 Thread 0x000001be5c1c5000 DEOPT PACKING pc=0x000001be3df35330 sp=0x0000006e009f9550
Event: 360.842 Thread 0x000001be5c1c5000 DEOPT UNPACKING pc=0x000001be3b21a95e sp=0x0000006e009f8a70 mode 0
Event: 360.843 Thread 0x000001be5c1c5000 DEOPT PACKING pc=0x000001be3cd16724 sp=0x0000006e009f9600
Event: 360.843 Thread 0x000001be5c1c5000 DEOPT UNPACKING pc=0x000001be3b21a95e sp=0x0000006e009f8ac0 mode 0
Event: 360.843 Thread 0x000001be5c1c5000 DEOPT PACKING pc=0x000001be3df35330 sp=0x0000006e009f9480
Event: 360.843 Thread 0x000001be5c1c5000 DEOPT UNPACKING pc=0x000001be3b21a95e sp=0x0000006e009f89a0 mode 0
Event: 360.843 Thread 0x000001be5c1c5000 DEOPT PACKING pc=0x000001be3cd16724 sp=0x0000006e009f9600
Event: 360.843 Thread 0x000001be5c1c5000 DEOPT UNPACKING pc=0x000001be3b21a95e sp=0x0000006e009f8ac0 mode 0
Event: 361.201 Thread 0x000001be5c1c5000 Uncommon trap: trap_request=0xfffffff4 fr.pc=0x000001be43109f78 relative=0x0000000000000898
Event: 361.201 Thread 0x000001be5c1c5000 Uncommon trap: reason=null_check action=make_not_entrant pc=0x000001be43109f78 method=java.lang.ThreadLocal$ThreadLocalMap.set(Ljava/lang/ThreadLocal;Ljava/lang/Object;)V @ 36 c2
Event: 361.201 Thread 0x000001be5c1c5000 DEOPT PACKING pc=0x000001be43109f78 sp=0x0000006e009fc5d0
Event: 361.201 Thread 0x000001be5c1c5000 DEOPT UNPACKING pc=0x000001be3b21a1af sp=0x0000006e009fc590 mode 2

Classes redefined (0 events):
No events

Internal exceptions (20 events):
Event: 336.161 Thread 0x000001be5c1c5000 Exception <a 'sun/nio/fs/WindowsException'{0x000000008ce8a400}> (0x000000008ce8a400) thrown at [src/hotspot/share/prims/jni.cpp, line 617]
Event: 336.267 Thread 0x000001be5c1c5000 Exception <a 'sun/nio/fs/WindowsException'{0x000000008f4bfda8}> (0x000000008f4bfda8) thrown at [src/hotspot/share/prims/jni.cpp, line 617]
Event: 336.271 Thread 0x000001be5c1c5000 Exception <a 'sun/nio/fs/WindowsException'{0x000000008f35c3a0}> (0x000000008f35c3a0) thrown at [src/hotspot/share/prims/jni.cpp, line 617]
Event: 336.272 Thread 0x000001be5c1c5000 Exception <a 'sun/nio/fs/WindowsException'{0x000000008f35d688}> (0x000000008f35d688) thrown at [src/hotspot/share/prims/jni.cpp, line 617]
Event: 336.272 Thread 0x000001be5c1c5000 Exception <a 'sun/nio/fs/WindowsException'{0x000000008f35e9c0}> (0x000000008f35e9c0) thrown at [src/hotspot/share/prims/jni.cpp, line 617]
Event: 336.272 Thread 0x000001be5c1c5000 Exception <a 'sun/nio/fs/WindowsException'{0x000000008f35fcf8}> (0x000000008f35fcf8) thrown at [src/hotspot/share/prims/jni.cpp, line 617]
Event: 336.695 Thread 0x000001be5c1c5000 Exception <a 'sun/nio/fs/WindowsException'{0x000000008eab9f70}> (0x000000008eab9f70) thrown at [src/hotspot/share/prims/jni.cpp, line 617]
Event: 336.695 Thread 0x000001be5c1c5000 Exception <a 'sun/nio/fs/WindowsException'{0x000000008eab9ff8}> (0x000000008eab9ff8) thrown at [src/hotspot/share/prims/jni.cpp, line 617]
Event: 336.696 Thread 0x000001be5c1c5000 Exception <a 'sun/nio/fs/WindowsException'{0x000000008eabb900}> (0x000000008eabb900) thrown at [src/hotspot/share/prims/jni.cpp, line 617]
Event: 360.755 Thread 0x000001be5c1c5000 Exception <a 'sun/nio/fs/WindowsException'{0x000000008cdee168}> (0x000000008cdee168) thrown at [src/hotspot/share/prims/jni.cpp, line 617]
Event: 360.755 Thread 0x000001be5c1c5000 Exception <a 'sun/nio/fs/WindowsException'{0x000000008cdefcc0}> (0x000000008cdefcc0) thrown at [src/hotspot/share/prims/jni.cpp, line 617]
Event: 360.837 Thread 0x000001be5c1c5000 Exception <a 'sun/nio/fs/WindowsException'{0x000000008eebb130}> (0x000000008eebb130) thrown at [src/hotspot/share/prims/jni.cpp, line 617]
Event: 360.841 Thread 0x000001be5c1c5000 Exception <a 'sun/nio/fs/WindowsException'{0x000000008ed57248}> (0x000000008ed57248) thrown at [src/hotspot/share/prims/jni.cpp, line 617]
Event: 360.841 Thread 0x000001be5c1c5000 Exception <a 'sun/nio/fs/WindowsException'{0x000000008ed58530}> (0x000000008ed58530) thrown at [src/hotspot/share/prims/jni.cpp, line 617]
Event: 360.841 Thread 0x000001be5c1c5000 Exception <a 'sun/nio/fs/WindowsException'{0x000000008ed59868}> (0x000000008ed59868) thrown at [src/hotspot/share/prims/jni.cpp, line 617]
Event: 360.841 Thread 0x000001be5c1c5000 Exception <a 'sun/nio/fs/WindowsException'{0x000000008ed5aba0}> (0x000000008ed5aba0) thrown at [src/hotspot/share/prims/jni.cpp, line 617]
Event: 361.201 Thread 0x000001be5c1c5000 Implicit null exception at 0x000001be4310978a to 0x000001be43109f60
Event: 361.203 Thread 0x000001be5c1c5000 Exception <a 'sun/nio/fs/WindowsException'{0x000000008e3153c8}> (0x000000008e3153c8) thrown at [src/hotspot/share/prims/jni.cpp, line 617]
Event: 361.203 Thread 0x000001be5c1c5000 Exception <a 'sun/nio/fs/WindowsException'{0x000000008e315450}> (0x000000008e315450) thrown at [src/hotspot/share/prims/jni.cpp, line 617]
Event: 361.204 Thread 0x000001be5c1c5000 Exception <a 'sun/nio/fs/WindowsException'{0x000000008e316d58}> (0x000000008e316d58) thrown at [src/hotspot/share/prims/jni.cpp, line 617]

Events (20 events):
Event: 381.367 Thread 0x000001be5b8b5000 Thread exited: 0x000001be5b8b5000
Event: 381.367 Thread 0x000001be5b8b4000 Thread exited: 0x000001be5b8b4000
Event: 381.367 Thread 0x000001be5b8b0800 Thread exited: 0x000001be5b8b0800
Event: 383.788 Executing VM operation: RevokeBias
Event: 383.788 Executing VM operation: RevokeBias done
Event: 383.789 Thread 0x000001be59d66000 Thread exited: 0x000001be59d66000
Event: 383.864 Thread 0x000001be5dcf0800 Thread exited: 0x000001be5dcf0800
Event: 387.615 Thread 0x000001be5e7ef800 Thread added: 0x000001be5e7ef800
Event: 387.616 Thread 0x000001be5e7eb000 Thread added: 0x000001be5e7eb000
Event: 387.620 Thread 0x000001be5e7e9800 Thread added: 0x000001be5e7e9800
Event: 387.620 Thread 0x000001be5e7ed000 Thread added: 0x000001be5e7ed000
Event: 387.620 Thread 0x000001be5e7ee800 Thread added: 0x000001be5e7ee800
Event: 387.627 Thread 0x000001be5e7f2000 Thread added: 0x000001be5e7f2000
Event: 387.629 Thread 0x000001be5e7f1000 Thread added: 0x000001be5e7f1000
Event: 387.630 Thread 0x000001be5e7ed800 Thread added: 0x000001be5e7ed800
Event: 387.631 Thread 0x000001be5e7f0000 Thread added: 0x000001be5e7f0000
Event: 387.635 Thread 0x000001be5e7ec000 Thread added: 0x000001be5e7ec000
Event: 387.651 Thread 0x000001be5e7f3800 Thread added: 0x000001be5e7f3800
Event: 387.675 Thread 0x000001be5bce5800 Thread added: 0x000001be5bce5800
Event: 387.681 Thread 0x000001be5bcdf800 Thread added: 0x000001be5bcdf800


Dynamic libraries:
0x00007ff619750000 - 0x00007ff61975a000 	D:\AndroidStudio\jbr\bin\java.exe
0x00007ffdaba70000 - 0x00007ffdabc84000 	C:\WINDOWS\SYSTEM32\ntdll.dll
0x00007ffda9eb0000 - 0x00007ffda9f73000 	C:\WINDOWS\System32\KERNEL32.DLL
0x00007ffda9460000 - 0x00007ffda97fc000 	C:\WINDOWS\System32\KERNELBASE.dll
0x00007ffda9340000 - 0x00007ffda9451000 	C:\WINDOWS\System32\ucrtbase.dll
0x00007ffd9c130000 - 0x00007ffd9c147000 	D:\AndroidStudio\jbr\bin\jli.dll
0x00007ffd9c110000 - 0x00007ffd9c12b000 	D:\AndroidStudio\jbr\bin\VCRUNTIME140.dll
0x00007ffdaafa0000 - 0x00007ffdab14d000 	C:\WINDOWS\System32\USER32.dll
0x00007ffda90c0000 - 0x00007ffda90e6000 	C:\WINDOWS\System32\win32u.dll
0x00007ffd96ef0000 - 0x00007ffd9717e000 	C:\WINDOWS\WinSxS\amd64_microsoft.windows.common-controls_6595b64144ccf1df_6.0.22621.608_none_a9444ca7c10bb01d\COMCTL32.dll
0x00007ffdab750000 - 0x00007ffdab779000 	C:\WINDOWS\System32\GDI32.dll
0x00007ffdab2e0000 - 0x00007ffdab387000 	C:\WINDOWS\System32\msvcrt.dll
0x00007ffda9220000 - 0x00007ffda9333000 	C:\WINDOWS\System32\gdi32full.dll
0x00007ffda8eb0000 - 0x00007ffda8f4a000 	C:\WINDOWS\System32\msvcp_win.dll
0x00007ffda9f80000 - 0x00007ffda9fb1000 	C:\WINDOWS\System32\IMM32.DLL
0x00007ffd96570000 - 0x00007ffd9657c000 	D:\AndroidStudio\jbr\bin\vcruntime140_1.dll
0x00007ffd94680000 - 0x00007ffd9470d000 	D:\AndroidStudio\jbr\bin\msvcp140.dll
0x00007ffd3fea0000 - 0x00007ffd40a5c000 	D:\AndroidStudio\jbr\bin\server\jvm.dll
0x00007ffdaa600000 - 0x00007ffdaa6ae000 	C:\WINDOWS\System32\ADVAPI32.dll
0x00007ffdab6a0000 - 0x00007ffdab744000 	C:\WINDOWS\System32\sechost.dll
0x00007ffdaa440000 - 0x00007ffdaa555000 	C:\WINDOWS\System32\RPCRT4.dll
0x00007ffdab5e0000 - 0x00007ffdab5e8000 	C:\WINDOWS\System32\PSAPI.DLL
0x00007ffd90170000 - 0x00007ffd90179000 	C:\WINDOWS\SYSTEM32\WSOCK32.dll
0x00007ffda04d0000 - 0x00007ffda04da000 	C:\WINDOWS\SYSTEM32\VERSION.dll
0x00007ffda2360000 - 0x00007ffda2394000 	C:\WINDOWS\SYSTEM32\WINMM.dll
0x00007ffdab890000 - 0x00007ffdab901000 	C:\WINDOWS\System32\WS2_32.dll
0x00007ffda7f00000 - 0x00007ffda7f18000 	C:\WINDOWS\SYSTEM32\kernel.appcore.dll
0x00007ffd9fec0000 - 0x00007ffd9fed0000 	D:\AndroidStudio\jbr\bin\verify.dll
0x00007ffda02a0000 - 0x00007ffda04ce000 	C:\WINDOWS\SYSTEM32\DBGHELP.DLL
0x00007ffda98a0000 - 0x00007ffda9c29000 	C:\WINDOWS\System32\combase.dll
0x00007ffda9c30000 - 0x00007ffda9d07000 	C:\WINDOWS\System32\OLEAUT32.dll
0x00007ffda0110000 - 0x00007ffda0142000 	C:\WINDOWS\SYSTEM32\dbgcore.DLL
0x00007ffda9800000 - 0x00007ffda987b000 	C:\WINDOWS\System32\bcryptPrimitives.dll
0x00007ffd9baf0000 - 0x00007ffd9bb18000 	D:\AndroidStudio\jbr\bin\java.dll
0x00007ffd9fb60000 - 0x00007ffd9fb6a000 	D:\AndroidStudio\jbr\bin\jimage.dll
0x00007ffd9bad0000 - 0x00007ffd9bae8000 	D:\AndroidStudio\jbr\bin\zip.dll
0x00007ffdaa7b0000 - 0x00007ffdaafa0000 	C:\WINDOWS\System32\SHELL32.dll
0x00007ffda6ec0000 - 0x00007ffda778e000 	C:\WINDOWS\SYSTEM32\windows.storage.dll
0x00007ffda6d80000 - 0x00007ffda6ebe000 	C:\WINDOWS\SYSTEM32\wintypes.dll
0x00007ffdaa6b0000 - 0x00007ffdaa7a1000 	C:\WINDOWS\System32\SHCORE.dll
0x00007ffdab7e0000 - 0x00007ffdab83e000 	C:\WINDOWS\System32\shlwapi.dll
0x00007ffda8de0000 - 0x00007ffda8e01000 	C:\WINDOWS\SYSTEM32\profapi.dll
0x00007ffd9ba40000 - 0x00007ffd9ba59000 	D:\AndroidStudio\jbr\bin\net.dll
0x00007ffda3ce0000 - 0x00007ffda3e0f000 	C:\WINDOWS\SYSTEM32\WINHTTP.dll
0x00007ffda8370000 - 0x00007ffda83d9000 	C:\WINDOWS\system32\mswsock.dll
0x00007ffd9ba20000 - 0x00007ffd9ba33000 	D:\AndroidStudio\jbr\bin\nio.dll
0x00007ffd96090000 - 0x00007ffd960b7000 	D:\AndroidAVD\.gradle\native\e1d6ef7f7dcc3fd88c89a11ec53ec762bb8ba0a96d01ffa2cd45eb1d1d8dd5c5\windows-amd64\native-platform.dll
0x00007ffd93c90000 - 0x00007ffd93dd4000 	D:\AndroidAVD\.gradle\native\0d407fdbe67a94daf76414ababcb853783967236a71b16ec16e742cd7a986fd3\windows-amd64\native-platform-file-events.dll
0x00007ffd9c0f0000 - 0x00007ffd9c0fa000 	D:\AndroidStudio\jbr\bin\management.dll
0x00007ffd9bfa0000 - 0x00007ffd9bfab000 	D:\AndroidStudio\jbr\bin\management_ext.dll
0x00007ffda85d0000 - 0x00007ffda85eb000 	C:\WINDOWS\SYSTEM32\CRYPTSP.dll
0x00007ffda7e70000 - 0x00007ffda7ea5000 	C:\WINDOWS\system32\rsaenh.dll
0x00007ffda8470000 - 0x00007ffda8498000 	C:\WINDOWS\SYSTEM32\USERENV.dll
0x00007ffda8770000 - 0x00007ffda8798000 	C:\WINDOWS\SYSTEM32\bcrypt.dll
0x00007ffda85f0000 - 0x00007ffda85fc000 	C:\WINDOWS\SYSTEM32\CRYPTBASE.dll
0x00007ffda79e0000 - 0x00007ffda7a0d000 	C:\WINDOWS\SYSTEM32\IPHLPAPI.DLL
0x00007ffdab1d0000 - 0x00007ffdab1d9000 	C:\WINDOWS\System32\NSI.dll
0x00007ffda2720000 - 0x00007ffda2739000 	C:\WINDOWS\SYSTEM32\dhcpcsvc6.DLL
0x00007ffda2700000 - 0x00007ffda271f000 	C:\WINDOWS\SYSTEM32\dhcpcsvc.DLL
0x00007ffda7a50000 - 0x00007ffda7b43000 	C:\WINDOWS\SYSTEM32\DNSAPI.dll
0x00007ffd9ffd0000 - 0x00007ffd9ffe7000 	C:\WINDOWS\system32\napinsp.dll
0x00007ffd95590000 - 0x00007ffd955ab000 	C:\WINDOWS\system32\pnrpnsp.dll
0x00007ffd88da0000 - 0x00007ffd88db1000 	C:\WINDOWS\System32\winrnr.dll
0x00007ffd80100000 - 0x00007ffd80115000 	C:\WINDOWS\system32\wshbth.dll
0x00007ffd85ec0000 - 0x00007ffd85ee1000 	C:\WINDOWS\system32\nlansp_c.dll
0x00000000637e0000 - 0x00000000637eb000 	C:\Program Files\National Instruments\Shared\mDNS Responder\nimdnsNSP.dll
0x00000000637c0000 - 0x00000000637d1000 	C:\WINDOWS\SYSTEM32\nimdnsResponder.dll
0x00007ffda26d0000 - 0x00007ffda26da000 	C:\Windows\System32\rasadhlp.dll
0x00007ffda1cf0000 - 0x00007ffda1d73000 	C:\WINDOWS\System32\fwpuclnt.dll
0x00007ffd94410000 - 0x00007ffd94417000 	D:\AndroidStudio\jbr\bin\rmi.dll
0x00007ffd95440000 - 0x00007ffd95467000 	D:\AndroidStudio\jbr\bin\sunec.dll

dbghelp: loaded successfully - version: 4.0.5 - missing functions: none
symbol engine: initialized successfully - sym options: 0x614 - pdb path: .;D:\AndroidStudio\jbr\bin;C:\WINDOWS\SYSTEM32;C:\WINDOWS\WinSxS\amd64_microsoft.windows.common-controls_6595b64144ccf1df_6.0.22621.608_none_a9444ca7c10bb01d;D:\AndroidStudio\jbr\bin\server;D:\AndroidAVD\.gradle\native\e1d6ef7f7dcc3fd88c89a11ec53ec762bb8ba0a96d01ffa2cd45eb1d1d8dd5c5\windows-amd64;D:\AndroidAVD\.gradle\native\0d407fdbe67a94daf76414ababcb853783967236a71b16ec16e742cd7a986fd3\windows-amd64;C:\Program Files\National Instruments\Shared\mDNS Responder

VM Arguments:
jvm_args: --add-opens=java.base/java.util=ALL-UNNAMED --add-opens=java.base/java.lang=ALL-UNNAMED --add-opens=java.base/java.lang.invoke=ALL-UNNAMED --add-opens=java.base/java.util=ALL-UNNAMED --add-opens=java.prefs/java.util.prefs=ALL-UNNAMED --add-opens=java.prefs/java.util.prefs=ALL-UNNAMED --add-opens=java.base/java.nio.charset=ALL-UNNAMED --add-opens=java.base/java.net=ALL-UNNAMED --add-opens=java.base/java.util.concurrent.atomic=ALL-UNNAMED -Xmx2048m -Dfile.encoding=UTF-8 -Duser.country=CN -Duser.language=zh -Duser.variant 
java_command: org.gradle.launcher.daemon.bootstrap.GradleDaemon 7.5
java_class_path (initial): D:\AndroidAVD\.gradle\wrapper\dists\gradle-7.5-bin\f1w0cc9nuo0eivz97x2xlu9sv\gradle-7.5\lib\gradle-launcher-7.5.jar
Launcher Type: SUN_STANDARD

[Global flags]
     intx CICompilerCount                          = 12                                        {product} {ergonomic}
     uint ConcGCThreads                            = 3                                         {product} {ergonomic}
     uint G1ConcRefinementThreads                  = 13                                        {product} {ergonomic}
   size_t G1HeapRegionSize                         = 1048576                                   {product} {ergonomic}
    uintx GCDrainStackTargetSize                   = 64                                        {product} {ergonomic}
   size_t InitialHeapSize                          = 260046848                                 {product} {ergonomic}
   size_t MarkStackSize                            = 4194304                                   {product} {ergonomic}
   size_t MaxHeapSize                              = 2147483648                                {product} {command line}
   size_t MaxNewSize                               = 1287651328                                {product} {ergonomic}
   size_t MinHeapDeltaBytes                        = 1048576                                   {product} {ergonomic}
    uintx NonNMethodCodeHeapSize                   = 7594288                                {pd product} {ergonomic}
    uintx NonProfiledCodeHeapSize                  = 122031976                              {pd product} {ergonomic}
    uintx ProfiledCodeHeapSize                     = 122031976                              {pd product} {ergonomic}
    uintx ReservedCodeCacheSize                    = 251658240                              {pd product} {ergonomic}
     bool SegmentedCodeCache                       = true                                      {product} {ergonomic}
     bool UseCompressedClassPointers               = true                                 {lp64_product} {ergonomic}
     bool UseCompressedOops                        = true                                 {lp64_product} {ergonomic}
     bool UseG1GC                                  = true                                      {product} {ergonomic}
     bool UseLargePagesIndividualAllocation        = false                                  {pd product} {ergonomic}

Logging:
Log output configuration:
 #0: stdout all=warning uptime,level,tags
 #1: stderr all=off uptime,level,tags

Environment Variables:
JAVA_HOME=D:\compliers\jdk17
CLASSPATH=.;D:\compliers\jdk17\lib\dt.jar;D:\compliers\jdk17\lib\tools.jar;
PATH=C:\Program Files\Common Files\Oracle\Java\javapath;C:\Program Files\NVIDIA GPU Computing Toolkit\CUDA\v11.8\bin;C:\Program Files\NVIDIA GPU Computing Toolkit\CUDA\v11.8\libnvvp;C:\Program Files\Eclipse Adoptium\jdk-17.0.2.8-hotspot\bin;C:\Windows\system32;C:\Windows;C:\Windows\System32\Wbem;C:\Windows\System32\WindowsPowerShell\v1.0\;C:\Windows\System32\OpenSSH\;C:\Program Files (x86)\NVIDIA Corporation\PhysX\Common;C:\Program Files\NVIDIA Corporation\NVIDIA NvDLISR;C:\WINDOWS\system32;C:\WINDOWS;C:\WINDOWS\System32\Wbem;C:\WINDOWS\System32\WindowsPowerShell\v1.0\;C:\WINDOWS\System32\OpenSSH\;D:\MatlabR2021b\runtime\win64;D:\MatlabR2021b\bin;D:\SoftWare\Git\cmd;D:\mongodb6.0\bin;C:\Program Files\NVIDIA Corporation\Nsight Compute 2022.3.0\;D:\compliers\jdk17\bin;D:\compliers\jdk17\jre\bin;D:\compliers\jdk17\bin;C:\Program Files\dotnet\;D:\compliers\python3\Scripts\;D:\compliers\python3\;C:\Users\\AppData\Local\Microsoft\WindowsApps;;D:\Fiddler;D:\Pycharm\PyCharm Community Edition 2022.2.1\bin;;D:\VScode\Microsoft VS Code\bin;D:\IntelliJ\IntelliJ IDEA Community Edition 2022.3.1\bin;;C:\Users\\AppData\Local\Microsoft\WindowsApps
USERNAME=
OS=Windows_NT
PROCESSOR_IDENTIFIER=AMD64 Family 25 Model 80 Stepping 0, AuthenticAMD



---------------  S Y S T E M  ---------------

OS: Windows 11 , 64 bit Build 22621 (10.0.22621.1344)
OS uptime: 0 days 5:44 hours

CPU:total 16 (initial active 16) (16 cores per cpu, 2 threads per core) family 25 model 80 stepping 0 microcode 0x0, cmov, cx8, fxsr, mmx, sse, sse2, sse3, ssse3, sse4.1, sse4.2, popcnt, avx, avx2, aes, clmul, erms, mmxext, 3dnowpref, lzcnt, sse4a, ht, tsc, tscinvbit, tscinv, bmi1, bmi2, adx, sha, fma

Memory: 4k page, system-wide physical 15773M (1156M free)
TotalPageFile size 20893M (AvailPageFile size 3M)
current process WorkingSet (physical memory assigned to process): 653M, peak: 742M
current process commit charge ("private bytes"): 710M, peak: 793M

vm_info: OpenJDK 64-Bit Server VM (11.0.15+0-b2043.56-9505619) for windows-amd64 JRE (11.0.15+0-b2043.56-9505619), built on Jan 19 2023 02:48:00 by "builduser" with unknown MS VC++:1929

END.
