#
# There is insufficient memory for the Java Runtime Environment to continue.
# Native memory allocation (malloc) failed to allocate 1222896 bytes for Chunk::new
# Possible reasons:
#   The system is out of physical RAM or swap space
#   The process is running with CompressedOops enabled, and the Java Heap may be blocking the growth of the native heap
# Possible solutions:
#   Reduce memory load on the system
#   Increase physical memory or swap space
#   Check if swap backing store is full
#   Decrease Java heap size (-Xmx/-Xms)
#   Decrease number of Java threads
#   Decrease Java thread stack sizes (-Xss)
#   Set larger code cache with -XX:ReservedCodeCacheSize=
#   JVM is running with Zero Based Compressed Oops mode in which the Java heap is
#     placed in the first 32GB address space. The Java Heap base address is the
#     maximum limit for the native heap growth. Please use -XX:HeapBaseMinAddress
#     to set the Java Heap base and to place the Java Heap above 32GB virtual address.
# This output file may be truncated or incomplete.
#
#  Out of Memory Error (src/hotspot/share/memory/arena.cpp:197), pid=11040, tid=18288
#
# JRE version: OpenJDK Runtime Environment (11.0.15) (build 11.0.15+0-b2043.56-9505619)
# Java VM: OpenJDK 64-Bit Server VM (11.0.15+0-b2043.56-9505619, mixed mode, tiered, compressed oops, g1 gc, windows-amd64)
# No core dump will be written. Minidumps are not enabled by default on client versions of Windows
#

---------------  S U M M A R Y ------------

Command Line: org.jetbrains.kotlin.cli.jvm.K2JVMCompiler @D:\AndroidDevelopBasic\AndroidMD3Version\app\build\20230325_11426345588565690700.compiler.options

Host: AMD Ryzen 7 5800H with Radeon Graphics         , 16 cores, 15G,  Windows 11 , 64 bit Build 22621 (10.0.22621.1344)
Time: Sat Mar 25 16:23:27 2023  Windows 11 , 64 bit Build 22621 (10.0.22621.1344) elapsed time: 2.016529 seconds (0d 0h 0m 2s)

---------------  T H R E A D  ---------------

Current thread (0x000001ffe4ab2800):  JavaThread "C2 CompilerThread2" daemon [_thread_in_native, id=18288, stack(0x00000026bde00000,0x00000026bdf00000)]


Current CompileTask:
C2:   2016 3439       4       jdk.internal.loader.ClassLoaders$AppClassLoader::loadClass (40 bytes)

Stack: [0x00000026bde00000,0x00000026bdf00000]
Native frames: (J=compiled Java code, j=interpreted, Vv=VM code, C=native code)
V  [jvm.dll+0x64135a]
V  [jvm.dll+0x7d39f9]
V  [jvm.dll+0x7d51b9]
V  [jvm.dll+0x7d58a3]
V  [jvm.dll+0x2691c5]
V  [jvm.dll+0xc1a5c]
V  [jvm.dll+0xc200c]
V  [jvm.dll+0x2da2c2]
V  [jvm.dll+0x54cad9]
V  [jvm.dll+0x22a011]
V  [jvm.dll+0x223809]
V  [jvm.dll+0x220384]
V  [jvm.dll+0x19e851]
V  [jvm.dll+0x230479]
V  [jvm.dll+0x22e5ef]
V  [jvm.dll+0x794de1]
V  [jvm.dll+0x78dc24]
V  [jvm.dll+0x6400f6]
C  [ucrtbase.dll+0x29363]
C  [KERNEL32.DLL+0x126bd]
C  [ntdll.dll+0x5a9f8]


---------------  P R O C E S S  ---------------

Threads class SMR info:
_java_thread_list=0x000001ffe4f49790, length=15, elements={
0x000001ffc4861000, 0x000001ffe3fcb000, 0x000001ffe3fcc800, 0x000001ffe48e0800,
0x000001ffe48e2000, 0x000001ffe48e5000, 0x000001ffe48e8000, 0x000001ffe48e9800,
0x000001ffe48fc800, 0x000001ffe4850800, 0x000001ffe4a96800, 0x000001ffe4a93800,
0x000001ffe4ab2800, 0x000001ffe4eb9000, 0x000001ffe4eb1800
}

Java Threads: ( => current thread )
  0x000001ffc4861000 JavaThread "main" [_thread_in_vm, id=18048, stack(0x00000026bcb00000,0x00000026bcc00000)]
  0x000001ffe3fcb000 JavaThread "Reference Handler" daemon [_thread_blocked, id=6416, stack(0x00000026bd200000,0x00000026bd300000)]
  0x000001ffe3fcc800 JavaThread "Finalizer" daemon [_thread_blocked, id=17880, stack(0x00000026bd300000,0x00000026bd400000)]
  0x000001ffe48e0800 JavaThread "Signal Dispatcher" daemon [_thread_blocked, id=19708, stack(0x00000026bd400000,0x00000026bd500000)]
  0x000001ffe48e2000 JavaThread "Attach Listener" daemon [_thread_blocked, id=5808, stack(0x00000026bd500000,0x00000026bd600000)]
  0x000001ffe48e5000 JavaThread "Service Thread" daemon [_thread_blocked, id=14372, stack(0x00000026bd600000,0x00000026bd700000)]
  0x000001ffe48e8000 JavaThread "C2 CompilerThread0" daemon [_thread_in_native, id=3324, stack(0x00000026bd700000,0x00000026bd800000)]
  0x000001ffe48e9800 JavaThread "C1 CompilerThread0" daemon [_thread_blocked, id=13612, stack(0x00000026bd800000,0x00000026bd900000)]
  0x000001ffe48fc800 JavaThread "Sweeper thread" daemon [_thread_blocked, id=19824, stack(0x00000026bd900000,0x00000026bda00000)]
  0x000001ffe4850800 JavaThread "C1 CompilerThread1" daemon [_thread_blocked, id=19276, stack(0x00000026bda00000,0x00000026bdb00000)]
  0x000001ffe4a96800 JavaThread "Common-Cleaner" daemon [_thread_blocked, id=16328, stack(0x00000026bdc00000,0x00000026bdd00000)]
  0x000001ffe4a93800 JavaThread "C2 CompilerThread1" daemon [_thread_in_native, id=19200, stack(0x00000026bdd00000,0x00000026bde00000)]
=>0x000001ffe4ab2800 JavaThread "C2 CompilerThread2" daemon [_thread_in_native, id=18288, stack(0x00000026bde00000,0x00000026bdf00000)]
  0x000001ffe4eb9000 JavaThread "C1 CompilerThread2" daemon [_thread_blocked, id=9544, stack(0x00000026bdf00000,0x00000026be000000)]
  0x000001ffe4eb1800 JavaThread "C1 CompilerThread3" daemon [_thread_blocked, id=6064, stack(0x00000026be000000,0x00000026be100000)]

Other Threads:
  0x000001ffe3fc9800 VMThread "VM Thread" [stack: 0x00000026bd100000,0x00000026bd200000] [id=348]
  0x000001ffe4a90800 WatcherThread [stack: 0x00000026bdb00000,0x00000026bdc00000] [id=19700]
  0x000001ffc4879800 GCTaskThread "GC Thread#0" [stack: 0x00000026bcc00000,0x00000026bcd00000] [id=12320]
  0x000001ffe4fa8800 GCTaskThread "GC Thread#1" [stack: 0x00000026be100000,0x00000026be200000] [id=15320]
  0x000001ffe5121800 GCTaskThread "GC Thread#2" [stack: 0x00000026be200000,0x00000026be300000] [id=6872]
  0x000001ffe523a800 GCTaskThread "GC Thread#3" [stack: 0x00000026be300000,0x00000026be400000] [id=1468]
  0x000001ffe523b800 GCTaskThread "GC Thread#4" [stack: 0x00000026be400000,0x00000026be500000] [id=17964]
  0x000001ffc48d4800 ConcurrentGCThread "G1 Main Marker" [stack: 0x00000026bcd00000,0x00000026bce00000] [id=2036]
  0x000001ffc48d6800 ConcurrentGCThread "G1 Conc#0" [stack: 0x00000026bce00000,0x00000026bcf00000] [id=9192]
  0x000001ffe5db5000 ConcurrentGCThread "G1 Conc#1" [stack: 0x00000026be500000,0x00000026be600000] [id=7560]
  0x000001ffe5b81800 ConcurrentGCThread "G1 Conc#2" [stack: 0x00000026be600000,0x00000026be700000] [id=12432]
  0x000001ffe3e9d000 ConcurrentGCThread "G1 Refine#0" [stack: 0x00000026bcf00000,0x00000026bd000000] [id=2864]
  0x000001ffe3ea1000 ConcurrentGCThread "G1 Young RemSet Sampling" [stack: 0x00000026bd000000,0x00000026bd100000] [id=13588]

Threads with active compile tasks:
C2 CompilerThread0     2026 3615       4       sun.net.util.URLUtil::urlNoFragString (114 bytes)
C2 CompilerThread1     2026 3365       4       java.lang.ClassLoader::loadClass (7 bytes)
C2 CompilerThread2     2026 3439       4       jdk.internal.loader.ClassLoaders$AppClassLoader::loadClass (40 bytes)

VM state:not at safepoint (normal execution)

VM Mutex/Monitor currently owned by a thread: None

Heap address: 0x0000000709800000, size: 3944 MB, Compressed Oops mode: Zero based, Oop shift amount: 3
Narrow klass base: 0x0000000800000000, Narrow klass shift: 0
Compressed class space size: 1073741824 Address: 0x0000000800000000

Heap:
 garbage-first heap   total 253952K, used 61715K [0x0000000709800000, 0x0000000800000000)
  region size 1024K, 41 young (41984K), 3 survivors (3072K)
 Metaspace       used 45984K, capacity 46482K, committed 46540K, reserved 1089536K
  class space    used 5348K, capacity 5541K, committed 5580K, reserved 1048576K
Heap Regions: E=young(eden), S=young(survivor), O=old, HS=humongous(starts), HC=humongous(continues), CS=collection set, F=free, A=archive, TAMS=top-at-mark-start (previous, next)
|   0|0x0000000709800000, 0x0000000709900000, 0x0000000709900000|100%|HS|  |TAMS 0x0000000709900000, 0x0000000709800000| Complete 
|   1|0x0000000709900000, 0x0000000709a00000, 0x0000000709a00000|100%|HC|  |TAMS 0x0000000709a00000, 0x0000000709900000| Complete 
|   2|0x0000000709a00000, 0x0000000709b00000, 0x0000000709b00000|100%|HC|  |TAMS 0x0000000709b00000, 0x0000000709a00000| Complete 
|   3|0x0000000709b00000, 0x0000000709c00000, 0x0000000709c00000|100%|HC|  |TAMS 0x0000000709c00000, 0x0000000709b00000| Complete 
|   4|0x0000000709c00000, 0x0000000709d00000, 0x0000000709d00000|100%|HS|  |TAMS 0x0000000709d00000, 0x0000000709c00000| Complete 
|   5|0x0000000709d00000, 0x0000000709e00000, 0x0000000709e00000|100%|HC|  |TAMS 0x0000000709e00000, 0x0000000709d00000| Complete 
|   6|0x0000000709e00000, 0x0000000709f00000, 0x0000000709f00000|100%|HC|  |TAMS 0x0000000709f00000, 0x0000000709e00000| Complete 
|   7|0x0000000709f00000, 0x000000070a000000, 0x000000070a000000|100%|HC|  |TAMS 0x000000070a000000, 0x0000000709f00000| Complete 
|   8|0x000000070a000000, 0x000000070a000000, 0x000000070a100000|  0%| F|  |TAMS 0x000000070a000000, 0x000000070a000000| Untracked 
|   9|0x000000070a100000, 0x000000070a100000, 0x000000070a200000|  0%| F|  |TAMS 0x000000070a100000, 0x000000070a100000| Untracked 
|  10|0x000000070a200000, 0x000000070a300000, 0x000000070a300000|100%| O|  |TAMS 0x000000070a300000, 0x000000070a200000| Untracked 
|  11|0x000000070a300000, 0x000000070a400000, 0x000000070a400000|100%| O|  |TAMS 0x000000070a400000, 0x000000070a300000| Untracked 
|  12|0x000000070a400000, 0x000000070a500000, 0x000000070a500000|100%| O|  |TAMS 0x000000070a500000, 0x000000070a400000| Untracked 
|  13|0x000000070a500000, 0x000000070a600000, 0x000000070a600000|100%| O|  |TAMS 0x000000070a600000, 0x000000070a500000| Untracked 
|  14|0x000000070a600000, 0x000000070a700000, 0x000000070a700000|100%| O|  |TAMS 0x000000070a67ee00, 0x000000070a600000| Untracked 
|  15|0x000000070a700000, 0x000000070a800000, 0x000000070a800000|100%| O|  |TAMS 0x000000070a700000, 0x000000070a700000| Untracked 
|  16|0x000000070a800000, 0x000000070a900000, 0x000000070a900000|100%| O|  |TAMS 0x000000070a800000, 0x000000070a800000| Untracked 
|  17|0x000000070a900000, 0x000000070aa00000, 0x000000070aa00000|100%| O|  |TAMS 0x000000070a900000, 0x000000070a900000| Untracked 
|  18|0x000000070aa00000, 0x000000070ab00000, 0x000000070ab00000|100%| O|  |TAMS 0x000000070aa00000, 0x000000070aa00000| Untracked 
|  19|0x000000070ab00000, 0x000000070ac00000, 0x000000070ac00000|100%| O|  |TAMS 0x000000070ab00000, 0x000000070ab00000| Untracked 
|  20|0x000000070ac00000, 0x000000070ad00000, 0x000000070ad00000|100%| O|  |TAMS 0x000000070ac00000, 0x000000070ac00000| Untracked 
|  21|0x000000070ad00000, 0x000000070ae00000, 0x000000070ae00000|100%| O|  |TAMS 0x000000070ad00000, 0x000000070ad00000| Untracked 
|  22|0x000000070ae00000, 0x000000070ae44e00, 0x000000070af00000| 26%| O|  |TAMS 0x000000070ae00000, 0x000000070ae00000| Untracked 
|  23|0x000000070af00000, 0x000000070af00000, 0x000000070b000000|  0%| F|  |TAMS 0x000000070af00000, 0x000000070af00000| Untracked 
|  24|0x000000070b000000, 0x000000070b000000, 0x000000070b100000|  0%| F|  |TAMS 0x000000070b000000, 0x000000070b000000| Untracked 
|  25|0x000000070b100000, 0x000000070b100000, 0x000000070b200000|  0%| F|  |TAMS 0x000000070b100000, 0x000000070b100000| Untracked 
|  26|0x000000070b200000, 0x000000070b200000, 0x000000070b300000|  0%| F|  |TAMS 0x000000070b200000, 0x000000070b200000| Untracked 
|  27|0x000000070b300000, 0x000000070b300000, 0x000000070b400000|  0%| F|  |TAMS 0x000000070b300000, 0x000000070b300000| Untracked 
|  28|0x000000070b400000, 0x000000070b400000, 0x000000070b500000|  0%| F|  |TAMS 0x000000070b400000, 0x000000070b400000| Untracked 
|  29|0x000000070b500000, 0x000000070b500000, 0x000000070b600000|  0%| F|  |TAMS 0x000000070b500000, 0x000000070b500000| Untracked 
|  30|0x000000070b600000, 0x000000070b600000, 0x000000070b700000|  0%| F|  |TAMS 0x000000070b600000, 0x000000070b600000| Untracked 
|  31|0x000000070b700000, 0x000000070b700000, 0x000000070b800000|  0%| F|  |TAMS 0x000000070b700000, 0x000000070b700000| Untracked 
|  32|0x000000070b800000, 0x000000070b800000, 0x000000070b900000|  0%| F|  |TAMS 0x000000070b800000, 0x000000070b800000| Untracked 
|  33|0x000000070b900000, 0x000000070b900000, 0x000000070ba00000|  0%| F|  |TAMS 0x000000070b900000, 0x000000070b900000| Untracked 
|  34|0x000000070ba00000, 0x000000070ba00000, 0x000000070bb00000|  0%| F|  |TAMS 0x000000070ba00000, 0x000000070ba00000| Untracked 
|  35|0x000000070bb00000, 0x000000070bb00000, 0x000000070bc00000|  0%| F|  |TAMS 0x000000070bb00000, 0x000000070bb00000| Untracked 
|  36|0x000000070bc00000, 0x000000070bc00000, 0x000000070bd00000|  0%| F|  |TAMS 0x000000070bc00000, 0x000000070bc00000| Untracked 
|  37|0x000000070bd00000, 0x000000070bd00000, 0x000000070be00000|  0%| F|  |TAMS 0x000000070bd00000, 0x000000070bd00000| Untracked 
|  38|0x000000070be00000, 0x000000070be00000, 0x000000070bf00000|  0%| F|  |TAMS 0x000000070be00000, 0x000000070be00000| Untracked 
|  39|0x000000070bf00000, 0x000000070bf00000, 0x000000070c000000|  0%| F|  |TAMS 0x000000070bf00000, 0x000000070bf00000| Untracked 
|  40|0x000000070c000000, 0x000000070c000000, 0x000000070c100000|  0%| F|  |TAMS 0x000000070c000000, 0x000000070c000000| Untracked 
|  41|0x000000070c100000, 0x000000070c100000, 0x000000070c200000|  0%| F|  |TAMS 0x000000070c100000, 0x000000070c100000| Untracked 
|  42|0x000000070c200000, 0x000000070c200000, 0x000000070c300000|  0%| F|  |TAMS 0x000000070c200000, 0x000000070c200000| Untracked 
|  43|0x000000070c300000, 0x000000070c300000, 0x000000070c400000|  0%| F|  |TAMS 0x000000070c300000, 0x000000070c300000| Untracked 
|  44|0x000000070c400000, 0x000000070c400000, 0x000000070c500000|  0%| F|  |TAMS 0x000000070c400000, 0x000000070c400000| Untracked 
|  45|0x000000070c500000, 0x000000070c500000, 0x000000070c600000|  0%| F|  |TAMS 0x000000070c500000, 0x000000070c500000| Untracked 
|  46|0x000000070c600000, 0x000000070c600000, 0x000000070c700000|  0%| F|  |TAMS 0x000000070c600000, 0x000000070c600000| Untracked 
|  47|0x000000070c700000, 0x000000070c700000, 0x000000070c800000|  0%| F|  |TAMS 0x000000070c700000, 0x000000070c700000| Untracked 
|  48|0x000000070c800000, 0x000000070c800000, 0x000000070c900000|  0%| F|  |TAMS 0x000000070c800000, 0x000000070c800000| Untracked 
|  49|0x000000070c900000, 0x000000070c900000, 0x000000070ca00000|  0%| F|  |TAMS 0x000000070c900000, 0x000000070c900000| Untracked 
|  50|0x000000070ca00000, 0x000000070ca00000, 0x000000070cb00000|  0%| F|  |TAMS 0x000000070ca00000, 0x000000070ca00000| Untracked 
|  51|0x000000070cb00000, 0x000000070cb00000, 0x000000070cc00000|  0%| F|  |TAMS 0x000000070cb00000, 0x000000070cb00000| Untracked 
|  52|0x000000070cc00000, 0x000000070cc00000, 0x000000070cd00000|  0%| F|  |TAMS 0x000000070cc00000, 0x000000070cc00000| Untracked 
|  53|0x000000070cd00000, 0x000000070cd00000, 0x000000070ce00000|  0%| F|  |TAMS 0x000000070cd00000, 0x000000070cd00000| Untracked 
|  54|0x000000070ce00000, 0x000000070ce00000, 0x000000070cf00000|  0%| F|  |TAMS 0x000000070ce00000, 0x000000070ce00000| Untracked 
|  55|0x000000070cf00000, 0x000000070cf00000, 0x000000070d000000|  0%| F|  |TAMS 0x000000070cf00000, 0x000000070cf00000| Untracked 
|  56|0x000000070d000000, 0x000000070d000000, 0x000000070d100000|  0%| F|  |TAMS 0x000000070d000000, 0x000000070d000000| Untracked 
|  57|0x000000070d100000, 0x000000070d100000, 0x000000070d200000|  0%| F|  |TAMS 0x000000070d100000, 0x000000070d100000| Untracked 
|  58|0x000000070d200000, 0x000000070d200000, 0x000000070d300000|  0%| F|  |TAMS 0x000000070d200000, 0x000000070d200000| Untracked 
|  59|0x000000070d300000, 0x000000070d300000, 0x000000070d400000|  0%| F|  |TAMS 0x000000070d300000, 0x000000070d300000| Untracked 
|  60|0x000000070d400000, 0x000000070d400000, 0x000000070d500000|  0%| F|  |TAMS 0x000000070d400000, 0x000000070d400000| Untracked 
|  61|0x000000070d500000, 0x000000070d500000, 0x000000070d600000|  0%| F|  |TAMS 0x000000070d500000, 0x000000070d500000| Untracked 
|  62|0x000000070d600000, 0x000000070d600000, 0x000000070d700000|  0%| F|  |TAMS 0x000000070d600000, 0x000000070d600000| Untracked 
|  63|0x000000070d700000, 0x000000070d700000, 0x000000070d800000|  0%| F|  |TAMS 0x000000070d700000, 0x000000070d700000| Untracked 
|  64|0x000000070d800000, 0x000000070d800000, 0x000000070d900000|  0%| F|  |TAMS 0x000000070d800000, 0x000000070d800000| Untracked 
|  65|0x000000070d900000, 0x000000070d900000, 0x000000070da00000|  0%| F|  |TAMS 0x000000070d900000, 0x000000070d900000| Untracked 
|  66|0x000000070da00000, 0x000000070da00000, 0x000000070db00000|  0%| F|  |TAMS 0x000000070da00000, 0x000000070da00000| Untracked 
|  67|0x000000070db00000, 0x000000070db00000, 0x000000070dc00000|  0%| F|  |TAMS 0x000000070db00000, 0x000000070db00000| Untracked 
|  68|0x000000070dc00000, 0x000000070dc00000, 0x000000070dd00000|  0%| F|  |TAMS 0x000000070dc00000, 0x000000070dc00000| Untracked 
|  69|0x000000070dd00000, 0x000000070dd00000, 0x000000070de00000|  0%| F|  |TAMS 0x000000070dd00000, 0x000000070dd00000| Untracked 
|  70|0x000000070de00000, 0x000000070de00000, 0x000000070df00000|  0%| F|  |TAMS 0x000000070de00000, 0x000000070de00000| Untracked 
|  71|0x000000070df00000, 0x000000070df00000, 0x000000070e000000|  0%| F|  |TAMS 0x000000070df00000, 0x000000070df00000| Untracked 
|  72|0x000000070e000000, 0x000000070e000000, 0x000000070e100000|  0%| F|  |TAMS 0x000000070e000000, 0x000000070e000000| Untracked 
|  73|0x000000070e100000, 0x000000070e100000, 0x000000070e200000|  0%| F|  |TAMS 0x000000070e100000, 0x000000070e100000| Untracked 
|  74|0x000000070e200000, 0x000000070e200000, 0x000000070e300000|  0%| F|  |TAMS 0x000000070e200000, 0x000000070e200000| Untracked 
|  75|0x000000070e300000, 0x000000070e300000, 0x000000070e400000|  0%| F|  |TAMS 0x000000070e300000, 0x000000070e300000| Untracked 
|  76|0x000000070e400000, 0x000000070e400000, 0x000000070e500000|  0%| F|  |TAMS 0x000000070e400000, 0x000000070e400000| Untracked 
|  77|0x000000070e500000, 0x000000070e500000, 0x000000070e600000|  0%| F|  |TAMS 0x000000070e500000, 0x000000070e500000| Untracked 
|  78|0x000000070e600000, 0x000000070e600000, 0x000000070e700000|  0%| F|  |TAMS 0x000000070e600000, 0x000000070e600000| Untracked 
|  79|0x000000070e700000, 0x000000070e700000, 0x000000070e800000|  0%| F|  |TAMS 0x000000070e700000, 0x000000070e700000| Untracked 
|  80|0x000000070e800000, 0x000000070e800000, 0x000000070e900000|  0%| F|  |TAMS 0x000000070e800000, 0x000000070e800000| Untracked 
|  81|0x000000070e900000, 0x000000070e900000, 0x000000070ea00000|  0%| F|  |TAMS 0x000000070e900000, 0x000000070e900000| Untracked 
|  82|0x000000070ea00000, 0x000000070ea00000, 0x000000070eb00000|  0%| F|  |TAMS 0x000000070ea00000, 0x000000070ea00000| Untracked 
|  83|0x000000070eb00000, 0x000000070eb00000, 0x000000070ec00000|  0%| F|  |TAMS 0x000000070eb00000, 0x000000070eb00000| Untracked 
|  84|0x000000070ec00000, 0x000000070ec00000, 0x000000070ed00000|  0%| F|  |TAMS 0x000000070ec00000, 0x000000070ec00000| Untracked 
|  85|0x000000070ed00000, 0x000000070ed00000, 0x000000070ee00000|  0%| F|  |TAMS 0x000000070ed00000, 0x000000070ed00000| Untracked 
|  86|0x000000070ee00000, 0x000000070ee00000, 0x000000070ef00000|  0%| F|  |TAMS 0x000000070ee00000, 0x000000070ee00000| Untracked 
|  87|0x000000070ef00000, 0x000000070ef00000, 0x000000070f000000|  0%| F|  |TAMS 0x000000070ef00000, 0x000000070ef00000| Untracked 
|  88|0x000000070f000000, 0x000000070f000000, 0x000000070f100000|  0%| F|  |TAMS 0x000000070f000000, 0x000000070f000000| Untracked 
|  89|0x000000070f100000, 0x000000070f100000, 0x000000070f200000|  0%| F|  |TAMS 0x000000070f100000, 0x000000070f100000| Untracked 
|  90|0x000000070f200000, 0x000000070f200000, 0x000000070f300000|  0%| F|  |TAMS 0x000000070f200000, 0x000000070f200000| Untracked 
|  91|0x000000070f300000, 0x000000070f300000, 0x000000070f400000|  0%| F|  |TAMS 0x000000070f300000, 0x000000070f300000| Untracked 
|  92|0x000000070f400000, 0x000000070f400000, 0x000000070f500000|  0%| F|  |TAMS 0x000000070f400000, 0x000000070f400000| Untracked 
|  93|0x000000070f500000, 0x000000070f500000, 0x000000070f600000|  0%| F|  |TAMS 0x000000070f500000, 0x000000070f500000| Untracked 
|  94|0x000000070f600000, 0x000000070f600000, 0x000000070f700000|  0%| F|  |TAMS 0x000000070f600000, 0x000000070f600000| Untracked 
|  95|0x000000070f700000, 0x000000070f700000, 0x000000070f800000|  0%| F|  |TAMS 0x000000070f700000, 0x000000070f700000| Untracked 
|  96|0x000000070f800000, 0x000000070f800000, 0x000000070f900000|  0%| F|  |TAMS 0x000000070f800000, 0x000000070f800000| Untracked 
|  97|0x000000070f900000, 0x000000070f900000, 0x000000070fa00000|  0%| F|  |TAMS 0x000000070f900000, 0x000000070f900000| Untracked 
|  98|0x000000070fa00000, 0x000000070fa00000, 0x000000070fb00000|  0%| F|  |TAMS 0x000000070fa00000, 0x000000070fa00000| Untracked 
|  99|0x000000070fb00000, 0x000000070fb00000, 0x000000070fc00000|  0%| F|  |TAMS 0x000000070fb00000, 0x000000070fb00000| Untracked 
| 100|0x000000070fc00000, 0x000000070fc00000, 0x000000070fd00000|  0%| F|  |TAMS 0x000000070fc00000, 0x000000070fc00000| Untracked 
| 101|0x000000070fd00000, 0x000000070fd00000, 0x000000070fe00000|  0%| F|  |TAMS 0x000000070fd00000, 0x000000070fd00000| Untracked 
| 102|0x000000070fe00000, 0x000000070fe00000, 0x000000070ff00000|  0%| F|  |TAMS 0x000000070fe00000, 0x000000070fe00000| Untracked 
| 103|0x000000070ff00000, 0x000000070ff00000, 0x0000000710000000|  0%| F|  |TAMS 0x000000070ff00000, 0x000000070ff00000| Untracked 
| 104|0x0000000710000000, 0x0000000710000000, 0x0000000710100000|  0%| F|  |TAMS 0x0000000710000000, 0x0000000710000000| Untracked 
| 105|0x0000000710100000, 0x0000000710100000, 0x0000000710200000|  0%| F|  |TAMS 0x0000000710100000, 0x0000000710100000| Untracked 
| 106|0x0000000710200000, 0x0000000710200000, 0x0000000710300000|  0%| F|  |TAMS 0x0000000710200000, 0x0000000710200000| Untracked 
| 107|0x0000000710300000, 0x0000000710300000, 0x0000000710400000|  0%| F|  |TAMS 0x0000000710300000, 0x0000000710300000| Untracked 
| 108|0x0000000710400000, 0x0000000710400000, 0x0000000710500000|  0%| F|  |TAMS 0x0000000710400000, 0x0000000710400000| Untracked 
| 109|0x0000000710500000, 0x0000000710500000, 0x0000000710600000|  0%| F|  |TAMS 0x0000000710500000, 0x0000000710500000| Untracked 
| 110|0x0000000710600000, 0x0000000710600000, 0x0000000710700000|  0%| F|  |TAMS 0x0000000710600000, 0x0000000710600000| Untracked 
| 111|0x0000000710700000, 0x0000000710700000, 0x0000000710800000|  0%| F|  |TAMS 0x0000000710700000, 0x0000000710700000| Untracked 
| 112|0x0000000710800000, 0x0000000710800000, 0x0000000710900000|  0%| F|  |TAMS 0x0000000710800000, 0x0000000710800000| Untracked 
| 113|0x0000000710900000, 0x0000000710900000, 0x0000000710a00000|  0%| F|  |TAMS 0x0000000710900000, 0x0000000710900000| Untracked 
| 114|0x0000000710a00000, 0x0000000710a00000, 0x0000000710b00000|  0%| F|  |TAMS 0x0000000710a00000, 0x0000000710a00000| Untracked 
| 115|0x0000000710b00000, 0x0000000710b00000, 0x0000000710c00000|  0%| F|  |TAMS 0x0000000710b00000, 0x0000000710b00000| Untracked 
| 116|0x0000000710c00000, 0x0000000710c00000, 0x0000000710d00000|  0%| F|  |TAMS 0x0000000710c00000, 0x0000000710c00000| Untracked 
| 117|0x0000000710d00000, 0x0000000710d00000, 0x0000000710e00000|  0%| F|  |TAMS 0x0000000710d00000, 0x0000000710d00000| Untracked 
| 118|0x0000000710e00000, 0x0000000710e00000, 0x0000000710f00000|  0%| F|  |TAMS 0x0000000710e00000, 0x0000000710e00000| Untracked 
| 119|0x0000000710f00000, 0x0000000710f00000, 0x0000000711000000|  0%| F|  |TAMS 0x0000000710f00000, 0x0000000710f00000| Untracked 
| 120|0x0000000711000000, 0x0000000711000000, 0x0000000711100000|  0%| F|  |TAMS 0x0000000711000000, 0x0000000711000000| Untracked 
| 121|0x0000000711100000, 0x0000000711100000, 0x0000000711200000|  0%| F|  |TAMS 0x0000000711100000, 0x0000000711100000| Untracked 
| 122|0x0000000711200000, 0x0000000711200000, 0x0000000711300000|  0%| F|  |TAMS 0x0000000711200000, 0x0000000711200000| Untracked 
| 123|0x0000000711300000, 0x0000000711300000, 0x0000000711400000|  0%| F|  |TAMS 0x0000000711300000, 0x0000000711300000| Untracked 
| 124|0x0000000711400000, 0x0000000711400000, 0x0000000711500000|  0%| F|  |TAMS 0x0000000711400000, 0x0000000711400000| Untracked 
| 125|0x0000000711500000, 0x0000000711500000, 0x0000000711600000|  0%| F|  |TAMS 0x0000000711500000, 0x0000000711500000| Untracked 
| 126|0x0000000711600000, 0x0000000711600000, 0x0000000711700000|  0%| F|  |TAMS 0x0000000711600000, 0x0000000711600000| Untracked 
| 127|0x0000000711700000, 0x0000000711700000, 0x0000000711800000|  0%| F|  |TAMS 0x0000000711700000, 0x0000000711700000| Untracked 
| 128|0x0000000711800000, 0x0000000711800000, 0x0000000711900000|  0%| F|  |TAMS 0x0000000711800000, 0x0000000711800000| Untracked 
| 129|0x0000000711900000, 0x0000000711900000, 0x0000000711a00000|  0%| F|  |TAMS 0x0000000711900000, 0x0000000711900000| Untracked 
| 130|0x0000000711a00000, 0x0000000711a00000, 0x0000000711b00000|  0%| F|  |TAMS 0x0000000711a00000, 0x0000000711a00000| Untracked 
| 131|0x0000000711b00000, 0x0000000711b00000, 0x0000000711c00000|  0%| F|  |TAMS 0x0000000711b00000, 0x0000000711b00000| Untracked 
| 132|0x0000000711c00000, 0x0000000711c00000, 0x0000000711d00000|  0%| F|  |TAMS 0x0000000711c00000, 0x0000000711c00000| Untracked 
| 133|0x0000000711d00000, 0x0000000711d00000, 0x0000000711e00000|  0%| F|  |TAMS 0x0000000711d00000, 0x0000000711d00000| Untracked 
| 134|0x0000000711e00000, 0x0000000711e00000, 0x0000000711f00000|  0%| F|  |TAMS 0x0000000711e00000, 0x0000000711e00000| Untracked 
| 135|0x0000000711f00000, 0x0000000711f00000, 0x0000000712000000|  0%| F|  |TAMS 0x0000000711f00000, 0x0000000711f00000| Untracked 
| 136|0x0000000712000000, 0x0000000712000000, 0x0000000712100000|  0%| F|  |TAMS 0x0000000712000000, 0x0000000712000000| Untracked 
| 137|0x0000000712100000, 0x0000000712100000, 0x0000000712200000|  0%| F|  |TAMS 0x0000000712100000, 0x0000000712100000| Untracked 
| 138|0x0000000712200000, 0x0000000712200000, 0x0000000712300000|  0%| F|  |TAMS 0x0000000712200000, 0x0000000712200000| Untracked 
| 139|0x0000000712300000, 0x0000000712300000, 0x0000000712400000|  0%| F|  |TAMS 0x0000000712300000, 0x0000000712300000| Untracked 
| 140|0x0000000712400000, 0x0000000712400000, 0x0000000712500000|  0%| F|  |TAMS 0x0000000712400000, 0x0000000712400000| Untracked 
| 141|0x0000000712500000, 0x0000000712500000, 0x0000000712600000|  0%| F|  |TAMS 0x0000000712500000, 0x0000000712500000| Untracked 
| 142|0x0000000712600000, 0x0000000712600000, 0x0000000712700000|  0%| F|  |TAMS 0x0000000712600000, 0x0000000712600000| Untracked 
| 143|0x0000000712700000, 0x0000000712700000, 0x0000000712800000|  0%| F|  |TAMS 0x0000000712700000, 0x0000000712700000| Untracked 
| 144|0x0000000712800000, 0x0000000712800000, 0x0000000712900000|  0%| F|  |TAMS 0x0000000712800000, 0x0000000712800000| Untracked 
| 145|0x0000000712900000, 0x0000000712900000, 0x0000000712a00000|  0%| F|  |TAMS 0x0000000712900000, 0x0000000712900000| Untracked 
| 146|0x0000000712a00000, 0x0000000712a00000, 0x0000000712b00000|  0%| F|  |TAMS 0x0000000712a00000, 0x0000000712a00000| Untracked 
| 147|0x0000000712b00000, 0x0000000712b00000, 0x0000000712c00000|  0%| F|  |TAMS 0x0000000712b00000, 0x0000000712b00000| Untracked 
| 148|0x0000000712c00000, 0x0000000712c00000, 0x0000000712d00000|  0%| F|  |TAMS 0x0000000712c00000, 0x0000000712c00000| Untracked 
| 149|0x0000000712d00000, 0x0000000712d00000, 0x0000000712e00000|  0%| F|  |TAMS 0x0000000712d00000, 0x0000000712d00000| Untracked 
| 150|0x0000000712e00000, 0x0000000712e00000, 0x0000000712f00000|  0%| F|  |TAMS 0x0000000712e00000, 0x0000000712e00000| Untracked 
| 151|0x0000000712f00000, 0x0000000712f00000, 0x0000000713000000|  0%| F|  |TAMS 0x0000000712f00000, 0x0000000712f00000| Untracked 
| 152|0x0000000713000000, 0x0000000713000000, 0x0000000713100000|  0%| F|  |TAMS 0x0000000713000000, 0x0000000713000000| Untracked 
| 153|0x0000000713100000, 0x0000000713100000, 0x0000000713200000|  0%| F|  |TAMS 0x0000000713100000, 0x0000000713100000| Untracked 
| 154|0x0000000713200000, 0x0000000713200000, 0x0000000713300000|  0%| F|  |TAMS 0x0000000713200000, 0x0000000713200000| Untracked 
| 155|0x0000000713300000, 0x0000000713300000, 0x0000000713400000|  0%| F|  |TAMS 0x0000000713300000, 0x0000000713300000| Untracked 
| 156|0x0000000713400000, 0x0000000713400000, 0x0000000713500000|  0%| F|  |TAMS 0x0000000713400000, 0x0000000713400000| Untracked 
| 157|0x0000000713500000, 0x0000000713500000, 0x0000000713600000|  0%| F|  |TAMS 0x0000000713500000, 0x0000000713500000| Untracked 
| 158|0x0000000713600000, 0x0000000713600000, 0x0000000713700000|  0%| F|  |TAMS 0x0000000713600000, 0x0000000713600000| Untracked 
| 159|0x0000000713700000, 0x0000000713700000, 0x0000000713800000|  0%| F|  |TAMS 0x0000000713700000, 0x0000000713700000| Untracked 
| 160|0x0000000713800000, 0x0000000713800000, 0x0000000713900000|  0%| F|  |TAMS 0x0000000713800000, 0x0000000713800000| Untracked 
| 161|0x0000000713900000, 0x0000000713900000, 0x0000000713a00000|  0%| F|  |TAMS 0x0000000713900000, 0x0000000713900000| Untracked 
| 162|0x0000000713a00000, 0x0000000713a00000, 0x0000000713b00000|  0%| F|  |TAMS 0x0000000713a00000, 0x0000000713a00000| Untracked 
| 163|0x0000000713b00000, 0x0000000713b00000, 0x0000000713c00000|  0%| F|  |TAMS 0x0000000713b00000, 0x0000000713b00000| Untracked 
| 164|0x0000000713c00000, 0x0000000713c00000, 0x0000000713d00000|  0%| F|  |TAMS 0x0000000713c00000, 0x0000000713c00000| Untracked 
| 165|0x0000000713d00000, 0x0000000713d00000, 0x0000000713e00000|  0%| F|  |TAMS 0x0000000713d00000, 0x0000000713d00000| Untracked 
| 166|0x0000000713e00000, 0x0000000713e00000, 0x0000000713f00000|  0%| F|  |TAMS 0x0000000713e00000, 0x0000000713e00000| Untracked 
| 167|0x0000000713f00000, 0x0000000713f00000, 0x0000000714000000|  0%| F|  |TAMS 0x0000000713f00000, 0x0000000713f00000| Untracked 
| 168|0x0000000714000000, 0x0000000714000000, 0x0000000714100000|  0%| F|  |TAMS 0x0000000714000000, 0x0000000714000000| Untracked 
| 169|0x0000000714100000, 0x0000000714100000, 0x0000000714200000|  0%| F|  |TAMS 0x0000000714100000, 0x0000000714100000| Untracked 
| 170|0x0000000714200000, 0x0000000714200000, 0x0000000714300000|  0%| F|  |TAMS 0x0000000714200000, 0x0000000714200000| Untracked 
| 171|0x0000000714300000, 0x0000000714300000, 0x0000000714400000|  0%| F|  |TAMS 0x0000000714300000, 0x0000000714300000| Untracked 
| 172|0x0000000714400000, 0x0000000714400000, 0x0000000714500000|  0%| F|  |TAMS 0x0000000714400000, 0x0000000714400000| Untracked 
| 173|0x0000000714500000, 0x0000000714500000, 0x0000000714600000|  0%| F|  |TAMS 0x0000000714500000, 0x0000000714500000| Untracked 
| 174|0x0000000714600000, 0x0000000714600000, 0x0000000714700000|  0%| F|  |TAMS 0x0000000714600000, 0x0000000714600000| Untracked 
| 175|0x0000000714700000, 0x0000000714700000, 0x0000000714800000|  0%| F|  |TAMS 0x0000000714700000, 0x0000000714700000| Untracked 
| 176|0x0000000714800000, 0x0000000714800000, 0x0000000714900000|  0%| F|  |TAMS 0x0000000714800000, 0x0000000714800000| Untracked 
| 177|0x0000000714900000, 0x0000000714900000, 0x0000000714a00000|  0%| F|  |TAMS 0x0000000714900000, 0x0000000714900000| Untracked 
| 178|0x0000000714a00000, 0x0000000714a00000, 0x0000000714b00000|  0%| F|  |TAMS 0x0000000714a00000, 0x0000000714a00000| Untracked 
| 179|0x0000000714b00000, 0x0000000714b00000, 0x0000000714c00000|  0%| F|  |TAMS 0x0000000714b00000, 0x0000000714b00000| Untracked 
| 180|0x0000000714c00000, 0x0000000714c00000, 0x0000000714d00000|  0%| F|  |TAMS 0x0000000714c00000, 0x0000000714c00000| Untracked 
| 181|0x0000000714d00000, 0x0000000714d00000, 0x0000000714e00000|  0%| F|  |TAMS 0x0000000714d00000, 0x0000000714d00000| Untracked 
| 182|0x0000000714e00000, 0x0000000714e00000, 0x0000000714f00000|  0%| F|  |TAMS 0x0000000714e00000, 0x0000000714e00000| Untracked 
| 183|0x0000000714f00000, 0x0000000714f00000, 0x0000000715000000|  0%| F|  |TAMS 0x0000000714f00000, 0x0000000714f00000| Untracked 
| 184|0x0000000715000000, 0x0000000715000000, 0x0000000715100000|  0%| F|  |TAMS 0x0000000715000000, 0x0000000715000000| Untracked 
| 185|0x0000000715100000, 0x0000000715100000, 0x0000000715200000|  0%| F|  |TAMS 0x0000000715100000, 0x0000000715100000| Untracked 
| 186|0x0000000715200000, 0x0000000715200000, 0x0000000715300000|  0%| F|  |TAMS 0x0000000715200000, 0x0000000715200000| Untracked 
| 187|0x0000000715300000, 0x0000000715300000, 0x0000000715400000|  0%| F|  |TAMS 0x0000000715300000, 0x0000000715300000| Untracked 
| 188|0x0000000715400000, 0x0000000715400000, 0x0000000715500000|  0%| F|  |TAMS 0x0000000715400000, 0x0000000715400000| Untracked 
| 189|0x0000000715500000, 0x0000000715500000, 0x0000000715600000|  0%| F|  |TAMS 0x0000000715500000, 0x0000000715500000| Untracked 
| 190|0x0000000715600000, 0x0000000715600000, 0x0000000715700000|  0%| F|  |TAMS 0x0000000715600000, 0x0000000715600000| Untracked 
| 191|0x0000000715700000, 0x0000000715700000, 0x0000000715800000|  0%| F|  |TAMS 0x0000000715700000, 0x0000000715700000| Untracked 
| 192|0x0000000715800000, 0x0000000715800000, 0x0000000715900000|  0%| F|  |TAMS 0x0000000715800000, 0x0000000715800000| Untracked 
| 193|0x0000000715900000, 0x0000000715900000, 0x0000000715a00000|  0%| F|  |TAMS 0x0000000715900000, 0x0000000715900000| Untracked 
| 194|0x0000000715a00000, 0x0000000715a00000, 0x0000000715b00000|  0%| F|  |TAMS 0x0000000715a00000, 0x0000000715a00000| Untracked 
| 195|0x0000000715b00000, 0x0000000715b00000, 0x0000000715c00000|  0%| F|  |TAMS 0x0000000715b00000, 0x0000000715b00000| Untracked 
| 196|0x0000000715c00000, 0x0000000715c00000, 0x0000000715d00000|  0%| F|  |TAMS 0x0000000715c00000, 0x0000000715c00000| Untracked 
| 197|0x0000000715d00000, 0x0000000715d00000, 0x0000000715e00000|  0%| F|  |TAMS 0x0000000715d00000, 0x0000000715d00000| Untracked 
| 198|0x0000000715e00000, 0x0000000715e00000, 0x0000000715f00000|  0%| F|  |TAMS 0x0000000715e00000, 0x0000000715e00000| Untracked 
| 199|0x0000000715f00000, 0x0000000715f00000, 0x0000000716000000|  0%| F|  |TAMS 0x0000000715f00000, 0x0000000715f00000| Untracked 
| 200|0x0000000716000000, 0x0000000716000000, 0x0000000716100000|  0%| F|  |TAMS 0x0000000716000000, 0x0000000716000000| Untracked 
| 201|0x0000000716100000, 0x0000000716100000, 0x0000000716200000|  0%| F|  |TAMS 0x0000000716100000, 0x0000000716100000| Untracked 
| 202|0x0000000716200000, 0x0000000716200000, 0x0000000716300000|  0%| F|  |TAMS 0x0000000716200000, 0x0000000716200000| Untracked 
| 203|0x0000000716300000, 0x0000000716300000, 0x0000000716400000|  0%| F|  |TAMS 0x0000000716300000, 0x0000000716300000| Untracked 
| 204|0x0000000716400000, 0x0000000716400000, 0x0000000716500000|  0%| F|  |TAMS 0x0000000716400000, 0x0000000716400000| Untracked 
| 205|0x0000000716500000, 0x0000000716500000, 0x0000000716600000|  0%| F|  |TAMS 0x0000000716500000, 0x0000000716500000| Untracked 
| 206|0x0000000716600000, 0x0000000716600000, 0x0000000716700000|  0%| F|  |TAMS 0x0000000716600000, 0x0000000716600000| Untracked 
| 207|0x0000000716700000, 0x00000007167807d0, 0x0000000716800000| 50%| E|  |TAMS 0x0000000716700000, 0x0000000716700000| Complete 
| 208|0x0000000716800000, 0x0000000716900000, 0x0000000716900000|100%| E|CS|TAMS 0x0000000716800000, 0x0000000716800000| Complete 
| 209|0x0000000716900000, 0x0000000716a00000, 0x0000000716a00000|100%| E|CS|TAMS 0x0000000716900000, 0x0000000716900000| Complete 
| 210|0x0000000716a00000, 0x0000000716b00000, 0x0000000716b00000|100%| E|CS|TAMS 0x0000000716a00000, 0x0000000716a00000| Complete 
| 211|0x0000000716b00000, 0x0000000716c00000, 0x0000000716c00000|100%| E|CS|TAMS 0x0000000716b00000, 0x0000000716b00000| Complete 
| 212|0x0000000716c00000, 0x0000000716d00000, 0x0000000716d00000|100%| E|CS|TAMS 0x0000000716c00000, 0x0000000716c00000| Complete 
| 213|0x0000000716d00000, 0x0000000716e00000, 0x0000000716e00000|100%| E|CS|TAMS 0x0000000716d00000, 0x0000000716d00000| Complete 
| 214|0x0000000716e00000, 0x0000000716f00000, 0x0000000716f00000|100%| E|CS|TAMS 0x0000000716e00000, 0x0000000716e00000| Complete 
| 215|0x0000000716f00000, 0x0000000717000000, 0x0000000717000000|100%| E|CS|TAMS 0x0000000716f00000, 0x0000000716f00000| Complete 
| 216|0x0000000717000000, 0x0000000717100000, 0x0000000717100000|100%| E|CS|TAMS 0x0000000717000000, 0x0000000717000000| Complete 
| 217|0x0000000717100000, 0x0000000717200000, 0x0000000717200000|100%| E|CS|TAMS 0x0000000717100000, 0x0000000717100000| Complete 
| 218|0x0000000717200000, 0x0000000717300000, 0x0000000717300000|100%| E|CS|TAMS 0x0000000717200000, 0x0000000717200000| Complete 
| 219|0x0000000717300000, 0x0000000717400000, 0x0000000717400000|100%| E|CS|TAMS 0x0000000717300000, 0x0000000717300000| Complete 
| 220|0x0000000717400000, 0x0000000717500000, 0x0000000717500000|100%| E|CS|TAMS 0x0000000717400000, 0x0000000717400000| Complete 
| 221|0x0000000717500000, 0x0000000717600000, 0x0000000717600000|100%| E|CS|TAMS 0x0000000717500000, 0x0000000717500000| Complete 
| 222|0x0000000717600000, 0x0000000717700000, 0x0000000717700000|100%| S|CS|TAMS 0x0000000717600000, 0x0000000717600000| Complete 
| 223|0x0000000717700000, 0x0000000717800000, 0x0000000717800000|100%| S|CS|TAMS 0x0000000717700000, 0x0000000717700000| Complete 
| 224|0x0000000717800000, 0x0000000717900000, 0x0000000717900000|100%| S|CS|TAMS 0x0000000717800000, 0x0000000717800000| Complete 
| 225|0x0000000717900000, 0x0000000717a00000, 0x0000000717a00000|100%| E|CS|TAMS 0x0000000717900000, 0x0000000717900000| Complete 
| 226|0x0000000717a00000, 0x0000000717b00000, 0x0000000717b00000|100%| E|CS|TAMS 0x0000000717a00000, 0x0000000717a00000| Complete 
| 227|0x0000000717b00000, 0x0000000717c00000, 0x0000000717c00000|100%| E|CS|TAMS 0x0000000717b00000, 0x0000000717b00000| Complete 
| 228|0x0000000717c00000, 0x0000000717d00000, 0x0000000717d00000|100%| E|CS|TAMS 0x0000000717c00000, 0x0000000717c00000| Complete 
| 229|0x0000000717d00000, 0x0000000717e00000, 0x0000000717e00000|100%| E|CS|TAMS 0x0000000717d00000, 0x0000000717d00000| Complete 
| 230|0x0000000717e00000, 0x0000000717f00000, 0x0000000717f00000|100%| E|CS|TAMS 0x0000000717e00000, 0x0000000717e00000| Complete 
| 231|0x0000000717f00000, 0x0000000718000000, 0x0000000718000000|100%| E|CS|TAMS 0x0000000717f00000, 0x0000000717f00000| Complete 
| 232|0x0000000718000000, 0x0000000718100000, 0x0000000718100000|100%| E|CS|TAMS 0x0000000718000000, 0x0000000718000000| Complete 
| 233|0x0000000718100000, 0x0000000718200000, 0x0000000718200000|100%| E|CS|TAMS 0x0000000718100000, 0x0000000718100000| Complete 
| 234|0x0000000718200000, 0x0000000718300000, 0x0000000718300000|100%| E|CS|TAMS 0x0000000718200000, 0x0000000718200000| Complete 
| 235|0x0000000718300000, 0x0000000718400000, 0x0000000718400000|100%| E|CS|TAMS 0x0000000718300000, 0x0000000718300000| Complete 
| 236|0x0000000718400000, 0x0000000718500000, 0x0000000718500000|100%| E|CS|TAMS 0x0000000718400000, 0x0000000718400000| Complete 
| 237|0x0000000718500000, 0x0000000718600000, 0x0000000718600000|100%| E|CS|TAMS 0x0000000718500000, 0x0000000718500000| Complete 
| 238|0x0000000718600000, 0x0000000718700000, 0x0000000718700000|100%| E|CS|TAMS 0x0000000718600000, 0x0000000718600000| Complete 
| 239|0x0000000718700000, 0x0000000718800000, 0x0000000718800000|100%| E|CS|TAMS 0x0000000718700000, 0x0000000718700000| Complete 
| 240|0x0000000718800000, 0x0000000718900000, 0x0000000718900000|100%| E|CS|TAMS 0x0000000718800000, 0x0000000718800000| Complete 
| 241|0x0000000718900000, 0x0000000718a00000, 0x0000000718a00000|100%| E|CS|TAMS 0x0000000718900000, 0x0000000718900000| Complete 
| 242|0x0000000718a00000, 0x0000000718b00000, 0x0000000718b00000|100%| E|CS|TAMS 0x0000000718a00000, 0x0000000718a00000| Complete 
| 243|0x0000000718b00000, 0x0000000718c00000, 0x0000000718c00000|100%| E|CS|TAMS 0x0000000718b00000, 0x0000000718b00000| Complete 
| 244|0x0000000718c00000, 0x0000000718d00000, 0x0000000718d00000|100%| E|CS|TAMS 0x0000000718c00000, 0x0000000718c00000| Complete 
| 245|0x0000000718d00000, 0x0000000718e00000, 0x0000000718e00000|100%| E|CS|TAMS 0x0000000718d00000, 0x0000000718d00000| Complete 
| 246|0x0000000718e00000, 0x0000000718f00000, 0x0000000718f00000|100%| E|CS|TAMS 0x0000000718e00000, 0x0000000718e00000| Complete 
| 247|0x0000000718f00000, 0x0000000719000000, 0x0000000719000000|100%| E|CS|TAMS 0x0000000718f00000, 0x0000000718f00000| Complete 

Card table byte_map: [0x000001ffd83c0000,0x000001ffd8b80000] _byte_map_base: 0x000001ffd4b74000

Marking Bits (Prev, Next): (CMBitMap*) 0x000001ffc48c4118, (CMBitMap*) 0x000001ffc48c4150
 Prev Bits: [0x000001ffd9340000, 0x000001ffdd0e0000)
 Next Bits: [0x000001ffdd0e0000, 0x000001ffe0e80000)

Polling page: 0x000001ffc2850000

Metaspace:

Usage:
  Non-class:     39.99 MB capacity,    39.73 MB (>99%) used,   201.16 KB ( <1%) free+waste,    67.19 KB ( <1%) overhead. 
      Class:      5.45 MB capacity,     5.23 MB ( 96%) used,   186.93 KB (  3%) free+waste,    29.31 KB ( <1%) overhead. 
       Both:     45.43 MB capacity,    44.96 MB ( 99%) used,   388.09 KB ( <1%) free+waste,    96.50 KB ( <1%) overhead. 

Virtual space:
  Non-class space:       40.00 MB reserved,      40.00 MB (100%) committed 
      Class space:        1.00 GB reserved,       5.57 MB ( <1%) committed 
             Both:        1.04 GB reserved,      45.57 MB (  4%) committed 

Chunk freelists:
   Non-Class:  13.00 KB
       Class:  24.00 KB
        Both:  37.00 KB

MaxMetaspaceSize: 17179869184.00 GB
CompressedClassSpaceSize: 1.00 GB
Initial GC threshold: 20.80 MB
Current GC threshold: 58.88 MB
CDS: off

CodeHeap 'non-profiled nmethods': size=119168Kb used=1340Kb max_used=1340Kb free=117827Kb
 bounds [0x000001ffcff20000, 0x000001ffd0190000, 0x000001ffd7380000]
CodeHeap 'profiled nmethods': size=119168Kb used=8250Kb max_used=8250Kb free=110917Kb
 bounds [0x000001ffc8ac0000, 0x000001ffc92d0000, 0x000001ffcff20000]
CodeHeap 'non-nmethods': size=7424Kb used=2967Kb max_used=2990Kb free=4456Kb
 bounds [0x000001ffc8380000, 0x000001ffc8670000, 0x000001ffc8ac0000]
 total_blobs=4191 nmethods=3630 adapters=469
 compilation: enabled
              stopped_count=0, restarted_count=0
 full_count=0

Compilation events (20 events):
Event: 1.997 Thread 0x000001ffe4eb1800 3624       3       org.jetbrains.kotlin.storage.LockBasedStorageManager$LockBasedNotNullLazyValue::<init> (23 bytes)
Event: 1.997 Thread 0x000001ffe4eb1800 nmethod 3624 0x000001ffc92c7610 code [0x000001ffc92c77e0, 0x000001ffc92c7a08]
Event: 1.997 Thread 0x000001ffe4850800 nmethod 3621 0x000001ffc92c7b10 code [0x000001ffc92c7dc0, 0x000001ffc92c8cd8]
Event: 1.998 Thread 0x000001ffe48e9800 3625       3       org.jetbrains.kotlin.com.intellij.extapi.psi.StubBasedPsiElementBase::getStub (14 bytes)
Event: 1.998 Thread 0x000001ffe48e9800 nmethod 3625 0x000001ffc92c9190 code [0x000001ffc92c9380, 0x000001ffc92c9838]
Event: 1.998 Thread 0x000001ffe4eb9000 3626       3       org.jetbrains.kotlin.com.intellij.psi.impl.source.tree.LeafPsiElement::getPsi (2 bytes)
Event: 1.998 Thread 0x000001ffe4eb9000 nmethod 3626 0x000001ffc92c9990 code [0x000001ffc92c9b40, 0x000001ffc92c9c38]
Event: 1.998 Thread 0x000001ffe4eb1800 3627       1       org.jetbrains.kotlin.com.intellij.openapi.vfs.local.CoreLocalVirtualFile::isValid (2 bytes)
Event: 1.998 Thread 0x000001ffe4eb1800 nmethod 3627 0x000001ffd006ec90 code [0x000001ffd006ee40, 0x000001ffd006eef8]
Event: 1.998 Thread 0x000001ffe4850800 3628       3       org.jetbrains.kotlin.com.intellij.psi.impl.source.tree.SharedImplUtil::getNextSibling (18 bytes)
Event: 1.998 Thread 0x000001ffe4850800 nmethod 3628 0x000001ffc92c9d10 code [0x000001ffc92c9f00, 0x000001ffc92ca318]
Event: 1.998 Thread 0x000001ffe48e9800 3629       3       java.lang.StringLatin1::compareToCI (108 bytes)
Event: 1.999 Thread 0x000001ffe4eb9000 3630       3       org.jetbrains.kotlin.com.intellij.psi.impl.source.tree.CompositeElement::findChildByType (52 bytes)
Event: 1.999 Thread 0x000001ffe48e9800 nmethod 3629 0x000001ffc92ca490 code [0x000001ffc92ca700, 0x000001ffc92cafb8]
Event: 1.999 Thread 0x000001ffe4eb1800 3632       3       org.jetbrains.kotlin.psi.psiUtil.PsiUtilsKt$siblings$1$iterator$1::next (55 bytes)
Event: 1.999 Thread 0x000001ffe4eb9000 nmethod 3630 0x000001ffc92cb410 code [0x000001ffc92cb620, 0x000001ffc92cbc48]
Event: 1.999 Thread 0x000001ffe4eb1800 nmethod 3632 0x000001ffc92cbe10 code [0x000001ffc92cc000, 0x000001ffc92cc5a8]
Event: 2.008 Thread 0x000001ffe4850800 3633  s!   2       jdk.internal.loader.URLClassPath::getLoader (194 bytes)
Event: 2.009 Thread 0x000001ffe4850800 nmethod 3633 0x000001ffc92cc790 code [0x000001ffc92cca20, 0x000001ffc92cd5f8]
Event: 2.015 Thread 0x000001ffe48e9800 3634       3       jdk.internal.reflect.ClassFileAssembler::incStack (11 bytes)

GC Heap History (10 events):
Event: 0.373 GC heap before
{Heap before GC invocations=0 (full 0):
 garbage-first heap   total 253952K, used 28672K [0x0000000709800000, 0x0000000800000000)
  region size 1024K, 24 young (24576K), 0 survivors (0K)
 Metaspace       used 11596K, capacity 11730K, committed 11904K, reserved 1060864K
  class space    used 1047K, capacity 1077K, committed 1152K, reserved 1048576K
}
Event: 0.374 GC heap after
{Heap after GC invocations=1 (full 0):
 garbage-first heap   total 253952K, used 6713K [0x0000000709800000, 0x0000000800000000)
  region size 1024K, 3 young (3072K), 3 survivors (3072K)
 Metaspace       used 11596K, capacity 11730K, committed 11904K, reserved 1060864K
  class space    used 1047K, capacity 1077K, committed 1152K, reserved 1048576K
}
Event: 0.826 GC heap before
{Heap before GC invocations=1 (full 0):
 garbage-first heap   total 253952K, used 46649K [0x0000000709800000, 0x0000000800000000)
  region size 1024K, 43 young (44032K), 3 survivors (3072K)
 Metaspace       used 21002K, capacity 21153K, committed 21248K, reserved 1069056K
  class space    used 2198K, capacity 2270K, committed 2304K, reserved 1048576K
}
Event: 0.833 GC heap after
{Heap after GC invocations=2 (full 0):
 garbage-first heap   total 253952K, used 10565K [0x0000000709800000, 0x0000000800000000)
  region size 1024K, 7 young (7168K), 7 survivors (7168K)
 Metaspace       used 21002K, capacity 21153K, committed 21248K, reserved 1069056K
  class space    used 2198K, capacity 2270K, committed 2304K, reserved 1048576K
}
Event: 1.448 GC heap before
{Heap before GC invocations=3 (full 0):
 garbage-first heap   total 253952K, used 72005K [0x0000000709800000, 0x0000000800000000)
  region size 1024K, 61 young (62464K), 7 survivors (7168K)
 Metaspace       used 34123K, capacity 34532K, committed 34560K, reserved 1079296K
  class space    used 4175K, capacity 4337K, committed 4352K, reserved 1048576K
}
Event: 1.456 GC heap after
{Heap after GC invocations=4 (full 0):
 garbage-first heap   total 253952K, used 23035K [0x0000000709800000, 0x0000000800000000)
  region size 1024K, 8 young (8192K), 8 survivors (8192K)
 Metaspace       used 34123K, capacity 34532K, committed 34560K, reserved 1079296K
  class space    used 4175K, capacity 4337K, committed 4352K, reserved 1048576K
}
Event: 1.517 GC heap before
{Heap before GC invocations=4 (full 0):
 garbage-first heap   total 253952K, used 28155K [0x0000000709800000, 0x0000000800000000)
  region size 1024K, 14 young (14336K), 8 survivors (8192K)
 Metaspace       used 35469K, capacity 35812K, committed 35840K, reserved 1081344K
  class space    used 4310K, capacity 4465K, committed 4480K, reserved 1048576K
}
Event: 1.522 GC heap after
{Heap after GC invocations=5 (full 0):
 garbage-first heap   total 253952K, used 24618K [0x0000000709800000, 0x0000000800000000)
  region size 1024K, 10 young (10240K), 10 survivors (10240K)
 Metaspace       used 35469K, capacity 35812K, committed 35840K, reserved 1081344K
  class space    used 4310K, capacity 4465K, committed 4480K, reserved 1048576K
}
Event: 1.627 GC heap before
{Heap before GC invocations=6 (full 0):
 garbage-first heap   total 253952K, used 37930K [0x0000000709800000, 0x0000000800000000)
  region size 1024K, 23 young (23552K), 10 survivors (10240K)
 Metaspace       used 37527K, capacity 37921K, committed 38092K, reserved 1083392K
  class space    used 4526K, capacity 4698K, committed 4812K, reserved 1048576K
}
Event: 1.632 GC heap after
{Heap after GC invocations=7 (full 0):
 garbage-first heap   total 253952K, used 23827K [0x0000000709800000, 0x0000000800000000)
  region size 1024K, 3 young (3072K), 3 survivors (3072K)
 Metaspace       used 37527K, capacity 37921K, committed 38092K, reserved 1083392K
  class space    used 4526K, capacity 4698K, committed 4812K, reserved 1048576K
}

Deoptimization events (20 events):
Event: 1.874 Thread 0x000001ffc4861000 Uncommon trap: trap_request=0xffffff4d fr.pc=0x000001ffd0051804 relative=0x0000000000000624
Event: 1.874 Thread 0x000001ffc4861000 Uncommon trap: reason=unstable_if action=reinterpret pc=0x000001ffd0051804 method=java.lang.String.lastIndexOf(II)I @ 4 c2
Event: 1.874 Thread 0x000001ffc4861000 DEOPT PACKING pc=0x000001ffd0051804 sp=0x00000026bcbf57e0
Event: 1.874 Thread 0x000001ffc4861000 DEOPT UNPACKING pc=0x000001ffc83ca1af sp=0x00000026bcbf56d0 mode 2
Event: 1.958 Thread 0x000001ffc4861000 Uncommon trap: trap_request=0xffffffde fr.pc=0x000001ffd006752c relative=0x000000000000016c
Event: 1.958 Thread 0x000001ffc4861000 Uncommon trap: reason=class_check action=maybe_recompile pc=0x000001ffd006752c method=org.jetbrains.kotlin.com.intellij.util.text.ImmutableText.charAt(I)C @ 46 c2
Event: 1.958 Thread 0x000001ffc4861000 DEOPT PACKING pc=0x000001ffd006752c sp=0x00000026bcbfc3a0
Event: 1.958 Thread 0x000001ffc4861000 DEOPT UNPACKING pc=0x000001ffc83ca1af sp=0x00000026bcbfc350 mode 2
Event: 1.958 Thread 0x000001ffc4861000 Uncommon trap: trap_request=0xffffffde fr.pc=0x000001ffd006752c relative=0x000000000000016c
Event: 1.958 Thread 0x000001ffc4861000 Uncommon trap: reason=class_check action=maybe_recompile pc=0x000001ffd006752c method=org.jetbrains.kotlin.com.intellij.util.text.ImmutableText.charAt(I)C @ 46 c2
Event: 1.958 Thread 0x000001ffc4861000 DEOPT PACKING pc=0x000001ffd006752c sp=0x00000026bcbfc3a0
Event: 1.958 Thread 0x000001ffc4861000 DEOPT UNPACKING pc=0x000001ffc83ca1af sp=0x00000026bcbfc350 mode 2
Event: 1.958 Thread 0x000001ffc4861000 Uncommon trap: trap_request=0xffffffde fr.pc=0x000001ffd006752c relative=0x000000000000016c
Event: 1.958 Thread 0x000001ffc4861000 Uncommon trap: reason=class_check action=maybe_recompile pc=0x000001ffd006752c method=org.jetbrains.kotlin.com.intellij.util.text.ImmutableText.charAt(I)C @ 46 c2
Event: 1.958 Thread 0x000001ffc4861000 DEOPT PACKING pc=0x000001ffd006752c sp=0x00000026bcbfc3a0
Event: 1.958 Thread 0x000001ffc4861000 DEOPT UNPACKING pc=0x000001ffc83ca1af sp=0x00000026bcbfc350 mode 2
Event: 1.958 Thread 0x000001ffc4861000 Uncommon trap: trap_request=0xffffffde fr.pc=0x000001ffd006752c relative=0x000000000000016c
Event: 1.958 Thread 0x000001ffc4861000 Uncommon trap: reason=class_check action=maybe_recompile pc=0x000001ffd006752c method=org.jetbrains.kotlin.com.intellij.util.text.ImmutableText.charAt(I)C @ 46 c2
Event: 1.958 Thread 0x000001ffc4861000 DEOPT PACKING pc=0x000001ffd006752c sp=0x00000026bcbfc3a0
Event: 1.958 Thread 0x000001ffc4861000 DEOPT UNPACKING pc=0x000001ffc83ca1af sp=0x00000026bcbfc350 mode 2

Classes redefined (0 events):
No events

Internal exceptions (20 events):
Event: 0.818 Thread 0x000001ffc4861000 Exception <a 'java/lang/NoSuchMethodError'{0x00000007166a0200}: 'long java.lang.invoke.DirectMethodHandle$Holder.invokeStatic(java.lang.Object)'> (0x00000007166a0200) thrown at [src/hotspot/share/interpreter/linkResolver.cpp, line 773]
Event: 0.818 Thread 0x000001ffc4861000 Exception <a 'java/lang/NoSuchMethodError'{0x00000007166a3058}: 'long java.lang.invoke.DirectMethodHandle$Holder.invokeStaticInit(java.lang.Object)'> (0x00000007166a3058) thrown at [src/hotspot/share/interpreter/linkResolver.cpp, line 773]
Event: 0.842 Thread 0x000001ffc4861000 Exception <a 'java/lang/NoSuchMethodError'{0x0000000718f7dfa8}: 'int java.lang.invoke.DirectMethodHandle$Holder.invokeSpecialIFC(java.lang.Object, java.lang.Object, int)'> (0x0000000718f7dfa8) thrown at [src/hotspot/share/interpreter/linkResolver.cpp, line 773]
Event: 0.865 Thread 0x000001ffc4861000 Exception <a 'java/lang/NoSuchMethodError'{0x0000000718c5c678}: 'int java.lang.invoke.DirectMethodHandle$Holder.invokeStaticInit(java.lang.Object, java.lang.Object, java.lang.Object)'> (0x0000000718c5c678) thrown at [src/hotspot/share/interpreter/linkResolver.cpp, line 773]
Event: 0.868 Thread 0x000001ffc4861000 Exception <a 'java/lang/NoSuchMethodError'{0x0000000718b07b80}: 'int java.lang.invoke.DirectMethodHandle$Holder.invokeStaticInit(java.lang.Object, java.lang.Object)'> (0x0000000718b07b80) thrown at [src/hotspot/share/interpreter/linkResolver.cpp, line 773]
Event: 0.896 Thread 0x000001ffc4861000 Exception <a 'java/lang/NoSuchMethodError'{0x000000071891c4d0}: 'void java.lang.invoke.DirectMethodHandle$Holder.invokeSpecial(java.lang.Object, java.lang.Object)'> (0x000000071891c4d0) thrown at [src/hotspot/share/interpreter/linkResolver.cpp, line 773]
Event: 1.009 Thread 0x000001ffc4861000 Exception <a 'java/lang/NoSuchMethodError'{0x000000071804aac0}: 'java.lang.Object java.lang.invoke.DirectMethodHandle$Holder.invokeStatic(java.lang.Object, java.lang.Object, java.lang.Object, java.lang.Object, java.lang.Object, java.lang.Object, java.lang.Object, java.lang.Object, java.lang.Object, java.lang.Object, java.lang.Object, java.lang.Object, java.lang.Object, java.lang.Object, java.lang.Object)'> (0x000000071804aac0) thrown at [src/hotspot/share/interpreter/linkResolver.cpp, line 773]
Event: 1.010 Thread 0x000001ffc4861000 Exception <a 'java/lang/NoSuchMethodError'{0x0000000718058ac8}: 'java.lang.Object java.lang.invoke.DirectMethodHandle$Holder.invokeStatic(java.lang.Object, java.lang.Object, java.lang.Object, java.lang.Object, java.lang.Object, java.lang.Object, java.lang.Object, java.lang.Object, java.lang.Object, java.lang.Object, java.lang.Object, java.lang.Object, java.lang.Object, java.lang.Object, java.lang.Object, java.lang.Object)'> (0x0000000718058ac8) thrown at [src/hotspot/share/interpreter/linkResolver.cpp, lin
Event: 1.011 Thread 0x000001ffc4861000 Exception <a 'java/lang/NoSuchMethodError'{0x00000007180669e0}: 'java.lang.Object java.lang.invoke.DirectMethodHandle$Holder.invokeSpecial(java.lang.Object, java.lang.Object, int, int, java.lang.Object, java.lang.Object, java.lang.Object)'> (0x00000007180669e0) thrown at [src/hotspot/share/interpreter/linkResolver.cpp, line 773]
Event: 1.011 Thread 0x000001ffc4861000 Exception <a 'java/lang/NoSuchMethodError'{0x000000071806a218}: 'java.lang.Object java.lang.invoke.DelegatingMethodHandle$Holder.reinvoke_L(java.lang.Object, int, int, java.lang.Object, java.lang.Object, java.lang.Object)'> (0x000000071806a218) thrown at [src/hotspot/share/interpreter/linkResolver.cpp, line 773]
Event: 1.011 Thread 0x000001ffc4861000 Exception <a 'java/lang/NoSuchMethodError'{0x000000071806e5a0}: 'java.lang.Object java.lang.invoke.DirectMethodHandle$Holder.invokeStatic(java.lang.Object, java.lang.Object, java.lang.Object, java.lang.Object, int)'> (0x000000071806e5a0) thrown at [src/hotspot/share/interpreter/linkResolver.cpp, line 773]
Event: 1.037 Thread 0x000001ffc4861000 Exception <a 'java/lang/NoSuchMethodError'{0x0000000717f92d90}: 'void java.lang.invoke.DirectMethodHandle$Holder.invokeStatic(java.lang.Object, java.lang.Object, java.lang.Object, java.lang.Object)'> (0x0000000717f92d90) thrown at [src/hotspot/share/interpreter/linkResolver.cpp, line 773]
Event: 1.078 Thread 0x000001ffc4861000 Exception <a 'java/lang/NoSuchMethodError'{0x0000000717b7b8f8}: 'void java.lang.invoke.DirectMethodHandle$Holder.invokeStaticInit(java.lang.Object, java.lang.Object)'> (0x0000000717b7b8f8) thrown at [src/hotspot/share/interpreter/linkResolver.cpp, line 773]
Event: 1.127 Thread 0x000001ffc4861000 Exception <a 'java/lang/NoSuchMethodError'{0x00000007177d9c00}: 'void java.lang.invoke.DirectMethodHandle$Holder.invokeVirtual(java.lang.Object, java.lang.Object)'> (0x00000007177d9c00) thrown at [src/hotspot/share/interpreter/linkResolver.cpp, line 773]
Event: 1.134 Thread 0x000001ffc4861000 Exception <a 'java/lang/NoSuchMethodError'{0x000000071766d930}: 'int java.lang.invoke.DirectMethodHandle$Holder.invokeVirtual(java.lang.Object, java.lang.Object)'> (0x000000071766d930) thrown at [src/hotspot/share/interpreter/linkResolver.cpp, line 773]
Event: 1.539 Thread 0x000001ffc4861000 Exception <a 'java/lang/NoSuchMethodError'{0x0000000718d84a00}: 'java.lang.Object java.lang.invoke.DirectMethodHandle$Holder.invokeVirtual(java.lang.Object, java.lang.Object, java.lang.Object)'> (0x0000000718d84a00) thrown at [src/hotspot/share/interpreter/linkResolver.cpp, line 773]
Event: 1.960 Thread 0x000001ffc4861000 Exception <a 'java/lang/NoSuchMethodError'{0x0000000716b0eed0}: 'java.lang.Object java.lang.invoke.Invokers$Holder.linkToTargetMethod(java.lang.Object, int, java.lang.Object)'> (0x0000000716b0eed0) thrown at [src/hotspot/share/interpreter/linkResolver.cpp, line 773]
Event: 1.989 Thread 0x000001ffc4861000 Exception <a 'java/lang/NoSuchMethodError'{0x0000000716a9da90}: 'java.lang.Object java.lang.invoke.DirectMethodHandle$Holder.invokeStatic(java.lang.Object, java.lang.Object, java.lang.Object, int)'> (0x0000000716a9da90) thrown at [src/hotspot/share/interpreter/linkResolver.cpp, line 773]
Event: 1.990 Thread 0x000001ffc4861000 Exception <a 'java/lang/NoSuchMethodError'{0x0000000716aa1700}: 'java.lang.Object java.lang.invoke.DirectMethodHandle$Holder.invokeSpecial(java.lang.Object, java.lang.Object, java.lang.Object, java.lang.Object, int)'> (0x0000000716aa1700) thrown at [src/hotspot/share/interpreter/linkResolver.cpp, line 773]
Event: 1.990 Thread 0x000001ffc4861000 Exception <a 'java/lang/NoSuchMethodError'{0x0000000716aa4a10}: 'java.lang.Object java.lang.invoke.Invokers$Holder.linkToTargetMethod(java.lang.Object, java.lang.Object, int, java.lang.Object)'> (0x0000000716aa4a10) thrown at [src/hotspot/share/interpreter/linkResolver.cpp, line 773]

Events (20 events):
Event: 2.011 loading class org/jetbrains/kotlin/psi/codeFragmentUtil/CodeFragmentUtilKt
Event: 2.011 loading class org/jetbrains/kotlin/psi/codeFragmentUtil/CodeFragmentUtilKt done
Event: 2.011 loading class org/jetbrains/kotlin/psi/KtCodeFragment
Event: 2.011 loading class org/jetbrains/kotlin/psi/KtCodeFragment done
Event: 2.011 loading class org/jetbrains/kotlin/psi/KtCodeFragmentBase
Event: 2.011 loading class org/jetbrains/kotlin/psi/KtCodeFragmentBase done
Event: 2.011 loading class org/jetbrains/kotlin/com/intellij/psi/JavaCodeFragment
Event: 2.011 loading class org/jetbrains/kotlin/com/intellij/psi/JavaCodeFragment done
Event: 2.011 loading class org/jetbrains/kotlin/com/intellij/psi/PsiCodeFragment
Event: 2.011 loading class org/jetbrains/kotlin/com/intellij/psi/PsiCodeFragment done
Event: 2.013 loading class org/jetbrains/kotlin/psi/KtTypeElement
Event: 2.013 loading class org/jetbrains/kotlin/psi/KtTypeElement done
Event: 2.013 loading class org/jetbrains/kotlin/psi/KtTypeElement
Event: 2.013 loading class org/jetbrains/kotlin/psi/KtTypeElement done
Event: 2.013 loading class org/jetbrains/kotlin/com/intellij/util/ArrayFactory
Event: 2.013 loading class org/jetbrains/kotlin/com/intellij/util/ArrayFactory done
Event: 2.014 loading class org/jetbrains/kotlin/resolve/TypeResolver$resolveTypeElement$suspendModifier$2
Event: 2.014 loading class org/jetbrains/kotlin/resolve/TypeResolver$resolveTypeElement$suspendModifier$2 done
Event: 2.014 loading class org/jetbrains/kotlin/resolve/TypeResolver$resolveTypeElement$1
Event: 2.014 loading class org/jetbrains/kotlin/resolve/TypeResolver$resolveTypeElement$1 done


Dynamic libraries:
0x00007ff619750000 - 0x00007ff61975a000 	D:\AndroidStudio\jbr\bin\java.exe
0x00007ffdaba70000 - 0x00007ffdabc84000 	C:\WINDOWS\SYSTEM32\ntdll.dll
0x00007ffda9eb0000 - 0x00007ffda9f73000 	C:\WINDOWS\System32\KERNEL32.DLL
0x00007ffda9460000 - 0x00007ffda97fc000 	C:\WINDOWS\System32\KERNELBASE.dll
0x00007ffda9340000 - 0x00007ffda9451000 	C:\WINDOWS\System32\ucrtbase.dll
0x00007ffd9c130000 - 0x00007ffd9c147000 	D:\AndroidStudio\jbr\bin\jli.dll
0x00007ffd9c110000 - 0x00007ffd9c12b000 	D:\AndroidStudio\jbr\bin\VCRUNTIME140.dll
0x00007ffdaafa0000 - 0x00007ffdab14d000 	C:\WINDOWS\System32\USER32.dll
0x00007ffda90c0000 - 0x00007ffda90e6000 	C:\WINDOWS\System32\win32u.dll
0x00007ffd96ef0000 - 0x00007ffd9717e000 	C:\WINDOWS\WinSxS\amd64_microsoft.windows.common-controls_6595b64144ccf1df_6.0.22621.608_none_a9444ca7c10bb01d\COMCTL32.dll
0x00007ffdab750000 - 0x00007ffdab779000 	C:\WINDOWS\System32\GDI32.dll
0x00007ffdab2e0000 - 0x00007ffdab387000 	C:\WINDOWS\System32\msvcrt.dll
0x00007ffda9220000 - 0x00007ffda9333000 	C:\WINDOWS\System32\gdi32full.dll
0x00007ffda8eb0000 - 0x00007ffda8f4a000 	C:\WINDOWS\System32\msvcp_win.dll
0x00007ffda9f80000 - 0x00007ffda9fb1000 	C:\WINDOWS\System32\IMM32.DLL
0x00007ffd96570000 - 0x00007ffd9657c000 	D:\AndroidStudio\jbr\bin\vcruntime140_1.dll
0x00007ffd94680000 - 0x00007ffd9470d000 	D:\AndroidStudio\jbr\bin\msvcp140.dll
0x00007ffd3fea0000 - 0x00007ffd40a5c000 	D:\AndroidStudio\jbr\bin\server\jvm.dll
0x00007ffdaa600000 - 0x00007ffdaa6ae000 	C:\WINDOWS\System32\ADVAPI32.dll
0x00007ffdab6a0000 - 0x00007ffdab744000 	C:\WINDOWS\System32\sechost.dll
0x00007ffdaa440000 - 0x00007ffdaa555000 	C:\WINDOWS\System32\RPCRT4.dll
0x00007ffdab5e0000 - 0x00007ffdab5e8000 	C:\WINDOWS\System32\PSAPI.DLL
0x00007ffd90170000 - 0x00007ffd90179000 	C:\WINDOWS\SYSTEM32\WSOCK32.dll
0x00007ffda2360000 - 0x00007ffda2394000 	C:\WINDOWS\SYSTEM32\WINMM.dll
0x00007ffda04d0000 - 0x00007ffda04da000 	C:\WINDOWS\SYSTEM32\VERSION.dll
0x00007ffdab890000 - 0x00007ffdab901000 	C:\WINDOWS\System32\WS2_32.dll
0x00007ffda7f00000 - 0x00007ffda7f18000 	C:\WINDOWS\SYSTEM32\kernel.appcore.dll
0x00007ffd9fec0000 - 0x00007ffd9fed0000 	D:\AndroidStudio\jbr\bin\verify.dll
0x00007ffda02a0000 - 0x00007ffda04ce000 	C:\WINDOWS\SYSTEM32\DBGHELP.DLL
0x00007ffda98a0000 - 0x00007ffda9c29000 	C:\WINDOWS\System32\combase.dll
0x00007ffda9c30000 - 0x00007ffda9d07000 	C:\WINDOWS\System32\OLEAUT32.dll
0x00007ffda0110000 - 0x00007ffda0142000 	C:\WINDOWS\SYSTEM32\dbgcore.DLL
0x00007ffda9800000 - 0x00007ffda987b000 	C:\WINDOWS\System32\bcryptPrimitives.dll
0x00007ffd9baf0000 - 0x00007ffd9bb18000 	D:\AndroidStudio\jbr\bin\java.dll
0x00007ffd9fb60000 - 0x00007ffd9fb6a000 	D:\AndroidStudio\jbr\bin\jimage.dll
0x00007ffd9bad0000 - 0x00007ffd9bae8000 	D:\AndroidStudio\jbr\bin\zip.dll
0x00007ffdaa7b0000 - 0x00007ffdaafa0000 	C:\WINDOWS\System32\SHELL32.dll
0x00007ffda6ec0000 - 0x00007ffda778e000 	C:\WINDOWS\SYSTEM32\windows.storage.dll
0x00007ffda6d80000 - 0x00007ffda6ebe000 	C:\WINDOWS\SYSTEM32\wintypes.dll
0x00007ffdaa6b0000 - 0x00007ffdaa7a1000 	C:\WINDOWS\System32\SHCORE.dll
0x00007ffdab7e0000 - 0x00007ffdab83e000 	C:\WINDOWS\System32\shlwapi.dll
0x00007ffda8de0000 - 0x00007ffda8e01000 	C:\WINDOWS\SYSTEM32\profapi.dll
0x00007ffd9ba40000 - 0x00007ffd9ba59000 	D:\AndroidStudio\jbr\bin\net.dll
0x00007ffda3ce0000 - 0x00007ffda3e0f000 	C:\WINDOWS\SYSTEM32\WINHTTP.dll
0x00007ffda8370000 - 0x00007ffda83d9000 	C:\WINDOWS\system32\mswsock.dll
0x00007ffd9ba20000 - 0x00007ffd9ba33000 	D:\AndroidStudio\jbr\bin\nio.dll

dbghelp: loaded successfully - version: 4.0.5 - missing functions: none
symbol engine: initialized successfully - sym options: 0x614 - pdb path: .;D:\AndroidStudio\jbr\bin;C:\WINDOWS\SYSTEM32;C:\WINDOWS\WinSxS\amd64_microsoft.windows.common-controls_6595b64144ccf1df_6.0.22621.608_none_a9444ca7c10bb01d;D:\AndroidStudio\jbr\bin\server

VM Arguments:
java_command: org.jetbrains.kotlin.cli.jvm.K2JVMCompiler @D:\AndroidDevelopBasic\AndroidMD3Version\app\build\20230325_11426345588565690700.compiler.options
java_class_path (initial): D:\AndroidAVD\.gradle\caches\modules-2\files-2.1\org.jetbrains.kotlin\kotlin-compiler-embeddable\1.8.0\eb9118d4bcceaa2a94b2ae2a33a4ddba7c9a947f\kotlin-compiler-embeddable-1.8.0.jar;D:\AndroidAVD\.gradle\caches\modules-2\files-2.1\org.jetbrains.kotlin\kotlin-stdlib\1.8.0\1796921c7a3e2e2665a83e6c8d33399336cd39bc\kotlin-stdlib-1.8.0.jar;D:\AndroidAVD\.gradle\caches\modules-2\files-2.1\org.jetbrains.kotlin\kotlin-script-runtime\1.8.0\b2f7e760d283cb339974851c222a4c1d48f2d3d\kotlin-script-runtime-1.8.0.jar;D:\AndroidAVD\.gradle\caches\modules-2\files-2.1\org.jetbrains.kotlin\kotlin-reflect\1.6.10\1cbe9c92c12a94eea200d23c2bbaedaf3daf5132\kotlin-reflect-1.6.10.jar;D:\AndroidAVD\.gradle\caches\modules-2\files-2.1\org.jetbrains.kotlin\kotlin-daemon-embeddable\1.8.0\d255216c551685dc3a7e852b53617f5f01aaaa5c\kotlin-daemon-embeddable-1.8.0.jar;D:\AndroidAVD\.gradle\caches\modules-2\files-2.1\org.jetbrains.intellij.deps\trove4j\1.0.20200330\3afb14d5f9ceb459d724e907a21145e8ff394f02\trove4j-1.0.20200330.jar;D:\AndroidAVD\.gradle\caches\modules-2\files-2.1\net.java.dev.jna\jna\5.6.0\330f2244e9030119ab3030fc3fededc86713d9cc\jna-5.6.0.jar;D:\AndroidAVD\.gradle\caches\modules-2\files-2.1\org.jetbrains.kotlin\kotlin-stdlib-common\1.8.0\f7197e7cc76453ac59f8b0f8d5137cc600becd36\kotlin-stdlib-common-1.8.0.jar;D:\AndroidAVD\.gradle\caches\modules-2\files-2.1\org.jetbrains\annotations\13.0\919f0dfe192fb4e063e7dacadee7f8bb9a2672a9\annotations-13.0.jar
Launcher Type: SUN_STANDARD

[Global flags]
     intx CICompilerCount                          = 12                                        {product} {ergonomic}
     uint ConcGCThreads                            = 3                                         {product} {ergonomic}
     uint G1ConcRefinementThreads                  = 13                                        {product} {ergonomic}
   size_t G1HeapRegionSize                         = 1048576                                   {product} {ergonomic}
    uintx GCDrainStackTargetSize                   = 64                                        {product} {ergonomic}
   size_t InitialHeapSize                          = 260046848                                 {product} {ergonomic}
   size_t MarkStackSize                            = 4194304                                   {product} {ergonomic}
   size_t MaxHeapSize                              = 4135583744                                {product} {ergonomic}
   size_t MaxNewSize                               = 2480930816                                {product} {ergonomic}
   size_t MinHeapDeltaBytes                        = 1048576                                   {product} {ergonomic}
    uintx NonNMethodCodeHeapSize                   = 7594288                                {pd product} {ergonomic}
    uintx NonProfiledCodeHeapSize                  = 122031976                              {pd product} {ergonomic}
    uintx ProfiledCodeHeapSize                     = 122031976                              {pd product} {ergonomic}
    uintx ReservedCodeCacheSize                    = 251658240                              {pd product} {ergonomic}
     bool SegmentedCodeCache                       = true                                      {product} {ergonomic}
     bool UseCompressedClassPointers               = true                                 {lp64_product} {ergonomic}
     bool UseCompressedOops                        = true                                 {lp64_product} {ergonomic}
     bool UseG1GC                                  = true                                      {product} {ergonomic}
     bool UseLargePagesIndividualAllocation        = false                                  {pd product} {ergonomic}

Logging:
Log output configuration:
 #0: stdout all=warning uptime,level,tags
 #1: stderr all=off uptime,level,tags

Environment Variables:
JAVA_HOME=D:\compliers\jdk17
CLASSPATH=.;D:\compliers\jdk17\lib\dt.jar;D:\compliers\jdk17\lib\tools.jar;
PATH=C:\Program Files\Common Files\Oracle\Java\javapath;C:\Program Files\NVIDIA GPU Computing Toolkit\CUDA\v11.8\bin;C:\Program Files\NVIDIA GPU Computing Toolkit\CUDA\v11.8\libnvvp;C:\Program Files\Eclipse Adoptium\jdk-17.0.2.8-hotspot\bin;C:\Windows\system32;C:\Windows;C:\Windows\System32\Wbem;C:\Windows\System32\WindowsPowerShell\v1.0\;C:\Windows\System32\OpenSSH\;C:\Program Files (x86)\NVIDIA Corporation\PhysX\Common;C:\Program Files\NVIDIA Corporation\NVIDIA NvDLISR;C:\WINDOWS\system32;C:\WINDOWS;C:\WINDOWS\System32\Wbem;C:\WINDOWS\System32\WindowsPowerShell\v1.0\;C:\WINDOWS\System32\OpenSSH\;D:\MatlabR2021b\runtime\win64;D:\MatlabR2021b\bin;D:\SoftWare\Git\cmd;D:\mongodb6.0\bin;C:\Program Files\NVIDIA Corporation\Nsight Compute 2022.3.0\;D:\compliers\jdk17\bin;D:\compliers\jdk17\jre\bin;D:\compliers\jdk17\bin;C:\Program Files\dotnet\;D:\compliers\python3\Scripts\;D:\compliers\python3\;C:\Users\\AppData\Local\Microsoft\WindowsApps;;D:\Fiddler;D:\Pycharm\PyCharm Community Edition 2022.2.1\bin;;D:\VScode\Microsoft VS Code\bin;D:\IntelliJ\IntelliJ IDEA Community Edition 2022.3.1\bin;;C:\Users\\AppData\Local\Microsoft\WindowsApps
USERNAME=
OS=Windows_NT
PROCESSOR_IDENTIFIER=AMD64 Family 25 Model 80 Stepping 0, AuthenticAMD



---------------  S Y S T E M  ---------------

OS: Windows 11 , 64 bit Build 22621 (10.0.22621.1344)
OS uptime: 0 days 5:36 hours

CPU:total 16 (initial active 16) (16 cores per cpu, 2 threads per core) family 25 model 80 stepping 0 microcode 0x0, cmov, cx8, fxsr, mmx, sse, sse2, sse3, ssse3, sse4.1, sse4.2, popcnt, avx, avx2, aes, clmul, erms, mmxext, 3dnowpref, lzcnt, sse4a, ht, tsc, tscinvbit, tscinv, bmi1, bmi2, adx, sha, fma

Memory: 4k page, system-wide physical 15773M (347M free)
TotalPageFile size 20893M (AvailPageFile size 4M)
current process WorkingSet (physical memory assigned to process): 243M, peak: 244M
current process commit charge ("private bytes"): 450M, peak: 451M

vm_info: OpenJDK 64-Bit Server VM (11.0.15+0-b2043.56-9505619) for windows-amd64 JRE (11.0.15+0-b2043.56-9505619), built on Jan 19 2023 02:48:00 by "builduser" with unknown MS VC++:1929

END.
